[2024-05-26T14:04:05.075+0000] {taskinstance.py:1956} INFO - Dependencies all met for dep_context=non-requeueable deps ti=<TaskInstance: my_very_first_dag.my_very_first_task manual__2024-05-26T14:04:01.596542+00:00 [queued]>
[2024-05-26T14:04:05.111+0000] {taskinstance.py:1956} INFO - Dependencies all met for dep_context=requeueable deps ti=<TaskInstance: my_very_first_dag.my_very_first_task manual__2024-05-26T14:04:01.596542+00:00 [queued]>
[2024-05-26T14:04:05.112+0000] {taskinstance.py:2170} INFO - Starting attempt 1 of 1
[2024-05-26T14:04:05.184+0000] {taskinstance.py:2191} INFO - Executing <Task(PythonOperator): my_very_first_task> on 2024-05-26 14:04:01.596542+00:00
[2024-05-26T14:04:05.204+0000] {standard_task_runner.py:60} INFO - Started process 5922 to run task
[2024-05-26T14:04:05.216+0000] {standard_task_runner.py:87} INFO - Running: ['***', 'tasks', 'run', 'my_very_first_dag', 'my_very_first_task', 'manual__2024-05-26T14:04:01.596542+00:00', '--job-id', '13', '--raw', '--subdir', 'DAGS_FOLDER/my_first_dag.py', '--cfg-path', '/tmp/tmpi9no6ku4']
[2024-05-26T14:04:05.223+0000] {standard_task_runner.py:88} INFO - Job 13: Subtask my_very_first_task
[2024-05-26T14:04:05.275+0000] {warnings.py:109} WARNING - /home/***/.local/lib/python3.8/site-packages/***/settings.py:194: DeprecationWarning: The sql_alchemy_conn option in [core] has been moved to the sql_alchemy_conn option in [database] - the old setting has been used, but please update your config.
  SQL_ALCHEMY_CONN = conf.get("database", "SQL_ALCHEMY_CONN")

[2024-05-26T14:04:05.408+0000] {task_command.py:423} INFO - Running <TaskInstance: my_very_first_dag.my_very_first_task manual__2024-05-26T14:04:01.596542+00:00 [running]> on host ac6c883b25f7
[2024-05-26T14:04:05.728+0000] {taskinstance.py:2480} INFO - Exporting env vars: AIRFLOW_CTX_DAG_OWNER='***' AIRFLOW_CTX_DAG_ID='my_very_first_dag' AIRFLOW_CTX_TASK_ID='my_very_first_task' AIRFLOW_CTX_EXECUTION_DATE='2024-05-26T14:04:01.596542+00:00' AIRFLOW_CTX_TRY_NUMBER='1' AIRFLOW_CTX_DAG_RUN_ID='manual__2024-05-26T14:04:01.596542+00:00'
[2024-05-26T14:04:05.730+0000] {taskinstance.py:2698} ERROR - Task failed with exception
Traceback (most recent call last):
  File "/home/airflow/.local/lib/python3.8/site-packages/airflow/models/taskinstance.py", line 433, in _execute_task
    result = execute_callable(context=context, **execute_callable_kwargs)
  File "/home/airflow/.local/lib/python3.8/site-packages/airflow/operators/python.py", line 199, in execute
    return_value = self.execute_callable()
  File "/home/airflow/.local/lib/python3.8/site-packages/airflow/operators/python.py", line 216, in execute_callable
    return self.python_callable(*self.op_args, **self.op_kwargs)
  File "/opt/airflow/dags/my_first_dag.py", line 19, in print_date_and_hello
    time.sleep(30)
NameError: name 'time' is not defined
[2024-05-26T14:04:05.758+0000] {taskinstance.py:1138} INFO - Marking task as FAILED. dag_id=my_very_first_dag, task_id=my_very_first_task, execution_date=20240526T140401, start_date=20240526T140405, end_date=20240526T140405
[2024-05-26T14:04:05.824+0000] {standard_task_runner.py:107} ERROR - Failed to execute job 13 for task my_very_first_task (name 'time' is not defined; 5922)
[2024-05-26T14:04:05.903+0000] {local_task_job_runner.py:234} INFO - Task exited with return code 1
[2024-05-26T14:04:05.965+0000] {taskinstance.py:3280} INFO - 0 downstream tasks scheduled from follow-on schedule check
