[2024-05-28T19:09:57.301+0000] {processor.py:161} INFO - Started process (PID=18127) to work on /opt/airflow/dags/fork_3.py
[2024-05-28T19:09:57.302+0000] {processor.py:830} INFO - Processing file /opt/airflow/dags/fork_3.py for tasks to queue
[2024-05-28T19:09:57.304+0000] {logging_mixin.py:188} INFO - [2024-05-28T19:09:57.303+0000] {dagbag.py:538} INFO - Filling up the DagBag from /opt/airflow/dags/fork_3.py
[2024-05-28T19:09:57.323+0000] {processor.py:840} INFO - DAG(s) 'fork3_dag' retrieved from /opt/airflow/dags/fork_3.py
[2024-05-28T19:09:57.695+0000] {logging_mixin.py:188} INFO - [2024-05-28T19:09:57.694+0000] {override.py:1769} INFO - Created Permission View: can edit on DAG:fork3_dag
[2024-05-28T19:09:57.736+0000] {logging_mixin.py:188} INFO - [2024-05-28T19:09:57.735+0000] {override.py:1769} INFO - Created Permission View: can delete on DAG:fork3_dag
[2024-05-28T19:09:57.759+0000] {logging_mixin.py:188} INFO - [2024-05-28T19:09:57.758+0000] {override.py:1769} INFO - Created Permission View: can read on DAG:fork3_dag
[2024-05-28T19:09:57.760+0000] {logging_mixin.py:188} INFO - [2024-05-28T19:09:57.759+0000] {dag.py:3036} INFO - Sync 1 DAGs
[2024-05-28T19:09:57.807+0000] {logging_mixin.py:188} INFO - [2024-05-28T19:09:57.806+0000] {dag.py:3058} INFO - Creating ORM DAG for fork3_dag
[2024-05-28T19:09:57.867+0000] {logging_mixin.py:188} INFO - [2024-05-28T19:09:57.867+0000] {dag.py:3823} INFO - Setting next_dagrun for fork3_dag to 2024-05-28 19:09:40+00:00, run_after=2024-05-28 19:09:50+00:00
[2024-05-28T19:09:58.606+0000] {processor.py:183} INFO - Processing /opt/airflow/dags/fork_3.py took 1.319 seconds
[2024-05-28T19:10:29.096+0000] {processor.py:161} INFO - Started process (PID=18203) to work on /opt/airflow/dags/fork_3.py
[2024-05-28T19:10:29.097+0000] {processor.py:830} INFO - Processing file /opt/airflow/dags/fork_3.py for tasks to queue
[2024-05-28T19:10:29.098+0000] {logging_mixin.py:188} INFO - [2024-05-28T19:10:29.098+0000] {dagbag.py:538} INFO - Filling up the DagBag from /opt/airflow/dags/fork_3.py
[2024-05-28T19:10:29.149+0000] {processor.py:840} INFO - DAG(s) 'fork3_dag' retrieved from /opt/airflow/dags/fork_3.py
[2024-05-28T19:10:29.224+0000] {logging_mixin.py:188} INFO - [2024-05-28T19:10:29.223+0000] {dag.py:3036} INFO - Sync 1 DAGs
[2024-05-28T19:10:29.322+0000] {logging_mixin.py:188} INFO - [2024-05-28T19:10:29.322+0000] {dag.py:3823} INFO - Setting next_dagrun for fork3_dag to 2024-05-28 19:10:10+00:00, run_after=2024-05-28 19:10:20+00:00
[2024-05-28T19:10:29.411+0000] {processor.py:183} INFO - Processing /opt/airflow/dags/fork_3.py took 0.327 seconds
[2024-05-28T19:10:59.537+0000] {processor.py:161} INFO - Started process (PID=18269) to work on /opt/airflow/dags/fork_3.py
[2024-05-28T19:10:59.539+0000] {processor.py:830} INFO - Processing file /opt/airflow/dags/fork_3.py for tasks to queue
[2024-05-28T19:10:59.541+0000] {logging_mixin.py:188} INFO - [2024-05-28T19:10:59.541+0000] {dagbag.py:538} INFO - Filling up the DagBag from /opt/airflow/dags/fork_3.py
[2024-05-28T19:10:59.562+0000] {processor.py:840} INFO - DAG(s) 'fork3_dag' retrieved from /opt/airflow/dags/fork_3.py
[2024-05-28T19:10:59.608+0000] {logging_mixin.py:188} INFO - [2024-05-28T19:10:59.608+0000] {dag.py:3036} INFO - Sync 1 DAGs
[2024-05-28T19:10:59.651+0000] {logging_mixin.py:188} INFO - [2024-05-28T19:10:59.650+0000] {dag.py:3823} INFO - Setting next_dagrun for fork3_dag to 2024-05-28 19:10:40+00:00, run_after=2024-05-28 19:10:50+00:00
[2024-05-28T19:10:59.683+0000] {processor.py:183} INFO - Processing /opt/airflow/dags/fork_3.py took 0.151 seconds
[2024-05-28T19:11:29.880+0000] {processor.py:161} INFO - Started process (PID=18344) to work on /opt/airflow/dags/fork_3.py
[2024-05-28T19:11:29.890+0000] {processor.py:830} INFO - Processing file /opt/airflow/dags/fork_3.py for tasks to queue
[2024-05-28T19:11:29.891+0000] {logging_mixin.py:188} INFO - [2024-05-28T19:11:29.891+0000] {dagbag.py:538} INFO - Filling up the DagBag from /opt/airflow/dags/fork_3.py
[2024-05-28T19:11:29.985+0000] {processor.py:840} INFO - DAG(s) 'fork3_dag' retrieved from /opt/airflow/dags/fork_3.py
[2024-05-28T19:11:30.201+0000] {logging_mixin.py:188} INFO - [2024-05-28T19:11:30.201+0000] {dag.py:3036} INFO - Sync 1 DAGs
[2024-05-28T19:11:30.380+0000] {logging_mixin.py:188} INFO - [2024-05-28T19:11:30.379+0000] {dag.py:3823} INFO - Setting next_dagrun for fork3_dag to 2024-05-28 19:11:20+00:00, run_after=2024-05-28 19:11:30+00:00
[2024-05-28T19:11:30.566+0000] {processor.py:183} INFO - Processing /opt/airflow/dags/fork_3.py took 0.702 seconds
[2024-05-28T19:12:01.125+0000] {processor.py:161} INFO - Started process (PID=18409) to work on /opt/airflow/dags/fork_3.py
[2024-05-28T19:12:01.127+0000] {processor.py:830} INFO - Processing file /opt/airflow/dags/fork_3.py for tasks to queue
[2024-05-28T19:12:01.129+0000] {logging_mixin.py:188} INFO - [2024-05-28T19:12:01.129+0000] {dagbag.py:538} INFO - Filling up the DagBag from /opt/airflow/dags/fork_3.py
[2024-05-28T19:12:01.168+0000] {processor.py:840} INFO - DAG(s) 'fork3_dag' retrieved from /opt/airflow/dags/fork_3.py
[2024-05-28T19:12:01.244+0000] {logging_mixin.py:188} INFO - [2024-05-28T19:12:01.243+0000] {dag.py:3036} INFO - Sync 1 DAGs
[2024-05-28T19:12:01.404+0000] {logging_mixin.py:188} INFO - [2024-05-28T19:12:01.404+0000] {dag.py:3823} INFO - Setting next_dagrun for fork3_dag to 2024-05-28 19:12:00+00:00, run_after=2024-05-28 19:12:10+00:00
[2024-05-28T19:12:01.496+0000] {processor.py:183} INFO - Processing /opt/airflow/dags/fork_3.py took 0.397 seconds
[2024-05-28T19:12:31.734+0000] {processor.py:161} INFO - Started process (PID=18481) to work on /opt/airflow/dags/fork_3.py
[2024-05-28T19:12:31.739+0000] {processor.py:830} INFO - Processing file /opt/airflow/dags/fork_3.py for tasks to queue
[2024-05-28T19:12:31.740+0000] {logging_mixin.py:188} INFO - [2024-05-28T19:12:31.740+0000] {dagbag.py:538} INFO - Filling up the DagBag from /opt/airflow/dags/fork_3.py
[2024-05-28T19:12:31.758+0000] {processor.py:840} INFO - DAG(s) 'fork3_dag' retrieved from /opt/airflow/dags/fork_3.py
[2024-05-28T19:12:31.864+0000] {logging_mixin.py:188} INFO - [2024-05-28T19:12:31.864+0000] {dag.py:3036} INFO - Sync 1 DAGs
[2024-05-28T19:12:31.952+0000] {logging_mixin.py:188} INFO - [2024-05-28T19:12:31.952+0000] {dag.py:3823} INFO - Setting next_dagrun for fork3_dag to 2024-05-28 19:12:30+00:00, run_after=2024-05-28 19:12:40+00:00
[2024-05-28T19:12:32.032+0000] {processor.py:183} INFO - Processing /opt/airflow/dags/fork_3.py took 0.307 seconds
[2024-05-28T19:13:02.218+0000] {processor.py:161} INFO - Started process (PID=18554) to work on /opt/airflow/dags/fork_3.py
[2024-05-28T19:13:02.234+0000] {processor.py:830} INFO - Processing file /opt/airflow/dags/fork_3.py for tasks to queue
[2024-05-28T19:13:02.236+0000] {logging_mixin.py:188} INFO - [2024-05-28T19:13:02.235+0000] {dagbag.py:538} INFO - Filling up the DagBag from /opt/airflow/dags/fork_3.py
[2024-05-28T19:13:02.261+0000] {processor.py:840} INFO - DAG(s) 'fork3_dag' retrieved from /opt/airflow/dags/fork_3.py
[2024-05-28T19:13:02.364+0000] {logging_mixin.py:188} INFO - [2024-05-28T19:13:02.364+0000] {dag.py:3036} INFO - Sync 1 DAGs
[2024-05-28T19:13:02.480+0000] {logging_mixin.py:188} INFO - [2024-05-28T19:13:02.480+0000] {dag.py:3823} INFO - Setting next_dagrun for fork3_dag to 2024-05-28 19:13:00+00:00, run_after=2024-05-28 19:13:10+00:00
[2024-05-28T19:13:02.528+0000] {processor.py:183} INFO - Processing /opt/airflow/dags/fork_3.py took 0.327 seconds
[2024-05-28T19:13:33.132+0000] {processor.py:161} INFO - Started process (PID=18620) to work on /opt/airflow/dags/fork_3.py
[2024-05-28T19:13:33.139+0000] {processor.py:830} INFO - Processing file /opt/airflow/dags/fork_3.py for tasks to queue
[2024-05-28T19:13:33.143+0000] {logging_mixin.py:188} INFO - [2024-05-28T19:13:33.142+0000] {dagbag.py:538} INFO - Filling up the DagBag from /opt/airflow/dags/fork_3.py
[2024-05-28T19:13:33.179+0000] {processor.py:840} INFO - DAG(s) 'fork3_dag' retrieved from /opt/airflow/dags/fork_3.py
[2024-05-28T19:13:33.292+0000] {logging_mixin.py:188} INFO - [2024-05-28T19:13:33.291+0000] {dag.py:3036} INFO - Sync 1 DAGs
[2024-05-28T19:13:33.445+0000] {logging_mixin.py:188} INFO - [2024-05-28T19:13:33.445+0000] {dag.py:3823} INFO - Setting next_dagrun for fork3_dag to 2024-05-28 19:13:20+00:00, run_after=2024-05-28 19:13:30+00:00
[2024-05-28T19:13:33.547+0000] {processor.py:183} INFO - Processing /opt/airflow/dags/fork_3.py took 0.425 seconds
[2024-05-28T19:14:03.797+0000] {processor.py:161} INFO - Started process (PID=18694) to work on /opt/airflow/dags/fork_3.py
[2024-05-28T19:14:03.806+0000] {processor.py:830} INFO - Processing file /opt/airflow/dags/fork_3.py for tasks to queue
[2024-05-28T19:14:03.855+0000] {logging_mixin.py:188} INFO - [2024-05-28T19:14:03.832+0000] {dagbag.py:538} INFO - Filling up the DagBag from /opt/airflow/dags/fork_3.py
[2024-05-28T19:14:03.899+0000] {processor.py:840} INFO - DAG(s) 'fork3_dag' retrieved from /opt/airflow/dags/fork_3.py
[2024-05-28T19:14:03.968+0000] {logging_mixin.py:188} INFO - [2024-05-28T19:14:03.968+0000] {dag.py:3036} INFO - Sync 1 DAGs
[2024-05-28T19:14:04.053+0000] {logging_mixin.py:188} INFO - [2024-05-28T19:14:04.052+0000] {dag.py:3823} INFO - Setting next_dagrun for fork3_dag to 2024-05-28 19:13:50+00:00, run_after=2024-05-28 19:14:00+00:00
[2024-05-28T19:14:04.149+0000] {processor.py:183} INFO - Processing /opt/airflow/dags/fork_3.py took 0.378 seconds
[2024-05-28T19:14:34.373+0000] {processor.py:161} INFO - Started process (PID=18764) to work on /opt/airflow/dags/fork_3.py
[2024-05-28T19:14:34.374+0000] {processor.py:830} INFO - Processing file /opt/airflow/dags/fork_3.py for tasks to queue
[2024-05-28T19:14:34.375+0000] {logging_mixin.py:188} INFO - [2024-05-28T19:14:34.375+0000] {dagbag.py:538} INFO - Filling up the DagBag from /opt/airflow/dags/fork_3.py
[2024-05-28T19:14:34.402+0000] {processor.py:840} INFO - DAG(s) 'fork3_dag' retrieved from /opt/airflow/dags/fork_3.py
[2024-05-28T19:14:34.508+0000] {logging_mixin.py:188} INFO - [2024-05-28T19:14:34.507+0000] {dag.py:3036} INFO - Sync 1 DAGs
[2024-05-28T19:14:34.646+0000] {logging_mixin.py:188} INFO - [2024-05-28T19:14:34.646+0000] {dag.py:3823} INFO - Setting next_dagrun for fork3_dag to 2024-05-28 19:14:20+00:00, run_after=2024-05-28 19:14:30+00:00
[2024-05-28T19:14:34.712+0000] {processor.py:183} INFO - Processing /opt/airflow/dags/fork_3.py took 0.353 seconds
[2024-05-28T19:15:04.832+0000] {processor.py:161} INFO - Started process (PID=18839) to work on /opt/airflow/dags/fork_3.py
[2024-05-28T19:15:04.839+0000] {processor.py:830} INFO - Processing file /opt/airflow/dags/fork_3.py for tasks to queue
[2024-05-28T19:15:04.841+0000] {logging_mixin.py:188} INFO - [2024-05-28T19:15:04.840+0000] {dagbag.py:538} INFO - Filling up the DagBag from /opt/airflow/dags/fork_3.py
[2024-05-28T19:15:04.859+0000] {processor.py:840} INFO - DAG(s) 'fork3_dag' retrieved from /opt/airflow/dags/fork_3.py
[2024-05-28T19:15:04.921+0000] {logging_mixin.py:188} INFO - [2024-05-28T19:15:04.921+0000] {dag.py:3036} INFO - Sync 1 DAGs
[2024-05-28T19:15:04.998+0000] {logging_mixin.py:188} INFO - [2024-05-28T19:15:04.997+0000] {dag.py:3823} INFO - Setting next_dagrun for fork3_dag to 2024-05-28 19:14:50+00:00, run_after=2024-05-28 19:15:00+00:00
[2024-05-28T19:15:05.069+0000] {processor.py:183} INFO - Processing /opt/airflow/dags/fork_3.py took 0.242 seconds
[2024-05-28T19:15:35.600+0000] {processor.py:161} INFO - Started process (PID=18913) to work on /opt/airflow/dags/fork_3.py
[2024-05-28T19:15:35.601+0000] {processor.py:830} INFO - Processing file /opt/airflow/dags/fork_3.py for tasks to queue
[2024-05-28T19:15:35.603+0000] {logging_mixin.py:188} INFO - [2024-05-28T19:15:35.602+0000] {dagbag.py:538} INFO - Filling up the DagBag from /opt/airflow/dags/fork_3.py
[2024-05-28T19:15:35.613+0000] {processor.py:840} INFO - DAG(s) 'fork3_dag' retrieved from /opt/airflow/dags/fork_3.py
[2024-05-28T19:15:35.646+0000] {logging_mixin.py:188} INFO - [2024-05-28T19:15:35.646+0000] {dag.py:3036} INFO - Sync 1 DAGs
[2024-05-28T19:15:35.689+0000] {logging_mixin.py:188} INFO - [2024-05-28T19:15:35.689+0000] {dag.py:3823} INFO - Setting next_dagrun for fork3_dag to 2024-05-28 19:15:20+00:00, run_after=2024-05-28 19:15:30+00:00
[2024-05-28T19:15:35.736+0000] {processor.py:183} INFO - Processing /opt/airflow/dags/fork_3.py took 0.141 seconds
[2024-05-28T19:16:06.338+0000] {processor.py:161} INFO - Started process (PID=18988) to work on /opt/airflow/dags/fork_3.py
[2024-05-28T19:16:06.341+0000] {processor.py:830} INFO - Processing file /opt/airflow/dags/fork_3.py for tasks to queue
[2024-05-28T19:16:06.352+0000] {logging_mixin.py:188} INFO - [2024-05-28T19:16:06.351+0000] {dagbag.py:538} INFO - Filling up the DagBag from /opt/airflow/dags/fork_3.py
[2024-05-28T19:16:06.377+0000] {processor.py:840} INFO - DAG(s) 'fork3_dag' retrieved from /opt/airflow/dags/fork_3.py
[2024-05-28T19:16:06.444+0000] {logging_mixin.py:188} INFO - [2024-05-28T19:16:06.444+0000] {dag.py:3036} INFO - Sync 1 DAGs
[2024-05-28T19:16:06.572+0000] {logging_mixin.py:188} INFO - [2024-05-28T19:16:06.571+0000] {dag.py:3823} INFO - Setting next_dagrun for fork3_dag to 2024-05-28 19:15:50+00:00, run_after=2024-05-28 19:16:00+00:00
[2024-05-28T19:16:06.622+0000] {processor.py:183} INFO - Processing /opt/airflow/dags/fork_3.py took 0.300 seconds
[2024-05-28T19:16:36.980+0000] {processor.py:161} INFO - Started process (PID=19063) to work on /opt/airflow/dags/fork_3.py
[2024-05-28T19:16:36.981+0000] {processor.py:830} INFO - Processing file /opt/airflow/dags/fork_3.py for tasks to queue
[2024-05-28T19:16:36.983+0000] {logging_mixin.py:188} INFO - [2024-05-28T19:16:36.982+0000] {dagbag.py:538} INFO - Filling up the DagBag from /opt/airflow/dags/fork_3.py
[2024-05-28T19:16:37.002+0000] {processor.py:840} INFO - DAG(s) 'fork3_dag' retrieved from /opt/airflow/dags/fork_3.py
[2024-05-28T19:16:37.072+0000] {logging_mixin.py:188} INFO - [2024-05-28T19:16:37.072+0000] {dag.py:3036} INFO - Sync 1 DAGs
[2024-05-28T19:16:37.153+0000] {logging_mixin.py:188} INFO - [2024-05-28T19:16:37.153+0000] {dag.py:3823} INFO - Setting next_dagrun for fork3_dag to 2024-05-28 19:16:20+00:00, run_after=2024-05-28 19:16:30+00:00
[2024-05-28T19:16:37.219+0000] {processor.py:183} INFO - Processing /opt/airflow/dags/fork_3.py took 0.248 seconds
[2024-05-28T19:17:07.417+0000] {processor.py:161} INFO - Started process (PID=19137) to work on /opt/airflow/dags/fork_3.py
[2024-05-28T19:17:07.419+0000] {processor.py:830} INFO - Processing file /opt/airflow/dags/fork_3.py for tasks to queue
[2024-05-28T19:17:07.421+0000] {logging_mixin.py:188} INFO - [2024-05-28T19:17:07.420+0000] {dagbag.py:538} INFO - Filling up the DagBag from /opt/airflow/dags/fork_3.py
[2024-05-28T19:17:07.431+0000] {processor.py:840} INFO - DAG(s) 'fork3_dag' retrieved from /opt/airflow/dags/fork_3.py
[2024-05-28T19:17:07.463+0000] {logging_mixin.py:188} INFO - [2024-05-28T19:17:07.463+0000] {dag.py:3036} INFO - Sync 1 DAGs
[2024-05-28T19:17:07.507+0000] {logging_mixin.py:188} INFO - [2024-05-28T19:17:07.507+0000] {dag.py:3823} INFO - Setting next_dagrun for fork3_dag to 2024-05-28 19:16:50+00:00, run_after=2024-05-28 19:17:00+00:00
[2024-05-28T19:17:07.539+0000] {processor.py:183} INFO - Processing /opt/airflow/dags/fork_3.py took 0.127 seconds
[2024-05-28T19:17:37.987+0000] {processor.py:161} INFO - Started process (PID=19211) to work on /opt/airflow/dags/fork_3.py
[2024-05-28T19:17:37.989+0000] {processor.py:830} INFO - Processing file /opt/airflow/dags/fork_3.py for tasks to queue
[2024-05-28T19:17:37.990+0000] {logging_mixin.py:188} INFO - [2024-05-28T19:17:37.990+0000] {dagbag.py:538} INFO - Filling up the DagBag from /opt/airflow/dags/fork_3.py
[2024-05-28T19:17:38.013+0000] {processor.py:840} INFO - DAG(s) 'fork3_dag' retrieved from /opt/airflow/dags/fork_3.py
[2024-05-28T19:17:38.059+0000] {logging_mixin.py:188} INFO - [2024-05-28T19:17:38.059+0000] {dag.py:3036} INFO - Sync 1 DAGs
[2024-05-28T19:17:38.106+0000] {logging_mixin.py:188} INFO - [2024-05-28T19:17:38.105+0000] {dag.py:3823} INFO - Setting next_dagrun for fork3_dag to 2024-05-28 19:17:20+00:00, run_after=2024-05-28 19:17:30+00:00
[2024-05-28T19:17:38.153+0000] {processor.py:183} INFO - Processing /opt/airflow/dags/fork_3.py took 0.178 seconds
[2024-05-28T19:18:08.706+0000] {processor.py:161} INFO - Started process (PID=19285) to work on /opt/airflow/dags/fork_3.py
[2024-05-28T19:18:08.716+0000] {processor.py:830} INFO - Processing file /opt/airflow/dags/fork_3.py for tasks to queue
[2024-05-28T19:18:08.720+0000] {logging_mixin.py:188} INFO - [2024-05-28T19:18:08.720+0000] {dagbag.py:538} INFO - Filling up the DagBag from /opt/airflow/dags/fork_3.py
[2024-05-28T19:18:08.759+0000] {processor.py:840} INFO - DAG(s) 'fork3_dag' retrieved from /opt/airflow/dags/fork_3.py
[2024-05-28T19:18:08.838+0000] {logging_mixin.py:188} INFO - [2024-05-28T19:18:08.837+0000] {dag.py:3036} INFO - Sync 1 DAGs
[2024-05-28T19:18:08.916+0000] {logging_mixin.py:188} INFO - [2024-05-28T19:18:08.915+0000] {dag.py:3823} INFO - Setting next_dagrun for fork3_dag to 2024-05-28 19:17:50+00:00, run_after=2024-05-28 19:18:00+00:00
[2024-05-28T19:18:08.958+0000] {processor.py:183} INFO - Processing /opt/airflow/dags/fork_3.py took 0.268 seconds
[2024-05-28T19:18:38.993+0000] {processor.py:161} INFO - Started process (PID=19350) to work on /opt/airflow/dags/fork_3.py
[2024-05-28T19:18:38.994+0000] {processor.py:830} INFO - Processing file /opt/airflow/dags/fork_3.py for tasks to queue
[2024-05-28T19:18:38.996+0000] {logging_mixin.py:188} INFO - [2024-05-28T19:18:38.996+0000] {dagbag.py:538} INFO - Filling up the DagBag from /opt/airflow/dags/fork_3.py
[2024-05-28T19:18:39.007+0000] {processor.py:840} INFO - DAG(s) 'fork3_dag' retrieved from /opt/airflow/dags/fork_3.py
[2024-05-28T19:18:39.052+0000] {logging_mixin.py:188} INFO - [2024-05-28T19:18:39.052+0000] {dag.py:3036} INFO - Sync 1 DAGs
[2024-05-28T19:18:39.104+0000] {logging_mixin.py:188} INFO - [2024-05-28T19:18:39.103+0000] {dag.py:3823} INFO - Setting next_dagrun for fork3_dag to 2024-05-28 19:18:20+00:00, run_after=2024-05-28 19:18:30+00:00
[2024-05-28T19:18:39.143+0000] {processor.py:183} INFO - Processing /opt/airflow/dags/fork_3.py took 0.155 seconds
[2024-05-28T19:19:09.816+0000] {processor.py:161} INFO - Started process (PID=19423) to work on /opt/airflow/dags/fork_3.py
[2024-05-28T19:19:09.818+0000] {processor.py:830} INFO - Processing file /opt/airflow/dags/fork_3.py for tasks to queue
[2024-05-28T19:19:09.820+0000] {logging_mixin.py:188} INFO - [2024-05-28T19:19:09.820+0000] {dagbag.py:538} INFO - Filling up the DagBag from /opt/airflow/dags/fork_3.py
[2024-05-28T19:19:09.835+0000] {processor.py:840} INFO - DAG(s) 'fork3_dag' retrieved from /opt/airflow/dags/fork_3.py
[2024-05-28T19:19:09.871+0000] {logging_mixin.py:188} INFO - [2024-05-28T19:19:09.870+0000] {dag.py:3036} INFO - Sync 1 DAGs
[2024-05-28T19:19:10.117+0000] {logging_mixin.py:188} INFO - [2024-05-28T19:19:10.116+0000] {dag.py:3823} INFO - Setting next_dagrun for fork3_dag to 2024-05-28 19:19:00+00:00, run_after=2024-05-28 19:19:10+00:00
[2024-05-28T19:19:10.155+0000] {processor.py:183} INFO - Processing /opt/airflow/dags/fork_3.py took 0.344 seconds
[2024-05-28T19:19:40.774+0000] {processor.py:161} INFO - Started process (PID=19497) to work on /opt/airflow/dags/fork_3.py
[2024-05-28T19:19:40.775+0000] {processor.py:830} INFO - Processing file /opt/airflow/dags/fork_3.py for tasks to queue
[2024-05-28T19:19:40.777+0000] {logging_mixin.py:188} INFO - [2024-05-28T19:19:40.777+0000] {dagbag.py:538} INFO - Filling up the DagBag from /opt/airflow/dags/fork_3.py
[2024-05-28T19:19:40.790+0000] {processor.py:840} INFO - DAG(s) 'fork3_dag' retrieved from /opt/airflow/dags/fork_3.py
[2024-05-28T19:19:40.836+0000] {logging_mixin.py:188} INFO - [2024-05-28T19:19:40.835+0000] {dag.py:3036} INFO - Sync 1 DAGs
[2024-05-28T19:19:41.102+0000] {logging_mixin.py:188} INFO - [2024-05-28T19:19:41.102+0000] {dag.py:3823} INFO - Setting next_dagrun for fork3_dag to 2024-05-28 19:19:30+00:00, run_after=2024-05-28 19:19:40+00:00
[2024-05-28T19:19:41.138+0000] {processor.py:183} INFO - Processing /opt/airflow/dags/fork_3.py took 0.372 seconds
[2024-05-28T19:20:11.514+0000] {processor.py:161} INFO - Started process (PID=19571) to work on /opt/airflow/dags/fork_3.py
[2024-05-28T19:20:11.519+0000] {processor.py:830} INFO - Processing file /opt/airflow/dags/fork_3.py for tasks to queue
[2024-05-28T19:20:11.522+0000] {logging_mixin.py:188} INFO - [2024-05-28T19:20:11.521+0000] {dagbag.py:538} INFO - Filling up the DagBag from /opt/airflow/dags/fork_3.py
[2024-05-28T19:20:11.551+0000] {processor.py:840} INFO - DAG(s) 'fork3_dag' retrieved from /opt/airflow/dags/fork_3.py
[2024-05-28T19:20:11.604+0000] {logging_mixin.py:188} INFO - [2024-05-28T19:20:11.603+0000] {dag.py:3036} INFO - Sync 1 DAGs
[2024-05-28T19:20:11.695+0000] {logging_mixin.py:188} INFO - [2024-05-28T19:20:11.694+0000] {dag.py:3823} INFO - Setting next_dagrun for fork3_dag to 2024-05-28 19:20:00+00:00, run_after=2024-05-28 19:20:10+00:00
[2024-05-28T19:20:11.757+0000] {processor.py:183} INFO - Processing /opt/airflow/dags/fork_3.py took 0.254 seconds
[2024-05-28T19:20:42.398+0000] {processor.py:161} INFO - Started process (PID=19644) to work on /opt/airflow/dags/fork_3.py
[2024-05-28T19:20:42.411+0000] {processor.py:830} INFO - Processing file /opt/airflow/dags/fork_3.py for tasks to queue
[2024-05-28T19:20:42.413+0000] {logging_mixin.py:188} INFO - [2024-05-28T19:20:42.412+0000] {dagbag.py:538} INFO - Filling up the DagBag from /opt/airflow/dags/fork_3.py
[2024-05-28T19:20:42.435+0000] {processor.py:840} INFO - DAG(s) 'fork3_dag' retrieved from /opt/airflow/dags/fork_3.py
[2024-05-28T19:20:42.541+0000] {logging_mixin.py:188} INFO - [2024-05-28T19:20:42.541+0000] {dag.py:3036} INFO - Sync 1 DAGs
[2024-05-28T19:20:42.672+0000] {logging_mixin.py:188} INFO - [2024-05-28T19:20:42.672+0000] {dag.py:3823} INFO - Setting next_dagrun for fork3_dag to 2024-05-28 19:20:30+00:00, run_after=2024-05-28 19:20:40+00:00
[2024-05-28T19:20:42.775+0000] {processor.py:183} INFO - Processing /opt/airflow/dags/fork_3.py took 0.382 seconds
[2024-05-28T19:21:12.952+0000] {processor.py:161} INFO - Started process (PID=19720) to work on /opt/airflow/dags/fork_3.py
[2024-05-28T19:21:12.972+0000] {processor.py:830} INFO - Processing file /opt/airflow/dags/fork_3.py for tasks to queue
[2024-05-28T19:21:12.977+0000] {logging_mixin.py:188} INFO - [2024-05-28T19:21:12.976+0000] {dagbag.py:538} INFO - Filling up the DagBag from /opt/airflow/dags/fork_3.py
[2024-05-28T19:21:13.000+0000] {processor.py:840} INFO - DAG(s) 'fork3_dag' retrieved from /opt/airflow/dags/fork_3.py
[2024-05-28T19:21:13.164+0000] {logging_mixin.py:188} INFO - [2024-05-28T19:21:13.163+0000] {dag.py:3036} INFO - Sync 1 DAGs
[2024-05-28T19:21:13.274+0000] {logging_mixin.py:188} INFO - [2024-05-28T19:21:13.274+0000] {dag.py:3823} INFO - Setting next_dagrun for fork3_dag to 2024-05-28 19:21:00+00:00, run_after=2024-05-28 19:21:10+00:00
[2024-05-28T19:21:13.363+0000] {processor.py:183} INFO - Processing /opt/airflow/dags/fork_3.py took 0.429 seconds
[2024-05-28T19:21:43.829+0000] {processor.py:161} INFO - Started process (PID=19784) to work on /opt/airflow/dags/fork_3.py
[2024-05-28T19:21:43.847+0000] {processor.py:830} INFO - Processing file /opt/airflow/dags/fork_3.py for tasks to queue
[2024-05-28T19:21:43.850+0000] {logging_mixin.py:188} INFO - [2024-05-28T19:21:43.850+0000] {dagbag.py:538} INFO - Filling up the DagBag from /opt/airflow/dags/fork_3.py
[2024-05-28T19:21:43.862+0000] {processor.py:840} INFO - DAG(s) 'fork3_dag' retrieved from /opt/airflow/dags/fork_3.py
[2024-05-28T19:21:43.940+0000] {logging_mixin.py:188} INFO - [2024-05-28T19:21:43.939+0000] {dag.py:3036} INFO - Sync 1 DAGs
[2024-05-28T19:21:44.025+0000] {logging_mixin.py:188} INFO - [2024-05-28T19:21:44.024+0000] {dag.py:3823} INFO - Setting next_dagrun for fork3_dag to 2024-05-28 19:21:30+00:00, run_after=2024-05-28 19:21:40+00:00
[2024-05-28T19:21:44.085+0000] {processor.py:183} INFO - Processing /opt/airflow/dags/fork_3.py took 0.261 seconds
[2024-05-28T19:22:14.703+0000] {processor.py:161} INFO - Started process (PID=19858) to work on /opt/airflow/dags/fork_3.py
[2024-05-28T19:22:14.705+0000] {processor.py:830} INFO - Processing file /opt/airflow/dags/fork_3.py for tasks to queue
[2024-05-28T19:22:14.712+0000] {logging_mixin.py:188} INFO - [2024-05-28T19:22:14.711+0000] {dagbag.py:538} INFO - Filling up the DagBag from /opt/airflow/dags/fork_3.py
[2024-05-28T19:22:14.734+0000] {processor.py:840} INFO - DAG(s) 'fork3_dag' retrieved from /opt/airflow/dags/fork_3.py
[2024-05-28T19:22:14.784+0000] {logging_mixin.py:188} INFO - [2024-05-28T19:22:14.784+0000] {dag.py:3036} INFO - Sync 1 DAGs
[2024-05-28T19:22:14.872+0000] {logging_mixin.py:188} INFO - [2024-05-28T19:22:14.871+0000] {dag.py:3823} INFO - Setting next_dagrun for fork3_dag to 2024-05-28 19:22:00+00:00, run_after=2024-05-28 19:22:10+00:00
[2024-05-28T19:22:14.938+0000] {processor.py:183} INFO - Processing /opt/airflow/dags/fork_3.py took 0.247 seconds
[2024-05-28T19:22:45.364+0000] {processor.py:161} INFO - Started process (PID=19932) to work on /opt/airflow/dags/fork_3.py
[2024-05-28T19:22:45.375+0000] {processor.py:830} INFO - Processing file /opt/airflow/dags/fork_3.py for tasks to queue
[2024-05-28T19:22:45.378+0000] {logging_mixin.py:188} INFO - [2024-05-28T19:22:45.378+0000] {dagbag.py:538} INFO - Filling up the DagBag from /opt/airflow/dags/fork_3.py
[2024-05-28T19:22:45.396+0000] {processor.py:840} INFO - DAG(s) 'fork3_dag' retrieved from /opt/airflow/dags/fork_3.py
[2024-05-28T19:22:45.441+0000] {logging_mixin.py:188} INFO - [2024-05-28T19:22:45.440+0000] {dag.py:3036} INFO - Sync 1 DAGs
[2024-05-28T19:22:45.490+0000] {logging_mixin.py:188} INFO - [2024-05-28T19:22:45.489+0000] {dag.py:3823} INFO - Setting next_dagrun for fork3_dag to 2024-05-28 19:22:30+00:00, run_after=2024-05-28 19:22:40+00:00
[2024-05-28T19:22:45.548+0000] {processor.py:183} INFO - Processing /opt/airflow/dags/fork_3.py took 0.196 seconds
[2024-05-28T19:23:15.941+0000] {processor.py:161} INFO - Started process (PID=20007) to work on /opt/airflow/dags/fork_3.py
[2024-05-28T19:23:15.943+0000] {processor.py:830} INFO - Processing file /opt/airflow/dags/fork_3.py for tasks to queue
[2024-05-28T19:23:15.945+0000] {logging_mixin.py:188} INFO - [2024-05-28T19:23:15.944+0000] {dagbag.py:538} INFO - Filling up the DagBag from /opt/airflow/dags/fork_3.py
[2024-05-28T19:23:15.956+0000] {processor.py:840} INFO - DAG(s) 'fork3_dag' retrieved from /opt/airflow/dags/fork_3.py
[2024-05-28T19:23:15.989+0000] {logging_mixin.py:188} INFO - [2024-05-28T19:23:15.989+0000] {dag.py:3036} INFO - Sync 1 DAGs
[2024-05-28T19:23:16.033+0000] {logging_mixin.py:188} INFO - [2024-05-28T19:23:16.033+0000] {dag.py:3823} INFO - Setting next_dagrun for fork3_dag to 2024-05-28 19:23:00+00:00, run_after=2024-05-28 19:23:10+00:00
[2024-05-28T19:23:16.071+0000] {processor.py:183} INFO - Processing /opt/airflow/dags/fork_3.py took 0.135 seconds
[2024-05-28T19:23:46.858+0000] {processor.py:161} INFO - Started process (PID=20088) to work on /opt/airflow/dags/fork_3.py
[2024-05-28T19:23:46.874+0000] {processor.py:830} INFO - Processing file /opt/airflow/dags/fork_3.py for tasks to queue
[2024-05-28T19:23:46.876+0000] {logging_mixin.py:188} INFO - [2024-05-28T19:23:46.875+0000] {dagbag.py:538} INFO - Filling up the DagBag from /opt/airflow/dags/fork_3.py
[2024-05-28T19:23:46.893+0000] {processor.py:840} INFO - DAG(s) 'fork3_dag' retrieved from /opt/airflow/dags/fork_3.py
[2024-05-28T19:23:46.972+0000] {logging_mixin.py:188} INFO - [2024-05-28T19:23:46.971+0000] {dag.py:3036} INFO - Sync 1 DAGs
[2024-05-28T19:23:47.063+0000] {logging_mixin.py:188} INFO - [2024-05-28T19:23:47.062+0000] {dag.py:3823} INFO - Setting next_dagrun for fork3_dag to 2024-05-28 19:23:30+00:00, run_after=2024-05-28 19:23:40+00:00
[2024-05-28T19:23:47.115+0000] {processor.py:183} INFO - Processing /opt/airflow/dags/fork_3.py took 0.263 seconds
[2024-05-28T19:24:17.334+0000] {processor.py:161} INFO - Started process (PID=20162) to work on /opt/airflow/dags/fork_3.py
[2024-05-28T19:24:17.342+0000] {processor.py:830} INFO - Processing file /opt/airflow/dags/fork_3.py for tasks to queue
[2024-05-28T19:24:17.344+0000] {logging_mixin.py:188} INFO - [2024-05-28T19:24:17.343+0000] {dagbag.py:538} INFO - Filling up the DagBag from /opt/airflow/dags/fork_3.py
[2024-05-28T19:24:17.374+0000] {processor.py:840} INFO - DAG(s) 'fork3_dag' retrieved from /opt/airflow/dags/fork_3.py
[2024-05-28T19:24:17.436+0000] {logging_mixin.py:188} INFO - [2024-05-28T19:24:17.436+0000] {dag.py:3036} INFO - Sync 1 DAGs
[2024-05-28T19:24:17.521+0000] {logging_mixin.py:188} INFO - [2024-05-28T19:24:17.521+0000] {dag.py:3823} INFO - Setting next_dagrun for fork3_dag to 2024-05-28 19:24:00+00:00, run_after=2024-05-28 19:24:10+00:00
[2024-05-28T19:24:17.572+0000] {processor.py:183} INFO - Processing /opt/airflow/dags/fork_3.py took 0.245 seconds
[2024-05-28T19:24:47.763+0000] {processor.py:161} INFO - Started process (PID=20237) to work on /opt/airflow/dags/fork_3.py
[2024-05-28T19:24:47.771+0000] {processor.py:830} INFO - Processing file /opt/airflow/dags/fork_3.py for tasks to queue
[2024-05-28T19:24:47.777+0000] {logging_mixin.py:188} INFO - [2024-05-28T19:24:47.777+0000] {dagbag.py:538} INFO - Filling up the DagBag from /opt/airflow/dags/fork_3.py
[2024-05-28T19:24:47.789+0000] {processor.py:840} INFO - DAG(s) 'fork3_dag' retrieved from /opt/airflow/dags/fork_3.py
[2024-05-28T19:24:47.858+0000] {logging_mixin.py:188} INFO - [2024-05-28T19:24:47.858+0000] {dag.py:3036} INFO - Sync 1 DAGs
[2024-05-28T19:24:47.949+0000] {logging_mixin.py:188} INFO - [2024-05-28T19:24:47.949+0000] {dag.py:3823} INFO - Setting next_dagrun for fork3_dag to 2024-05-28 19:24:30+00:00, run_after=2024-05-28 19:24:40+00:00
[2024-05-28T19:24:47.998+0000] {processor.py:183} INFO - Processing /opt/airflow/dags/fork_3.py took 0.251 seconds
[2024-05-28T19:25:18.250+0000] {processor.py:161} INFO - Started process (PID=20311) to work on /opt/airflow/dags/fork_3.py
[2024-05-28T19:25:18.264+0000] {processor.py:830} INFO - Processing file /opt/airflow/dags/fork_3.py for tasks to queue
[2024-05-28T19:25:18.268+0000] {logging_mixin.py:188} INFO - [2024-05-28T19:25:18.267+0000] {dagbag.py:538} INFO - Filling up the DagBag from /opt/airflow/dags/fork_3.py
[2024-05-28T19:25:18.294+0000] {processor.py:840} INFO - DAG(s) 'fork3_dag' retrieved from /opt/airflow/dags/fork_3.py
[2024-05-28T19:25:18.353+0000] {logging_mixin.py:188} INFO - [2024-05-28T19:25:18.352+0000] {dag.py:3036} INFO - Sync 1 DAGs
[2024-05-28T19:25:18.450+0000] {logging_mixin.py:188} INFO - [2024-05-28T19:25:18.449+0000] {dag.py:3823} INFO - Setting next_dagrun for fork3_dag to 2024-05-28 19:25:00+00:00, run_after=2024-05-28 19:25:10+00:00
[2024-05-28T19:25:18.534+0000] {processor.py:183} INFO - Processing /opt/airflow/dags/fork_3.py took 0.289 seconds
[2024-05-28T19:25:49.187+0000] {processor.py:161} INFO - Started process (PID=20385) to work on /opt/airflow/dags/fork_3.py
[2024-05-28T19:25:49.191+0000] {processor.py:830} INFO - Processing file /opt/airflow/dags/fork_3.py for tasks to queue
[2024-05-28T19:25:49.193+0000] {logging_mixin.py:188} INFO - [2024-05-28T19:25:49.192+0000] {dagbag.py:538} INFO - Filling up the DagBag from /opt/airflow/dags/fork_3.py
[2024-05-28T19:25:49.217+0000] {processor.py:840} INFO - DAG(s) 'fork3_dag' retrieved from /opt/airflow/dags/fork_3.py
[2024-05-28T19:25:49.264+0000] {logging_mixin.py:188} INFO - [2024-05-28T19:25:49.264+0000] {dag.py:3036} INFO - Sync 1 DAGs
[2024-05-28T19:25:49.308+0000] {logging_mixin.py:188} INFO - [2024-05-28T19:25:49.308+0000] {dag.py:3823} INFO - Setting next_dagrun for fork3_dag to 2024-05-28 19:25:30+00:00, run_after=2024-05-28 19:25:40+00:00
[2024-05-28T19:25:49.343+0000] {processor.py:183} INFO - Processing /opt/airflow/dags/fork_3.py took 0.168 seconds
[2024-05-28T19:26:20.023+0000] {processor.py:161} INFO - Started process (PID=20460) to work on /opt/airflow/dags/fork_3.py
[2024-05-28T19:26:20.026+0000] {processor.py:830} INFO - Processing file /opt/airflow/dags/fork_3.py for tasks to queue
[2024-05-28T19:26:20.027+0000] {logging_mixin.py:188} INFO - [2024-05-28T19:26:20.027+0000] {dagbag.py:538} INFO - Filling up the DagBag from /opt/airflow/dags/fork_3.py
[2024-05-28T19:26:20.042+0000] {processor.py:840} INFO - DAG(s) 'fork3_dag' retrieved from /opt/airflow/dags/fork_3.py
[2024-05-28T19:26:20.095+0000] {logging_mixin.py:188} INFO - [2024-05-28T19:26:20.095+0000] {dag.py:3036} INFO - Sync 1 DAGs
[2024-05-28T19:26:20.143+0000] {logging_mixin.py:188} INFO - [2024-05-28T19:26:20.143+0000] {dag.py:3823} INFO - Setting next_dagrun for fork3_dag to 2024-05-28 19:26:10+00:00, run_after=2024-05-28 19:26:20+00:00
[2024-05-28T19:26:20.195+0000] {processor.py:183} INFO - Processing /opt/airflow/dags/fork_3.py took 0.184 seconds
[2024-05-28T19:26:50.250+0000] {processor.py:161} INFO - Started process (PID=20535) to work on /opt/airflow/dags/fork_3.py
[2024-05-28T19:26:50.251+0000] {processor.py:830} INFO - Processing file /opt/airflow/dags/fork_3.py for tasks to queue
[2024-05-28T19:26:50.252+0000] {logging_mixin.py:188} INFO - [2024-05-28T19:26:50.252+0000] {dagbag.py:538} INFO - Filling up the DagBag from /opt/airflow/dags/fork_3.py
[2024-05-28T19:26:50.270+0000] {processor.py:840} INFO - DAG(s) 'fork3_dag' retrieved from /opt/airflow/dags/fork_3.py
[2024-05-28T19:26:50.304+0000] {logging_mixin.py:188} INFO - [2024-05-28T19:26:50.303+0000] {dag.py:3036} INFO - Sync 1 DAGs
[2024-05-28T19:26:50.347+0000] {logging_mixin.py:188} INFO - [2024-05-28T19:26:50.347+0000] {dag.py:3823} INFO - Setting next_dagrun for fork3_dag to 2024-05-28 19:26:40+00:00, run_after=2024-05-28 19:26:50+00:00
[2024-05-28T19:26:50.378+0000] {processor.py:183} INFO - Processing /opt/airflow/dags/fork_3.py took 0.133 seconds
[2024-05-28T19:27:20.864+0000] {processor.py:161} INFO - Started process (PID=20602) to work on /opt/airflow/dags/fork_3.py
[2024-05-28T19:27:20.866+0000] {processor.py:830} INFO - Processing file /opt/airflow/dags/fork_3.py for tasks to queue
[2024-05-28T19:27:20.868+0000] {logging_mixin.py:188} INFO - [2024-05-28T19:27:20.867+0000] {dagbag.py:538} INFO - Filling up the DagBag from /opt/airflow/dags/fork_3.py
[2024-05-28T19:27:20.878+0000] {processor.py:840} INFO - DAG(s) 'fork3_dag' retrieved from /opt/airflow/dags/fork_3.py
[2024-05-28T19:27:20.914+0000] {logging_mixin.py:188} INFO - [2024-05-28T19:27:20.913+0000] {dag.py:3036} INFO - Sync 1 DAGs
[2024-05-28T19:27:20.961+0000] {logging_mixin.py:188} INFO - [2024-05-28T19:27:20.960+0000] {dag.py:3823} INFO - Setting next_dagrun for fork3_dag to 2024-05-28 19:27:10+00:00, run_after=2024-05-28 19:27:20+00:00
[2024-05-28T19:27:20.995+0000] {processor.py:183} INFO - Processing /opt/airflow/dags/fork_3.py took 0.135 seconds
[2024-05-28T19:27:51.546+0000] {processor.py:161} INFO - Started process (PID=20676) to work on /opt/airflow/dags/fork_3.py
[2024-05-28T19:27:51.547+0000] {processor.py:830} INFO - Processing file /opt/airflow/dags/fork_3.py for tasks to queue
[2024-05-28T19:27:51.548+0000] {logging_mixin.py:188} INFO - [2024-05-28T19:27:51.548+0000] {dagbag.py:538} INFO - Filling up the DagBag from /opt/airflow/dags/fork_3.py
[2024-05-28T19:27:51.559+0000] {processor.py:840} INFO - DAG(s) 'fork3_dag' retrieved from /opt/airflow/dags/fork_3.py
[2024-05-28T19:27:51.594+0000] {logging_mixin.py:188} INFO - [2024-05-28T19:27:51.594+0000] {dag.py:3036} INFO - Sync 1 DAGs
[2024-05-28T19:27:51.638+0000] {logging_mixin.py:188} INFO - [2024-05-28T19:27:51.637+0000] {dag.py:3823} INFO - Setting next_dagrun for fork3_dag to 2024-05-28 19:27:40+00:00, run_after=2024-05-28 19:27:50+00:00
[2024-05-28T19:27:51.671+0000] {processor.py:183} INFO - Processing /opt/airflow/dags/fork_3.py took 0.132 seconds
[2024-05-28T19:28:22.169+0000] {processor.py:161} INFO - Started process (PID=20751) to work on /opt/airflow/dags/fork_3.py
[2024-05-28T19:28:22.171+0000] {processor.py:830} INFO - Processing file /opt/airflow/dags/fork_3.py for tasks to queue
[2024-05-28T19:28:22.172+0000] {logging_mixin.py:188} INFO - [2024-05-28T19:28:22.172+0000] {dagbag.py:538} INFO - Filling up the DagBag from /opt/airflow/dags/fork_3.py
[2024-05-28T19:28:22.183+0000] {processor.py:840} INFO - DAG(s) 'fork3_dag' retrieved from /opt/airflow/dags/fork_3.py
[2024-05-28T19:28:22.221+0000] {logging_mixin.py:188} INFO - [2024-05-28T19:28:22.220+0000] {dag.py:3036} INFO - Sync 1 DAGs
[2024-05-28T19:28:22.267+0000] {logging_mixin.py:188} INFO - [2024-05-28T19:28:22.267+0000] {dag.py:3823} INFO - Setting next_dagrun for fork3_dag to 2024-05-28 19:28:10+00:00, run_after=2024-05-28 19:28:20+00:00
[2024-05-28T19:28:22.300+0000] {processor.py:183} INFO - Processing /opt/airflow/dags/fork_3.py took 0.136 seconds
[2024-05-28T19:28:52.879+0000] {processor.py:161} INFO - Started process (PID=20826) to work on /opt/airflow/dags/fork_3.py
[2024-05-28T19:28:52.886+0000] {processor.py:830} INFO - Processing file /opt/airflow/dags/fork_3.py for tasks to queue
[2024-05-28T19:28:52.892+0000] {logging_mixin.py:188} INFO - [2024-05-28T19:28:52.891+0000] {dagbag.py:538} INFO - Filling up the DagBag from /opt/airflow/dags/fork_3.py
[2024-05-28T19:28:52.922+0000] {processor.py:840} INFO - DAG(s) 'fork3_dag' retrieved from /opt/airflow/dags/fork_3.py
[2024-05-28T19:28:52.984+0000] {logging_mixin.py:188} INFO - [2024-05-28T19:28:52.983+0000] {dag.py:3036} INFO - Sync 1 DAGs
[2024-05-28T19:28:53.028+0000] {logging_mixin.py:188} INFO - [2024-05-28T19:28:53.028+0000] {dag.py:3823} INFO - Setting next_dagrun for fork3_dag to 2024-05-28 19:28:40+00:00, run_after=2024-05-28 19:28:50+00:00
[2024-05-28T19:28:53.084+0000] {processor.py:183} INFO - Processing /opt/airflow/dags/fork_3.py took 0.218 seconds
[2024-05-28T19:29:23.300+0000] {processor.py:161} INFO - Started process (PID=20900) to work on /opt/airflow/dags/fork_3.py
[2024-05-28T19:29:23.307+0000] {processor.py:830} INFO - Processing file /opt/airflow/dags/fork_3.py for tasks to queue
[2024-05-28T19:29:23.310+0000] {logging_mixin.py:188} INFO - [2024-05-28T19:29:23.309+0000] {dagbag.py:538} INFO - Filling up the DagBag from /opt/airflow/dags/fork_3.py
[2024-05-28T19:29:23.323+0000] {processor.py:840} INFO - DAG(s) 'fork3_dag' retrieved from /opt/airflow/dags/fork_3.py
[2024-05-28T19:29:23.442+0000] {logging_mixin.py:188} INFO - [2024-05-28T19:29:23.441+0000] {dag.py:3036} INFO - Sync 1 DAGs
[2024-05-28T19:29:23.550+0000] {logging_mixin.py:188} INFO - [2024-05-28T19:29:23.550+0000] {dag.py:3823} INFO - Setting next_dagrun for fork3_dag to 2024-05-28 19:29:10+00:00, run_after=2024-05-28 19:29:20+00:00
[2024-05-28T19:29:23.622+0000] {processor.py:183} INFO - Processing /opt/airflow/dags/fork_3.py took 0.335 seconds
[2024-05-28T19:29:54.506+0000] {processor.py:161} INFO - Started process (PID=20975) to work on /opt/airflow/dags/fork_3.py
[2024-05-28T19:29:54.515+0000] {processor.py:830} INFO - Processing file /opt/airflow/dags/fork_3.py for tasks to queue
[2024-05-28T19:29:54.517+0000] {logging_mixin.py:188} INFO - [2024-05-28T19:29:54.516+0000] {dagbag.py:538} INFO - Filling up the DagBag from /opt/airflow/dags/fork_3.py
[2024-05-28T19:29:54.544+0000] {processor.py:840} INFO - DAG(s) 'fork3_dag' retrieved from /opt/airflow/dags/fork_3.py
[2024-05-28T19:29:54.589+0000] {logging_mixin.py:188} INFO - [2024-05-28T19:29:54.588+0000] {dag.py:3036} INFO - Sync 1 DAGs
[2024-05-28T19:29:54.639+0000] {logging_mixin.py:188} INFO - [2024-05-28T19:29:54.639+0000] {dag.py:3823} INFO - Setting next_dagrun for fork3_dag to 2024-05-28 19:29:40+00:00, run_after=2024-05-28 19:29:50+00:00
[2024-05-28T19:29:54.674+0000] {processor.py:183} INFO - Processing /opt/airflow/dags/fork_3.py took 0.179 seconds
[2024-05-28T19:30:24.817+0000] {processor.py:161} INFO - Started process (PID=21050) to work on /opt/airflow/dags/fork_3.py
[2024-05-28T19:30:24.819+0000] {processor.py:830} INFO - Processing file /opt/airflow/dags/fork_3.py for tasks to queue
[2024-05-28T19:30:24.820+0000] {logging_mixin.py:188} INFO - [2024-05-28T19:30:24.820+0000] {dagbag.py:538} INFO - Filling up the DagBag from /opt/airflow/dags/fork_3.py
[2024-05-28T19:30:24.831+0000] {processor.py:840} INFO - DAG(s) 'fork3_dag' retrieved from /opt/airflow/dags/fork_3.py
[2024-05-28T19:30:24.865+0000] {logging_mixin.py:188} INFO - [2024-05-28T19:30:24.864+0000] {dag.py:3036} INFO - Sync 1 DAGs
[2024-05-28T19:30:24.914+0000] {logging_mixin.py:188} INFO - [2024-05-28T19:30:24.913+0000] {dag.py:3823} INFO - Setting next_dagrun for fork3_dag to 2024-05-28 19:30:10+00:00, run_after=2024-05-28 19:30:20+00:00
[2024-05-28T19:30:24.948+0000] {processor.py:183} INFO - Processing /opt/airflow/dags/fork_3.py took 0.135 seconds
[2024-05-28T19:30:55.129+0000] {processor.py:161} INFO - Started process (PID=21124) to work on /opt/airflow/dags/fork_3.py
[2024-05-28T19:30:55.131+0000] {processor.py:830} INFO - Processing file /opt/airflow/dags/fork_3.py for tasks to queue
[2024-05-28T19:30:55.133+0000] {logging_mixin.py:188} INFO - [2024-05-28T19:30:55.132+0000] {dagbag.py:538} INFO - Filling up the DagBag from /opt/airflow/dags/fork_3.py
[2024-05-28T19:30:55.145+0000] {processor.py:840} INFO - DAG(s) 'fork3_dag' retrieved from /opt/airflow/dags/fork_3.py
[2024-05-28T19:30:55.184+0000] {logging_mixin.py:188} INFO - [2024-05-28T19:30:55.183+0000] {dag.py:3036} INFO - Sync 1 DAGs
[2024-05-28T19:30:55.239+0000] {logging_mixin.py:188} INFO - [2024-05-28T19:30:55.239+0000] {dag.py:3823} INFO - Setting next_dagrun for fork3_dag to 2024-05-28 19:30:40+00:00, run_after=2024-05-28 19:30:50+00:00
[2024-05-28T19:30:55.272+0000] {processor.py:183} INFO - Processing /opt/airflow/dags/fork_3.py took 0.148 seconds
[2024-05-28T19:31:25.384+0000] {processor.py:161} INFO - Started process (PID=21199) to work on /opt/airflow/dags/fork_3.py
[2024-05-28T19:31:25.386+0000] {processor.py:830} INFO - Processing file /opt/airflow/dags/fork_3.py for tasks to queue
[2024-05-28T19:31:25.388+0000] {logging_mixin.py:188} INFO - [2024-05-28T19:31:25.387+0000] {dagbag.py:538} INFO - Filling up the DagBag from /opt/airflow/dags/fork_3.py
[2024-05-28T19:31:25.399+0000] {processor.py:840} INFO - DAG(s) 'fork3_dag' retrieved from /opt/airflow/dags/fork_3.py
[2024-05-28T19:31:25.434+0000] {logging_mixin.py:188} INFO - [2024-05-28T19:31:25.434+0000] {dag.py:3036} INFO - Sync 1 DAGs
[2024-05-28T19:31:25.478+0000] {logging_mixin.py:188} INFO - [2024-05-28T19:31:25.478+0000] {dag.py:3823} INFO - Setting next_dagrun for fork3_dag to 2024-05-28 19:31:10+00:00, run_after=2024-05-28 19:31:20+00:00
[2024-05-28T19:31:25.512+0000] {processor.py:183} INFO - Processing /opt/airflow/dags/fork_3.py took 0.132 seconds
[2024-05-28T19:31:55.860+0000] {processor.py:161} INFO - Started process (PID=21273) to work on /opt/airflow/dags/fork_3.py
[2024-05-28T19:31:55.862+0000] {processor.py:830} INFO - Processing file /opt/airflow/dags/fork_3.py for tasks to queue
[2024-05-28T19:31:55.864+0000] {logging_mixin.py:188} INFO - [2024-05-28T19:31:55.863+0000] {dagbag.py:538} INFO - Filling up the DagBag from /opt/airflow/dags/fork_3.py
[2024-05-28T19:31:55.909+0000] {processor.py:840} INFO - DAG(s) 'fork3_dag' retrieved from /opt/airflow/dags/fork_3.py
[2024-05-28T19:31:56.000+0000] {logging_mixin.py:188} INFO - [2024-05-28T19:31:56.000+0000] {dag.py:3036} INFO - Sync 1 DAGs
[2024-05-28T19:31:56.075+0000] {logging_mixin.py:188} INFO - [2024-05-28T19:31:56.075+0000] {dag.py:3823} INFO - Setting next_dagrun for fork3_dag to 2024-05-28 19:31:40+00:00, run_after=2024-05-28 19:31:50+00:00
[2024-05-28T19:31:56.123+0000] {processor.py:183} INFO - Processing /opt/airflow/dags/fork_3.py took 0.272 seconds
[2024-05-28T19:32:26.910+0000] {processor.py:161} INFO - Started process (PID=21346) to work on /opt/airflow/dags/fork_3.py
[2024-05-28T19:32:26.912+0000] {processor.py:830} INFO - Processing file /opt/airflow/dags/fork_3.py for tasks to queue
[2024-05-28T19:32:26.913+0000] {logging_mixin.py:188} INFO - [2024-05-28T19:32:26.913+0000] {dagbag.py:538} INFO - Filling up the DagBag from /opt/airflow/dags/fork_3.py
[2024-05-28T19:32:26.923+0000] {processor.py:840} INFO - DAG(s) 'fork3_dag' retrieved from /opt/airflow/dags/fork_3.py
[2024-05-28T19:32:26.967+0000] {logging_mixin.py:188} INFO - [2024-05-28T19:32:26.966+0000] {dag.py:3036} INFO - Sync 1 DAGs
[2024-05-28T19:32:27.013+0000] {logging_mixin.py:188} INFO - [2024-05-28T19:32:27.012+0000] {dag.py:3823} INFO - Setting next_dagrun for fork3_dag to 2024-05-28 19:32:10+00:00, run_after=2024-05-28 19:32:20+00:00
[2024-05-28T19:32:27.048+0000] {processor.py:183} INFO - Processing /opt/airflow/dags/fork_3.py took 0.143 seconds
[2024-05-28T19:32:57.724+0000] {processor.py:161} INFO - Started process (PID=21419) to work on /opt/airflow/dags/fork_3.py
[2024-05-28T19:32:57.726+0000] {processor.py:830} INFO - Processing file /opt/airflow/dags/fork_3.py for tasks to queue
[2024-05-28T19:32:57.727+0000] {logging_mixin.py:188} INFO - [2024-05-28T19:32:57.726+0000] {dagbag.py:538} INFO - Filling up the DagBag from /opt/airflow/dags/fork_3.py
[2024-05-28T19:32:57.737+0000] {processor.py:840} INFO - DAG(s) 'fork3_dag' retrieved from /opt/airflow/dags/fork_3.py
[2024-05-28T19:32:57.771+0000] {logging_mixin.py:188} INFO - [2024-05-28T19:32:57.771+0000] {dag.py:3036} INFO - Sync 1 DAGs
[2024-05-28T19:32:57.817+0000] {logging_mixin.py:188} INFO - [2024-05-28T19:32:57.816+0000] {dag.py:3823} INFO - Setting next_dagrun for fork3_dag to 2024-05-28 19:32:40+00:00, run_after=2024-05-28 19:32:50+00:00
[2024-05-28T19:32:57.848+0000] {processor.py:183} INFO - Processing /opt/airflow/dags/fork_3.py took 0.128 seconds
[2024-05-28T19:33:28.275+0000] {processor.py:161} INFO - Started process (PID=21493) to work on /opt/airflow/dags/fork_3.py
[2024-05-28T19:33:28.283+0000] {processor.py:830} INFO - Processing file /opt/airflow/dags/fork_3.py for tasks to queue
[2024-05-28T19:33:28.285+0000] {logging_mixin.py:188} INFO - [2024-05-28T19:33:28.285+0000] {dagbag.py:538} INFO - Filling up the DagBag from /opt/airflow/dags/fork_3.py
[2024-05-28T19:33:28.309+0000] {processor.py:840} INFO - DAG(s) 'fork3_dag' retrieved from /opt/airflow/dags/fork_3.py
[2024-05-28T19:33:28.371+0000] {logging_mixin.py:188} INFO - [2024-05-28T19:33:28.371+0000] {dag.py:3036} INFO - Sync 1 DAGs
[2024-05-28T19:33:28.461+0000] {logging_mixin.py:188} INFO - [2024-05-28T19:33:28.461+0000] {dag.py:3823} INFO - Setting next_dagrun for fork3_dag to 2024-05-28 19:33:10+00:00, run_after=2024-05-28 19:33:20+00:00
[2024-05-28T19:33:28.552+0000] {processor.py:183} INFO - Processing /opt/airflow/dags/fork_3.py took 0.292 seconds
[2024-05-28T19:33:58.984+0000] {processor.py:161} INFO - Started process (PID=21567) to work on /opt/airflow/dags/fork_3.py
[2024-05-28T19:33:58.994+0000] {processor.py:830} INFO - Processing file /opt/airflow/dags/fork_3.py for tasks to queue
[2024-05-28T19:33:58.996+0000] {logging_mixin.py:188} INFO - [2024-05-28T19:33:58.995+0000] {dagbag.py:538} INFO - Filling up the DagBag from /opt/airflow/dags/fork_3.py
[2024-05-28T19:33:59.015+0000] {processor.py:840} INFO - DAG(s) 'fork3_dag' retrieved from /opt/airflow/dags/fork_3.py
[2024-05-28T19:33:59.059+0000] {logging_mixin.py:188} INFO - [2024-05-28T19:33:59.058+0000] {dag.py:3036} INFO - Sync 1 DAGs
[2024-05-28T19:33:59.108+0000] {logging_mixin.py:188} INFO - [2024-05-28T19:33:59.108+0000] {dag.py:3823} INFO - Setting next_dagrun for fork3_dag to 2024-05-28 19:33:40+00:00, run_after=2024-05-28 19:33:50+00:00
[2024-05-28T19:33:59.151+0000] {processor.py:183} INFO - Processing /opt/airflow/dags/fork_3.py took 0.180 seconds
[2024-05-28T19:34:29.346+0000] {processor.py:161} INFO - Started process (PID=21641) to work on /opt/airflow/dags/fork_3.py
[2024-05-28T19:34:29.349+0000] {processor.py:830} INFO - Processing file /opt/airflow/dags/fork_3.py for tasks to queue
[2024-05-28T19:34:29.353+0000] {logging_mixin.py:188} INFO - [2024-05-28T19:34:29.353+0000] {dagbag.py:538} INFO - Filling up the DagBag from /opt/airflow/dags/fork_3.py
[2024-05-28T19:34:29.369+0000] {processor.py:840} INFO - DAG(s) 'fork3_dag' retrieved from /opt/airflow/dags/fork_3.py
[2024-05-28T19:34:29.426+0000] {logging_mixin.py:188} INFO - [2024-05-28T19:34:29.425+0000] {dag.py:3036} INFO - Sync 1 DAGs
[2024-05-28T19:34:29.505+0000] {logging_mixin.py:188} INFO - [2024-05-28T19:34:29.504+0000] {dag.py:3823} INFO - Setting next_dagrun for fork3_dag to 2024-05-28 19:34:10+00:00, run_after=2024-05-28 19:34:20+00:00
[2024-05-28T19:34:29.563+0000] {processor.py:183} INFO - Processing /opt/airflow/dags/fork_3.py took 0.223 seconds
[2024-05-28T19:34:59.788+0000] {processor.py:161} INFO - Started process (PID=21716) to work on /opt/airflow/dags/fork_3.py
[2024-05-28T19:34:59.789+0000] {processor.py:830} INFO - Processing file /opt/airflow/dags/fork_3.py for tasks to queue
[2024-05-28T19:34:59.801+0000] {logging_mixin.py:188} INFO - [2024-05-28T19:34:59.790+0000] {dagbag.py:538} INFO - Filling up the DagBag from /opt/airflow/dags/fork_3.py
[2024-05-28T19:34:59.821+0000] {processor.py:840} INFO - DAG(s) 'fork3_dag' retrieved from /opt/airflow/dags/fork_3.py
[2024-05-28T19:34:59.896+0000] {logging_mixin.py:188} INFO - [2024-05-28T19:34:59.896+0000] {dag.py:3036} INFO - Sync 1 DAGs
[2024-05-28T19:35:00.005+0000] {logging_mixin.py:188} INFO - [2024-05-28T19:35:00.004+0000] {dag.py:3823} INFO - Setting next_dagrun for fork3_dag to 2024-05-28 19:34:50+00:00, run_after=2024-05-28 19:35:00+00:00
[2024-05-28T19:35:00.109+0000] {processor.py:183} INFO - Processing /opt/airflow/dags/fork_3.py took 0.334 seconds
[2024-05-28T19:35:30.196+0000] {processor.py:161} INFO - Started process (PID=21790) to work on /opt/airflow/dags/fork_3.py
[2024-05-28T19:35:30.207+0000] {processor.py:830} INFO - Processing file /opt/airflow/dags/fork_3.py for tasks to queue
[2024-05-28T19:35:30.218+0000] {logging_mixin.py:188} INFO - [2024-05-28T19:35:30.212+0000] {dagbag.py:538} INFO - Filling up the DagBag from /opt/airflow/dags/fork_3.py
[2024-05-28T19:35:30.253+0000] {processor.py:840} INFO - DAG(s) 'fork3_dag' retrieved from /opt/airflow/dags/fork_3.py
[2024-05-28T19:35:30.328+0000] {logging_mixin.py:188} INFO - [2024-05-28T19:35:30.327+0000] {dag.py:3036} INFO - Sync 1 DAGs
[2024-05-28T19:35:30.400+0000] {logging_mixin.py:188} INFO - [2024-05-28T19:35:30.400+0000] {dag.py:3823} INFO - Setting next_dagrun for fork3_dag to 2024-05-28 19:35:20+00:00, run_after=2024-05-28 19:35:30+00:00
[2024-05-28T19:35:30.463+0000] {processor.py:183} INFO - Processing /opt/airflow/dags/fork_3.py took 0.272 seconds
[2024-05-28T19:36:00.728+0000] {processor.py:161} INFO - Started process (PID=21864) to work on /opt/airflow/dags/fork_3.py
[2024-05-28T19:36:00.734+0000] {processor.py:830} INFO - Processing file /opt/airflow/dags/fork_3.py for tasks to queue
[2024-05-28T19:36:00.736+0000] {logging_mixin.py:188} INFO - [2024-05-28T19:36:00.735+0000] {dagbag.py:538} INFO - Filling up the DagBag from /opt/airflow/dags/fork_3.py
[2024-05-28T19:36:00.765+0000] {processor.py:840} INFO - DAG(s) 'fork3_dag' retrieved from /opt/airflow/dags/fork_3.py
[2024-05-28T19:36:00.836+0000] {logging_mixin.py:188} INFO - [2024-05-28T19:36:00.835+0000] {dag.py:3036} INFO - Sync 1 DAGs
[2024-05-28T19:36:00.926+0000] {logging_mixin.py:188} INFO - [2024-05-28T19:36:00.926+0000] {dag.py:3823} INFO - Setting next_dagrun for fork3_dag to 2024-05-28 19:35:50+00:00, run_after=2024-05-28 19:36:00+00:00
[2024-05-28T19:36:00.971+0000] {processor.py:183} INFO - Processing /opt/airflow/dags/fork_3.py took 0.249 seconds
[2024-05-28T19:36:31.042+0000] {processor.py:161} INFO - Started process (PID=21939) to work on /opt/airflow/dags/fork_3.py
[2024-05-28T19:36:31.047+0000] {processor.py:830} INFO - Processing file /opt/airflow/dags/fork_3.py for tasks to queue
[2024-05-28T19:36:31.049+0000] {logging_mixin.py:188} INFO - [2024-05-28T19:36:31.048+0000] {dagbag.py:538} INFO - Filling up the DagBag from /opt/airflow/dags/fork_3.py
[2024-05-28T19:36:31.066+0000] {processor.py:840} INFO - DAG(s) 'fork3_dag' retrieved from /opt/airflow/dags/fork_3.py
[2024-05-28T19:36:31.107+0000] {logging_mixin.py:188} INFO - [2024-05-28T19:36:31.107+0000] {dag.py:3036} INFO - Sync 1 DAGs
[2024-05-28T19:36:31.159+0000] {logging_mixin.py:188} INFO - [2024-05-28T19:36:31.158+0000] {dag.py:3823} INFO - Setting next_dagrun for fork3_dag to 2024-05-28 19:36:20+00:00, run_after=2024-05-28 19:36:30+00:00
[2024-05-28T19:36:31.196+0000] {processor.py:183} INFO - Processing /opt/airflow/dags/fork_3.py took 0.161 seconds
