[2024-05-28T18:49:56.365+0000] {processor.py:161} INFO - Started process (PID=15287) to work on /opt/airflow/dags/retries_dag.py
[2024-05-28T18:49:56.370+0000] {processor.py:830} INFO - Processing file /opt/airflow/dags/retries_dag.py for tasks to queue
[2024-05-28T18:49:56.373+0000] {logging_mixin.py:188} INFO - [2024-05-28T18:49:56.372+0000] {dagbag.py:538} INFO - Filling up the DagBag from /opt/airflow/dags/retries_dag.py
[2024-05-28T18:49:56.384+0000] {processor.py:840} INFO - DAG(s) 'retries_dag' retrieved from /opt/airflow/dags/retries_dag.py
[2024-05-28T18:49:56.737+0000] {logging_mixin.py:188} INFO - [2024-05-28T18:49:56.736+0000] {override.py:1769} INFO - Created Permission View: can edit on DAG:retries_dag
[2024-05-28T18:49:56.768+0000] {logging_mixin.py:188} INFO - [2024-05-28T18:49:56.767+0000] {override.py:1769} INFO - Created Permission View: can delete on DAG:retries_dag
[2024-05-28T18:49:56.789+0000] {logging_mixin.py:188} INFO - [2024-05-28T18:49:56.788+0000] {override.py:1769} INFO - Created Permission View: can read on DAG:retries_dag
[2024-05-28T18:49:56.790+0000] {logging_mixin.py:188} INFO - [2024-05-28T18:49:56.790+0000] {dag.py:3036} INFO - Sync 1 DAGs
[2024-05-28T18:49:56.833+0000] {logging_mixin.py:188} INFO - [2024-05-28T18:49:56.832+0000] {dag.py:3058} INFO - Creating ORM DAG for retries_dag
[2024-05-28T18:49:56.834+0000] {logging_mixin.py:188} INFO - [2024-05-28T18:49:56.834+0000] {dag.py:3823} INFO - Setting next_dagrun for retries_dag to None, run_after=None
[2024-05-28T18:49:56.866+0000] {processor.py:183} INFO - Processing /opt/airflow/dags/retries_dag.py took 0.505 seconds
[2024-05-28T18:50:27.067+0000] {processor.py:161} INFO - Started process (PID=15362) to work on /opt/airflow/dags/retries_dag.py
[2024-05-28T18:50:27.069+0000] {processor.py:830} INFO - Processing file /opt/airflow/dags/retries_dag.py for tasks to queue
[2024-05-28T18:50:27.071+0000] {logging_mixin.py:188} INFO - [2024-05-28T18:50:27.070+0000] {dagbag.py:538} INFO - Filling up the DagBag from /opt/airflow/dags/retries_dag.py
[2024-05-28T18:50:27.078+0000] {processor.py:840} INFO - DAG(s) 'retries_dag' retrieved from /opt/airflow/dags/retries_dag.py
[2024-05-28T18:50:27.112+0000] {logging_mixin.py:188} INFO - [2024-05-28T18:50:27.112+0000] {dag.py:3036} INFO - Sync 1 DAGs
[2024-05-28T18:50:27.140+0000] {logging_mixin.py:188} INFO - [2024-05-28T18:50:27.139+0000] {dag.py:3823} INFO - Setting next_dagrun for retries_dag to None, run_after=None
[2024-05-28T18:50:27.171+0000] {processor.py:183} INFO - Processing /opt/airflow/dags/retries_dag.py took 0.108 seconds
[2024-05-28T18:50:58.052+0000] {processor.py:161} INFO - Started process (PID=15435) to work on /opt/airflow/dags/retries_dag.py
[2024-05-28T18:50:58.058+0000] {processor.py:830} INFO - Processing file /opt/airflow/dags/retries_dag.py for tasks to queue
[2024-05-28T18:50:58.060+0000] {logging_mixin.py:188} INFO - [2024-05-28T18:50:58.059+0000] {dagbag.py:538} INFO - Filling up the DagBag from /opt/airflow/dags/retries_dag.py
[2024-05-28T18:50:58.076+0000] {processor.py:840} INFO - DAG(s) 'retries_dag' retrieved from /opt/airflow/dags/retries_dag.py
[2024-05-28T18:50:58.110+0000] {logging_mixin.py:188} INFO - [2024-05-28T18:50:58.109+0000] {dag.py:3036} INFO - Sync 1 DAGs
[2024-05-28T18:50:58.133+0000] {logging_mixin.py:188} INFO - [2024-05-28T18:50:58.133+0000] {dag.py:3823} INFO - Setting next_dagrun for retries_dag to None, run_after=None
[2024-05-28T18:50:58.164+0000] {processor.py:183} INFO - Processing /opt/airflow/dags/retries_dag.py took 0.117 seconds
[2024-05-28T18:51:28.372+0000] {processor.py:161} INFO - Started process (PID=15504) to work on /opt/airflow/dags/retries_dag.py
[2024-05-28T18:51:28.373+0000] {processor.py:830} INFO - Processing file /opt/airflow/dags/retries_dag.py for tasks to queue
[2024-05-28T18:51:28.376+0000] {logging_mixin.py:188} INFO - [2024-05-28T18:51:28.375+0000] {dagbag.py:538} INFO - Filling up the DagBag from /opt/airflow/dags/retries_dag.py
[2024-05-28T18:51:28.391+0000] {processor.py:840} INFO - DAG(s) 'retries_dag' retrieved from /opt/airflow/dags/retries_dag.py
[2024-05-28T18:51:28.458+0000] {logging_mixin.py:188} INFO - [2024-05-28T18:51:28.458+0000] {dag.py:3036} INFO - Sync 1 DAGs
[2024-05-28T18:51:28.504+0000] {logging_mixin.py:188} INFO - [2024-05-28T18:51:28.504+0000] {dag.py:3823} INFO - Setting next_dagrun for retries_dag to None, run_after=None
[2024-05-28T18:51:28.553+0000] {processor.py:183} INFO - Processing /opt/airflow/dags/retries_dag.py took 0.186 seconds
[2024-05-28T18:51:58.802+0000] {processor.py:161} INFO - Started process (PID=15569) to work on /opt/airflow/dags/retries_dag.py
[2024-05-28T18:51:58.803+0000] {processor.py:830} INFO - Processing file /opt/airflow/dags/retries_dag.py for tasks to queue
[2024-05-28T18:51:58.805+0000] {logging_mixin.py:188} INFO - [2024-05-28T18:51:58.804+0000] {dagbag.py:538} INFO - Filling up the DagBag from /opt/airflow/dags/retries_dag.py
[2024-05-28T18:51:58.815+0000] {processor.py:840} INFO - DAG(s) 'retries_dag' retrieved from /opt/airflow/dags/retries_dag.py
[2024-05-28T18:51:58.856+0000] {logging_mixin.py:188} INFO - [2024-05-28T18:51:58.856+0000] {dag.py:3036} INFO - Sync 1 DAGs
[2024-05-28T18:51:58.886+0000] {logging_mixin.py:188} INFO - [2024-05-28T18:51:58.886+0000] {dag.py:3823} INFO - Setting next_dagrun for retries_dag to None, run_after=None
[2024-05-28T18:51:58.920+0000] {processor.py:183} INFO - Processing /opt/airflow/dags/retries_dag.py took 0.123 seconds
[2024-05-28T18:52:29.174+0000] {processor.py:161} INFO - Started process (PID=15644) to work on /opt/airflow/dags/retries_dag.py
[2024-05-28T18:52:29.176+0000] {processor.py:830} INFO - Processing file /opt/airflow/dags/retries_dag.py for tasks to queue
[2024-05-28T18:52:29.177+0000] {logging_mixin.py:188} INFO - [2024-05-28T18:52:29.177+0000] {dagbag.py:538} INFO - Filling up the DagBag from /opt/airflow/dags/retries_dag.py
[2024-05-28T18:52:29.188+0000] {processor.py:840} INFO - DAG(s) 'retries_dag' retrieved from /opt/airflow/dags/retries_dag.py
[2024-05-28T18:52:29.241+0000] {logging_mixin.py:188} INFO - [2024-05-28T18:52:29.240+0000] {dag.py:3036} INFO - Sync 1 DAGs
[2024-05-28T18:52:29.283+0000] {logging_mixin.py:188} INFO - [2024-05-28T18:52:29.283+0000] {dag.py:3823} INFO - Setting next_dagrun for retries_dag to None, run_after=None
[2024-05-28T18:52:29.327+0000] {processor.py:183} INFO - Processing /opt/airflow/dags/retries_dag.py took 0.159 seconds
[2024-05-28T18:52:59.667+0000] {processor.py:161} INFO - Started process (PID=15717) to work on /opt/airflow/dags/retries_dag.py
[2024-05-28T18:52:59.669+0000] {processor.py:830} INFO - Processing file /opt/airflow/dags/retries_dag.py for tasks to queue
[2024-05-28T18:52:59.671+0000] {logging_mixin.py:188} INFO - [2024-05-28T18:52:59.670+0000] {dagbag.py:538} INFO - Filling up the DagBag from /opt/airflow/dags/retries_dag.py
[2024-05-28T18:52:59.687+0000] {processor.py:840} INFO - DAG(s) 'retries_dag' retrieved from /opt/airflow/dags/retries_dag.py
[2024-05-28T18:52:59.747+0000] {logging_mixin.py:188} INFO - [2024-05-28T18:52:59.747+0000] {dag.py:3036} INFO - Sync 1 DAGs
[2024-05-28T18:52:59.796+0000] {logging_mixin.py:188} INFO - [2024-05-28T18:52:59.796+0000] {dag.py:3823} INFO - Setting next_dagrun for retries_dag to None, run_after=None
[2024-05-28T18:52:59.852+0000] {processor.py:183} INFO - Processing /opt/airflow/dags/retries_dag.py took 0.189 seconds
[2024-05-28T18:53:30.275+0000] {processor.py:161} INFO - Started process (PID=15790) to work on /opt/airflow/dags/retries_dag.py
[2024-05-28T18:53:30.284+0000] {processor.py:830} INFO - Processing file /opt/airflow/dags/retries_dag.py for tasks to queue
[2024-05-28T18:53:30.287+0000] {logging_mixin.py:188} INFO - [2024-05-28T18:53:30.287+0000] {dagbag.py:538} INFO - Filling up the DagBag from /opt/airflow/dags/retries_dag.py
[2024-05-28T18:53:30.306+0000] {processor.py:840} INFO - DAG(s) 'retries_dag' retrieved from /opt/airflow/dags/retries_dag.py
[2024-05-28T18:53:30.388+0000] {logging_mixin.py:188} INFO - [2024-05-28T18:53:30.388+0000] {dag.py:3036} INFO - Sync 1 DAGs
[2024-05-28T18:53:30.439+0000] {logging_mixin.py:188} INFO - [2024-05-28T18:53:30.438+0000] {dag.py:3823} INFO - Setting next_dagrun for retries_dag to None, run_after=None
[2024-05-28T18:53:30.532+0000] {processor.py:183} INFO - Processing /opt/airflow/dags/retries_dag.py took 0.263 seconds
[2024-05-28T18:54:01.183+0000] {processor.py:161} INFO - Started process (PID=15863) to work on /opt/airflow/dags/retries_dag.py
[2024-05-28T18:54:01.185+0000] {processor.py:830} INFO - Processing file /opt/airflow/dags/retries_dag.py for tasks to queue
[2024-05-28T18:54:01.187+0000] {logging_mixin.py:188} INFO - [2024-05-28T18:54:01.186+0000] {dagbag.py:538} INFO - Filling up the DagBag from /opt/airflow/dags/retries_dag.py
[2024-05-28T18:54:01.194+0000] {processor.py:840} INFO - DAG(s) 'retries_dag' retrieved from /opt/airflow/dags/retries_dag.py
[2024-05-28T18:54:01.223+0000] {logging_mixin.py:188} INFO - [2024-05-28T18:54:01.223+0000] {dag.py:3036} INFO - Sync 1 DAGs
[2024-05-28T18:54:01.247+0000] {logging_mixin.py:188} INFO - [2024-05-28T18:54:01.246+0000] {dag.py:3823} INFO - Setting next_dagrun for retries_dag to None, run_after=None
[2024-05-28T18:54:01.277+0000] {processor.py:183} INFO - Processing /opt/airflow/dags/retries_dag.py took 0.101 seconds
[2024-05-28T18:54:31.561+0000] {processor.py:161} INFO - Started process (PID=15934) to work on /opt/airflow/dags/retries_dag.py
[2024-05-28T18:54:31.562+0000] {processor.py:830} INFO - Processing file /opt/airflow/dags/retries_dag.py for tasks to queue
[2024-05-28T18:54:31.564+0000] {logging_mixin.py:188} INFO - [2024-05-28T18:54:31.563+0000] {dagbag.py:538} INFO - Filling up the DagBag from /opt/airflow/dags/retries_dag.py
[2024-05-28T18:54:31.582+0000] {processor.py:840} INFO - DAG(s) 'retries_dag' retrieved from /opt/airflow/dags/retries_dag.py
[2024-05-28T18:54:31.627+0000] {logging_mixin.py:188} INFO - [2024-05-28T18:54:31.627+0000] {dag.py:3036} INFO - Sync 1 DAGs
[2024-05-28T18:54:31.662+0000] {logging_mixin.py:188} INFO - [2024-05-28T18:54:31.662+0000] {dag.py:3823} INFO - Setting next_dagrun for retries_dag to None, run_after=None
[2024-05-28T18:54:31.724+0000] {processor.py:183} INFO - Processing /opt/airflow/dags/retries_dag.py took 0.169 seconds
[2024-05-28T18:55:01.954+0000] {processor.py:161} INFO - Started process (PID=15997) to work on /opt/airflow/dags/retries_dag.py
[2024-05-28T18:55:01.956+0000] {processor.py:830} INFO - Processing file /opt/airflow/dags/retries_dag.py for tasks to queue
[2024-05-28T18:55:01.957+0000] {logging_mixin.py:188} INFO - [2024-05-28T18:55:01.957+0000] {dagbag.py:538} INFO - Filling up the DagBag from /opt/airflow/dags/retries_dag.py
[2024-05-28T18:55:01.965+0000] {processor.py:840} INFO - DAG(s) 'retries_dag' retrieved from /opt/airflow/dags/retries_dag.py
[2024-05-28T18:55:01.999+0000] {logging_mixin.py:188} INFO - [2024-05-28T18:55:01.998+0000] {dag.py:3036} INFO - Sync 1 DAGs
[2024-05-28T18:55:02.045+0000] {logging_mixin.py:188} INFO - [2024-05-28T18:55:02.044+0000] {dag.py:3823} INFO - Setting next_dagrun for retries_dag to None, run_after=None
[2024-05-28T18:55:02.151+0000] {processor.py:183} INFO - Processing /opt/airflow/dags/retries_dag.py took 0.202 seconds
[2024-05-28T18:55:32.661+0000] {processor.py:161} INFO - Started process (PID=16070) to work on /opt/airflow/dags/retries_dag.py
[2024-05-28T18:55:32.662+0000] {processor.py:830} INFO - Processing file /opt/airflow/dags/retries_dag.py for tasks to queue
[2024-05-28T18:55:32.671+0000] {logging_mixin.py:188} INFO - [2024-05-28T18:55:32.671+0000] {dagbag.py:538} INFO - Filling up the DagBag from /opt/airflow/dags/retries_dag.py
[2024-05-28T18:55:32.679+0000] {processor.py:840} INFO - DAG(s) 'retries_dag' retrieved from /opt/airflow/dags/retries_dag.py
[2024-05-28T18:55:32.710+0000] {logging_mixin.py:188} INFO - [2024-05-28T18:55:32.709+0000] {dag.py:3036} INFO - Sync 1 DAGs
[2024-05-28T18:55:32.733+0000] {logging_mixin.py:188} INFO - [2024-05-28T18:55:32.733+0000] {dag.py:3823} INFO - Setting next_dagrun for retries_dag to None, run_after=None
[2024-05-28T18:55:32.771+0000] {processor.py:183} INFO - Processing /opt/airflow/dags/retries_dag.py took 0.118 seconds
[2024-05-28T18:56:03.074+0000] {processor.py:161} INFO - Started process (PID=16143) to work on /opt/airflow/dags/retries_dag.py
[2024-05-28T18:56:03.076+0000] {processor.py:830} INFO - Processing file /opt/airflow/dags/retries_dag.py for tasks to queue
[2024-05-28T18:56:03.078+0000] {logging_mixin.py:188} INFO - [2024-05-28T18:56:03.077+0000] {dagbag.py:538} INFO - Filling up the DagBag from /opt/airflow/dags/retries_dag.py
[2024-05-28T18:56:03.086+0000] {processor.py:840} INFO - DAG(s) 'retries_dag' retrieved from /opt/airflow/dags/retries_dag.py
[2024-05-28T18:56:03.119+0000] {logging_mixin.py:188} INFO - [2024-05-28T18:56:03.118+0000] {dag.py:3036} INFO - Sync 1 DAGs
[2024-05-28T18:56:03.144+0000] {logging_mixin.py:188} INFO - [2024-05-28T18:56:03.143+0000] {dag.py:3823} INFO - Setting next_dagrun for retries_dag to None, run_after=None
[2024-05-28T18:56:03.181+0000] {processor.py:183} INFO - Processing /opt/airflow/dags/retries_dag.py took 0.111 seconds
[2024-05-28T18:56:33.793+0000] {processor.py:161} INFO - Started process (PID=16216) to work on /opt/airflow/dags/retries_dag.py
[2024-05-28T18:56:33.795+0000] {processor.py:830} INFO - Processing file /opt/airflow/dags/retries_dag.py for tasks to queue
[2024-05-28T18:56:33.796+0000] {logging_mixin.py:188} INFO - [2024-05-28T18:56:33.796+0000] {dagbag.py:538} INFO - Filling up the DagBag from /opt/airflow/dags/retries_dag.py
[2024-05-28T18:56:33.805+0000] {processor.py:840} INFO - DAG(s) 'retries_dag' retrieved from /opt/airflow/dags/retries_dag.py
[2024-05-28T18:56:33.837+0000] {logging_mixin.py:188} INFO - [2024-05-28T18:56:33.836+0000] {dag.py:3036} INFO - Sync 1 DAGs
[2024-05-28T18:56:33.861+0000] {logging_mixin.py:188} INFO - [2024-05-28T18:56:33.860+0000] {dag.py:3823} INFO - Setting next_dagrun for retries_dag to None, run_after=None
[2024-05-28T18:56:33.893+0000] {processor.py:183} INFO - Processing /opt/airflow/dags/retries_dag.py took 0.104 seconds
[2024-05-28T18:57:04.246+0000] {processor.py:161} INFO - Started process (PID=16287) to work on /opt/airflow/dags/retries_dag.py
[2024-05-28T18:57:04.248+0000] {processor.py:830} INFO - Processing file /opt/airflow/dags/retries_dag.py for tasks to queue
[2024-05-28T18:57:04.249+0000] {logging_mixin.py:188} INFO - [2024-05-28T18:57:04.249+0000] {dagbag.py:538} INFO - Filling up the DagBag from /opt/airflow/dags/retries_dag.py
[2024-05-28T18:57:04.259+0000] {processor.py:840} INFO - DAG(s) 'retries_dag' retrieved from /opt/airflow/dags/retries_dag.py
[2024-05-28T18:57:04.298+0000] {logging_mixin.py:188} INFO - [2024-05-28T18:57:04.298+0000] {dag.py:3036} INFO - Sync 1 DAGs
[2024-05-28T18:57:04.349+0000] {logging_mixin.py:188} INFO - [2024-05-28T18:57:04.349+0000] {dag.py:3823} INFO - Setting next_dagrun for retries_dag to None, run_after=None
[2024-05-28T18:57:04.380+0000] {processor.py:183} INFO - Processing /opt/airflow/dags/retries_dag.py took 0.139 seconds
[2024-05-28T18:57:34.592+0000] {processor.py:161} INFO - Started process (PID=16360) to work on /opt/airflow/dags/retries_dag.py
[2024-05-28T18:57:34.602+0000] {processor.py:830} INFO - Processing file /opt/airflow/dags/retries_dag.py for tasks to queue
[2024-05-28T18:57:34.604+0000] {logging_mixin.py:188} INFO - [2024-05-28T18:57:34.604+0000] {dagbag.py:538} INFO - Filling up the DagBag from /opt/airflow/dags/retries_dag.py
[2024-05-28T18:57:34.612+0000] {processor.py:840} INFO - DAG(s) 'retries_dag' retrieved from /opt/airflow/dags/retries_dag.py
[2024-05-28T18:57:34.671+0000] {logging_mixin.py:188} INFO - [2024-05-28T18:57:34.671+0000] {dag.py:3036} INFO - Sync 1 DAGs
[2024-05-28T18:57:34.703+0000] {logging_mixin.py:188} INFO - [2024-05-28T18:57:34.703+0000] {dag.py:3823} INFO - Setting next_dagrun for retries_dag to None, run_after=None
[2024-05-28T18:57:34.749+0000] {processor.py:183} INFO - Processing /opt/airflow/dags/retries_dag.py took 0.166 seconds
[2024-05-28T18:58:05.303+0000] {processor.py:161} INFO - Started process (PID=16433) to work on /opt/airflow/dags/retries_dag.py
[2024-05-28T18:58:05.308+0000] {processor.py:830} INFO - Processing file /opt/airflow/dags/retries_dag.py for tasks to queue
[2024-05-28T18:58:05.310+0000] {logging_mixin.py:188} INFO - [2024-05-28T18:58:05.309+0000] {dagbag.py:538} INFO - Filling up the DagBag from /opt/airflow/dags/retries_dag.py
[2024-05-28T18:58:05.321+0000] {processor.py:840} INFO - DAG(s) 'retries_dag' retrieved from /opt/airflow/dags/retries_dag.py
[2024-05-28T18:58:05.372+0000] {logging_mixin.py:188} INFO - [2024-05-28T18:58:05.371+0000] {dag.py:3036} INFO - Sync 1 DAGs
[2024-05-28T18:58:05.414+0000] {logging_mixin.py:188} INFO - [2024-05-28T18:58:05.414+0000] {dag.py:3823} INFO - Setting next_dagrun for retries_dag to None, run_after=None
[2024-05-28T18:58:05.485+0000] {processor.py:183} INFO - Processing /opt/airflow/dags/retries_dag.py took 0.188 seconds
[2024-05-28T18:58:35.670+0000] {processor.py:161} INFO - Started process (PID=16505) to work on /opt/airflow/dags/retries_dag.py
[2024-05-28T18:58:35.673+0000] {processor.py:830} INFO - Processing file /opt/airflow/dags/retries_dag.py for tasks to queue
[2024-05-28T18:58:35.678+0000] {logging_mixin.py:188} INFO - [2024-05-28T18:58:35.677+0000] {dagbag.py:538} INFO - Filling up the DagBag from /opt/airflow/dags/retries_dag.py
[2024-05-28T18:58:35.691+0000] {processor.py:840} INFO - DAG(s) 'retries_dag' retrieved from /opt/airflow/dags/retries_dag.py
[2024-05-28T18:58:35.739+0000] {logging_mixin.py:188} INFO - [2024-05-28T18:58:35.739+0000] {dag.py:3036} INFO - Sync 1 DAGs
[2024-05-28T18:58:35.781+0000] {logging_mixin.py:188} INFO - [2024-05-28T18:58:35.781+0000] {dag.py:3823} INFO - Setting next_dagrun for retries_dag to None, run_after=None
[2024-05-28T18:58:35.841+0000] {processor.py:183} INFO - Processing /opt/airflow/dags/retries_dag.py took 0.178 seconds
[2024-05-28T18:59:06.076+0000] {processor.py:161} INFO - Started process (PID=16578) to work on /opt/airflow/dags/retries_dag.py
[2024-05-28T18:59:06.082+0000] {processor.py:830} INFO - Processing file /opt/airflow/dags/retries_dag.py for tasks to queue
[2024-05-28T18:59:06.083+0000] {logging_mixin.py:188} INFO - [2024-05-28T18:59:06.083+0000] {dagbag.py:538} INFO - Filling up the DagBag from /opt/airflow/dags/retries_dag.py
[2024-05-28T18:59:06.110+0000] {processor.py:840} INFO - DAG(s) 'retries_dag' retrieved from /opt/airflow/dags/retries_dag.py
[2024-05-28T18:59:06.180+0000] {logging_mixin.py:188} INFO - [2024-05-28T18:59:06.180+0000] {dag.py:3036} INFO - Sync 1 DAGs
[2024-05-28T18:59:06.245+0000] {logging_mixin.py:188} INFO - [2024-05-28T18:59:06.244+0000] {dag.py:3823} INFO - Setting next_dagrun for retries_dag to None, run_after=None
[2024-05-28T18:59:06.349+0000] {processor.py:183} INFO - Processing /opt/airflow/dags/retries_dag.py took 0.288 seconds
[2024-05-28T18:59:36.642+0000] {processor.py:161} INFO - Started process (PID=16643) to work on /opt/airflow/dags/retries_dag.py
[2024-05-28T18:59:36.643+0000] {processor.py:830} INFO - Processing file /opt/airflow/dags/retries_dag.py for tasks to queue
[2024-05-28T18:59:36.645+0000] {logging_mixin.py:188} INFO - [2024-05-28T18:59:36.645+0000] {dagbag.py:538} INFO - Filling up the DagBag from /opt/airflow/dags/retries_dag.py
[2024-05-28T18:59:36.654+0000] {processor.py:840} INFO - DAG(s) 'retries_dag' retrieved from /opt/airflow/dags/retries_dag.py
[2024-05-28T18:59:36.689+0000] {logging_mixin.py:188} INFO - [2024-05-28T18:59:36.689+0000] {dag.py:3036} INFO - Sync 1 DAGs
[2024-05-28T18:59:36.714+0000] {logging_mixin.py:188} INFO - [2024-05-28T18:59:36.713+0000] {dag.py:3823} INFO - Setting next_dagrun for retries_dag to None, run_after=None
[2024-05-28T18:59:36.750+0000] {processor.py:183} INFO - Processing /opt/airflow/dags/retries_dag.py took 0.113 seconds
[2024-05-28T19:00:06.810+0000] {processor.py:161} INFO - Started process (PID=16717) to work on /opt/airflow/dags/retries_dag.py
[2024-05-28T19:00:06.812+0000] {processor.py:830} INFO - Processing file /opt/airflow/dags/retries_dag.py for tasks to queue
[2024-05-28T19:00:06.814+0000] {logging_mixin.py:188} INFO - [2024-05-28T19:00:06.814+0000] {dagbag.py:538} INFO - Filling up the DagBag from /opt/airflow/dags/retries_dag.py
[2024-05-28T19:00:06.827+0000] {processor.py:840} INFO - DAG(s) 'retries_dag' retrieved from /opt/airflow/dags/retries_dag.py
[2024-05-28T19:00:06.876+0000] {logging_mixin.py:188} INFO - [2024-05-28T19:00:06.875+0000] {dag.py:3036} INFO - Sync 1 DAGs
[2024-05-28T19:00:06.933+0000] {logging_mixin.py:188} INFO - [2024-05-28T19:00:06.933+0000] {dag.py:3823} INFO - Setting next_dagrun for retries_dag to None, run_after=None
[2024-05-28T19:00:07.030+0000] {processor.py:183} INFO - Processing /opt/airflow/dags/retries_dag.py took 0.228 seconds
[2024-05-28T19:00:37.216+0000] {processor.py:161} INFO - Started process (PID=16787) to work on /opt/airflow/dags/retries_dag.py
[2024-05-28T19:00:37.218+0000] {processor.py:830} INFO - Processing file /opt/airflow/dags/retries_dag.py for tasks to queue
[2024-05-28T19:00:37.221+0000] {logging_mixin.py:188} INFO - [2024-05-28T19:00:37.219+0000] {dagbag.py:538} INFO - Filling up the DagBag from /opt/airflow/dags/retries_dag.py
[2024-05-28T19:00:37.230+0000] {processor.py:840} INFO - DAG(s) 'retries_dag' retrieved from /opt/airflow/dags/retries_dag.py
[2024-05-28T19:00:37.264+0000] {logging_mixin.py:188} INFO - [2024-05-28T19:00:37.263+0000] {dag.py:3036} INFO - Sync 1 DAGs
[2024-05-28T19:00:37.291+0000] {logging_mixin.py:188} INFO - [2024-05-28T19:00:37.291+0000] {dag.py:3823} INFO - Setting next_dagrun for retries_dag to None, run_after=None
[2024-05-28T19:00:37.325+0000] {processor.py:183} INFO - Processing /opt/airflow/dags/retries_dag.py took 0.116 seconds
[2024-05-28T19:01:07.405+0000] {processor.py:161} INFO - Started process (PID=16860) to work on /opt/airflow/dags/retries_dag.py
[2024-05-28T19:01:07.407+0000] {processor.py:830} INFO - Processing file /opt/airflow/dags/retries_dag.py for tasks to queue
[2024-05-28T19:01:07.408+0000] {logging_mixin.py:188} INFO - [2024-05-28T19:01:07.407+0000] {dagbag.py:538} INFO - Filling up the DagBag from /opt/airflow/dags/retries_dag.py
[2024-05-28T19:01:07.416+0000] {processor.py:840} INFO - DAG(s) 'retries_dag' retrieved from /opt/airflow/dags/retries_dag.py
[2024-05-28T19:01:07.446+0000] {logging_mixin.py:188} INFO - [2024-05-28T19:01:07.446+0000] {dag.py:3036} INFO - Sync 1 DAGs
[2024-05-28T19:01:07.470+0000] {logging_mixin.py:188} INFO - [2024-05-28T19:01:07.469+0000] {dag.py:3823} INFO - Setting next_dagrun for retries_dag to None, run_after=None
[2024-05-28T19:01:07.504+0000] {processor.py:183} INFO - Processing /opt/airflow/dags/retries_dag.py took 0.104 seconds
[2024-05-28T19:01:37.876+0000] {processor.py:161} INFO - Started process (PID=16933) to work on /opt/airflow/dags/retries_dag.py
[2024-05-28T19:01:37.877+0000] {processor.py:830} INFO - Processing file /opt/airflow/dags/retries_dag.py for tasks to queue
[2024-05-28T19:01:37.878+0000] {logging_mixin.py:188} INFO - [2024-05-28T19:01:37.878+0000] {dagbag.py:538} INFO - Filling up the DagBag from /opt/airflow/dags/retries_dag.py
[2024-05-28T19:01:37.886+0000] {processor.py:840} INFO - DAG(s) 'retries_dag' retrieved from /opt/airflow/dags/retries_dag.py
[2024-05-28T19:01:37.919+0000] {logging_mixin.py:188} INFO - [2024-05-28T19:01:37.918+0000] {dag.py:3036} INFO - Sync 1 DAGs
[2024-05-28T19:01:37.944+0000] {logging_mixin.py:188} INFO - [2024-05-28T19:01:37.944+0000] {dag.py:3823} INFO - Setting next_dagrun for retries_dag to None, run_after=None
[2024-05-28T19:01:37.982+0000] {processor.py:183} INFO - Processing /opt/airflow/dags/retries_dag.py took 0.111 seconds
[2024-05-28T19:02:08.673+0000] {processor.py:161} INFO - Started process (PID=17006) to work on /opt/airflow/dags/retries_dag.py
[2024-05-28T19:02:08.675+0000] {processor.py:830} INFO - Processing file /opt/airflow/dags/retries_dag.py for tasks to queue
[2024-05-28T19:02:08.676+0000] {logging_mixin.py:188} INFO - [2024-05-28T19:02:08.676+0000] {dagbag.py:538} INFO - Filling up the DagBag from /opt/airflow/dags/retries_dag.py
[2024-05-28T19:02:08.686+0000] {processor.py:840} INFO - DAG(s) 'retries_dag' retrieved from /opt/airflow/dags/retries_dag.py
[2024-05-28T19:02:08.721+0000] {logging_mixin.py:188} INFO - [2024-05-28T19:02:08.721+0000] {dag.py:3036} INFO - Sync 1 DAGs
[2024-05-28T19:02:08.747+0000] {logging_mixin.py:188} INFO - [2024-05-28T19:02:08.746+0000] {dag.py:3823} INFO - Setting next_dagrun for retries_dag to None, run_after=None
[2024-05-28T19:02:08.780+0000] {processor.py:183} INFO - Processing /opt/airflow/dags/retries_dag.py took 0.112 seconds
[2024-05-28T19:02:39.343+0000] {processor.py:161} INFO - Started process (PID=17079) to work on /opt/airflow/dags/retries_dag.py
[2024-05-28T19:02:39.353+0000] {processor.py:830} INFO - Processing file /opt/airflow/dags/retries_dag.py for tasks to queue
[2024-05-28T19:02:39.356+0000] {logging_mixin.py:188} INFO - [2024-05-28T19:02:39.355+0000] {dagbag.py:538} INFO - Filling up the DagBag from /opt/airflow/dags/retries_dag.py
[2024-05-28T19:02:39.373+0000] {processor.py:840} INFO - DAG(s) 'retries_dag' retrieved from /opt/airflow/dags/retries_dag.py
[2024-05-28T19:02:39.426+0000] {logging_mixin.py:188} INFO - [2024-05-28T19:02:39.426+0000] {dag.py:3036} INFO - Sync 1 DAGs
[2024-05-28T19:02:39.495+0000] {logging_mixin.py:188} INFO - [2024-05-28T19:02:39.495+0000] {dag.py:3823} INFO - Setting next_dagrun for retries_dag to None, run_after=None
[2024-05-28T19:02:39.590+0000] {processor.py:183} INFO - Processing /opt/airflow/dags/retries_dag.py took 0.255 seconds
[2024-05-28T19:03:10.425+0000] {processor.py:161} INFO - Started process (PID=17153) to work on /opt/airflow/dags/retries_dag.py
[2024-05-28T19:03:10.433+0000] {processor.py:830} INFO - Processing file /opt/airflow/dags/retries_dag.py for tasks to queue
[2024-05-28T19:03:10.435+0000] {logging_mixin.py:188} INFO - [2024-05-28T19:03:10.435+0000] {dagbag.py:538} INFO - Filling up the DagBag from /opt/airflow/dags/retries_dag.py
[2024-05-28T19:03:10.456+0000] {processor.py:840} INFO - DAG(s) 'retries_dag' retrieved from /opt/airflow/dags/retries_dag.py
[2024-05-28T19:03:10.563+0000] {logging_mixin.py:188} INFO - [2024-05-28T19:03:10.562+0000] {dag.py:3036} INFO - Sync 1 DAGs
[2024-05-28T19:03:10.692+0000] {logging_mixin.py:188} INFO - [2024-05-28T19:03:10.692+0000] {dag.py:3823} INFO - Setting next_dagrun for retries_dag to None, run_after=None
[2024-05-28T19:03:10.789+0000] {processor.py:183} INFO - Processing /opt/airflow/dags/retries_dag.py took 0.392 seconds
[2024-05-28T19:03:40.854+0000] {processor.py:161} INFO - Started process (PID=17227) to work on /opt/airflow/dags/retries_dag.py
[2024-05-28T19:03:40.855+0000] {processor.py:830} INFO - Processing file /opt/airflow/dags/retries_dag.py for tasks to queue
[2024-05-28T19:03:40.856+0000] {logging_mixin.py:188} INFO - [2024-05-28T19:03:40.855+0000] {dagbag.py:538} INFO - Filling up the DagBag from /opt/airflow/dags/retries_dag.py
[2024-05-28T19:03:40.864+0000] {processor.py:840} INFO - DAG(s) 'retries_dag' retrieved from /opt/airflow/dags/retries_dag.py
[2024-05-28T19:03:40.893+0000] {logging_mixin.py:188} INFO - [2024-05-28T19:03:40.892+0000] {dag.py:3036} INFO - Sync 1 DAGs
[2024-05-28T19:03:40.923+0000] {logging_mixin.py:188} INFO - [2024-05-28T19:03:40.923+0000] {dag.py:3823} INFO - Setting next_dagrun for retries_dag to None, run_after=None
[2024-05-28T19:03:40.956+0000] {processor.py:183} INFO - Processing /opt/airflow/dags/retries_dag.py took 0.107 seconds
[2024-05-28T19:04:10.981+0000] {processor.py:161} INFO - Started process (PID=17300) to work on /opt/airflow/dags/retries_dag.py
[2024-05-28T19:04:10.983+0000] {processor.py:830} INFO - Processing file /opt/airflow/dags/retries_dag.py for tasks to queue
[2024-05-28T19:04:10.984+0000] {logging_mixin.py:188} INFO - [2024-05-28T19:04:10.984+0000] {dagbag.py:538} INFO - Filling up the DagBag from /opt/airflow/dags/retries_dag.py
[2024-05-28T19:04:10.991+0000] {processor.py:840} INFO - DAG(s) 'retries_dag' retrieved from /opt/airflow/dags/retries_dag.py
[2024-05-28T19:04:11.016+0000] {logging_mixin.py:188} INFO - [2024-05-28T19:04:11.016+0000] {dag.py:3036} INFO - Sync 1 DAGs
[2024-05-28T19:04:11.034+0000] {logging_mixin.py:188} INFO - [2024-05-28T19:04:11.034+0000] {dag.py:3823} INFO - Setting next_dagrun for retries_dag to None, run_after=None
[2024-05-28T19:04:11.062+0000] {processor.py:183} INFO - Processing /opt/airflow/dags/retries_dag.py took 0.085 seconds
[2024-05-28T19:04:41.187+0000] {processor.py:161} INFO - Started process (PID=17373) to work on /opt/airflow/dags/retries_dag.py
[2024-05-28T19:04:41.195+0000] {processor.py:830} INFO - Processing file /opt/airflow/dags/retries_dag.py for tasks to queue
[2024-05-28T19:04:41.197+0000] {logging_mixin.py:188} INFO - [2024-05-28T19:04:41.197+0000] {dagbag.py:538} INFO - Filling up the DagBag from /opt/airflow/dags/retries_dag.py
[2024-05-28T19:04:41.206+0000] {processor.py:840} INFO - DAG(s) 'retries_dag' retrieved from /opt/airflow/dags/retries_dag.py
[2024-05-28T19:04:41.267+0000] {logging_mixin.py:188} INFO - [2024-05-28T19:04:41.267+0000] {dag.py:3036} INFO - Sync 1 DAGs
[2024-05-28T19:04:41.306+0000] {logging_mixin.py:188} INFO - [2024-05-28T19:04:41.306+0000] {dag.py:3823} INFO - Setting next_dagrun for retries_dag to None, run_after=None
[2024-05-28T19:04:41.369+0000] {processor.py:183} INFO - Processing /opt/airflow/dags/retries_dag.py took 0.196 seconds
[2024-05-28T19:05:11.988+0000] {processor.py:161} INFO - Started process (PID=17447) to work on /opt/airflow/dags/retries_dag.py
[2024-05-28T19:05:11.990+0000] {processor.py:830} INFO - Processing file /opt/airflow/dags/retries_dag.py for tasks to queue
[2024-05-28T19:05:11.992+0000] {logging_mixin.py:188} INFO - [2024-05-28T19:05:11.991+0000] {dagbag.py:538} INFO - Filling up the DagBag from /opt/airflow/dags/retries_dag.py
[2024-05-28T19:05:11.999+0000] {processor.py:840} INFO - DAG(s) 'retries_dag' retrieved from /opt/airflow/dags/retries_dag.py
[2024-05-28T19:05:12.029+0000] {logging_mixin.py:188} INFO - [2024-05-28T19:05:12.029+0000] {dag.py:3036} INFO - Sync 1 DAGs
[2024-05-28T19:05:12.057+0000] {logging_mixin.py:188} INFO - [2024-05-28T19:05:12.057+0000] {dag.py:3823} INFO - Setting next_dagrun for retries_dag to None, run_after=None
[2024-05-28T19:05:12.097+0000] {processor.py:183} INFO - Processing /opt/airflow/dags/retries_dag.py took 0.114 seconds
[2024-05-28T19:05:42.930+0000] {processor.py:161} INFO - Started process (PID=17519) to work on /opt/airflow/dags/retries_dag.py
[2024-05-28T19:05:42.931+0000] {processor.py:830} INFO - Processing file /opt/airflow/dags/retries_dag.py for tasks to queue
[2024-05-28T19:05:42.933+0000] {logging_mixin.py:188} INFO - [2024-05-28T19:05:42.932+0000] {dagbag.py:538} INFO - Filling up the DagBag from /opt/airflow/dags/retries_dag.py
[2024-05-28T19:05:42.941+0000] {processor.py:840} INFO - DAG(s) 'retries_dag' retrieved from /opt/airflow/dags/retries_dag.py
[2024-05-28T19:05:42.977+0000] {logging_mixin.py:188} INFO - [2024-05-28T19:05:42.976+0000] {dag.py:3036} INFO - Sync 1 DAGs
[2024-05-28T19:05:43.000+0000] {logging_mixin.py:188} INFO - [2024-05-28T19:05:42.999+0000] {dag.py:3823} INFO - Setting next_dagrun for retries_dag to None, run_after=None
[2024-05-28T19:05:43.030+0000] {processor.py:183} INFO - Processing /opt/airflow/dags/retries_dag.py took 0.104 seconds
[2024-05-28T19:06:13.626+0000] {processor.py:161} INFO - Started process (PID=17593) to work on /opt/airflow/dags/retries_dag.py
[2024-05-28T19:06:13.628+0000] {processor.py:830} INFO - Processing file /opt/airflow/dags/retries_dag.py for tasks to queue
[2024-05-28T19:06:13.629+0000] {logging_mixin.py:188} INFO - [2024-05-28T19:06:13.629+0000] {dagbag.py:538} INFO - Filling up the DagBag from /opt/airflow/dags/retries_dag.py
[2024-05-28T19:06:13.637+0000] {processor.py:840} INFO - DAG(s) 'retries_dag' retrieved from /opt/airflow/dags/retries_dag.py
[2024-05-28T19:06:13.666+0000] {logging_mixin.py:188} INFO - [2024-05-28T19:06:13.666+0000] {dag.py:3036} INFO - Sync 1 DAGs
[2024-05-28T19:06:13.691+0000] {logging_mixin.py:188} INFO - [2024-05-28T19:06:13.691+0000] {dag.py:3823} INFO - Setting next_dagrun for retries_dag to None, run_after=None
[2024-05-28T19:06:13.725+0000] {processor.py:183} INFO - Processing /opt/airflow/dags/retries_dag.py took 0.111 seconds
[2024-05-28T19:06:44.201+0000] {processor.py:161} INFO - Started process (PID=17666) to work on /opt/airflow/dags/retries_dag.py
[2024-05-28T19:06:44.203+0000] {processor.py:830} INFO - Processing file /opt/airflow/dags/retries_dag.py for tasks to queue
[2024-05-28T19:06:44.212+0000] {logging_mixin.py:188} INFO - [2024-05-28T19:06:44.212+0000] {dagbag.py:538} INFO - Filling up the DagBag from /opt/airflow/dags/retries_dag.py
[2024-05-28T19:06:44.221+0000] {processor.py:840} INFO - DAG(s) 'retries_dag' retrieved from /opt/airflow/dags/retries_dag.py
[2024-05-28T19:06:44.250+0000] {logging_mixin.py:188} INFO - [2024-05-28T19:06:44.249+0000] {dag.py:3036} INFO - Sync 1 DAGs
[2024-05-28T19:06:44.274+0000] {logging_mixin.py:188} INFO - [2024-05-28T19:06:44.273+0000] {dag.py:3823} INFO - Setting next_dagrun for retries_dag to None, run_after=None
[2024-05-28T19:06:44.304+0000] {processor.py:183} INFO - Processing /opt/airflow/dags/retries_dag.py took 0.109 seconds
[2024-05-28T19:07:14.833+0000] {processor.py:161} INFO - Started process (PID=17741) to work on /opt/airflow/dags/retries_dag.py
[2024-05-28T19:07:14.835+0000] {processor.py:830} INFO - Processing file /opt/airflow/dags/retries_dag.py for tasks to queue
[2024-05-28T19:07:14.837+0000] {logging_mixin.py:188} INFO - [2024-05-28T19:07:14.836+0000] {dagbag.py:538} INFO - Filling up the DagBag from /opt/airflow/dags/retries_dag.py
[2024-05-28T19:07:14.846+0000] {processor.py:840} INFO - DAG(s) 'retries_dag' retrieved from /opt/airflow/dags/retries_dag.py
[2024-05-28T19:07:14.880+0000] {logging_mixin.py:188} INFO - [2024-05-28T19:07:14.879+0000] {dag.py:3036} INFO - Sync 1 DAGs
[2024-05-28T19:07:14.907+0000] {logging_mixin.py:188} INFO - [2024-05-28T19:07:14.906+0000] {dag.py:3823} INFO - Setting next_dagrun for retries_dag to None, run_after=None
[2024-05-28T19:07:14.937+0000] {processor.py:183} INFO - Processing /opt/airflow/dags/retries_dag.py took 0.118 seconds
[2024-05-28T19:07:45.566+0000] {processor.py:161} INFO - Started process (PID=17814) to work on /opt/airflow/dags/retries_dag.py
[2024-05-28T19:07:45.567+0000] {processor.py:830} INFO - Processing file /opt/airflow/dags/retries_dag.py for tasks to queue
[2024-05-28T19:07:45.568+0000] {logging_mixin.py:188} INFO - [2024-05-28T19:07:45.568+0000] {dagbag.py:538} INFO - Filling up the DagBag from /opt/airflow/dags/retries_dag.py
[2024-05-28T19:07:45.576+0000] {processor.py:840} INFO - DAG(s) 'retries_dag' retrieved from /opt/airflow/dags/retries_dag.py
[2024-05-28T19:07:45.610+0000] {logging_mixin.py:188} INFO - [2024-05-28T19:07:45.609+0000] {dag.py:3036} INFO - Sync 1 DAGs
[2024-05-28T19:07:45.631+0000] {logging_mixin.py:188} INFO - [2024-05-28T19:07:45.631+0000] {dag.py:3823} INFO - Setting next_dagrun for retries_dag to None, run_after=None
[2024-05-28T19:07:45.667+0000] {processor.py:183} INFO - Processing /opt/airflow/dags/retries_dag.py took 0.106 seconds
[2024-05-28T19:08:16.090+0000] {processor.py:161} INFO - Started process (PID=17887) to work on /opt/airflow/dags/retries_dag.py
[2024-05-28T19:08:16.092+0000] {processor.py:830} INFO - Processing file /opt/airflow/dags/retries_dag.py for tasks to queue
[2024-05-28T19:08:16.093+0000] {logging_mixin.py:188} INFO - [2024-05-28T19:08:16.093+0000] {dagbag.py:538} INFO - Filling up the DagBag from /opt/airflow/dags/retries_dag.py
[2024-05-28T19:08:16.103+0000] {processor.py:840} INFO - DAG(s) 'retries_dag' retrieved from /opt/airflow/dags/retries_dag.py
[2024-05-28T19:08:16.128+0000] {logging_mixin.py:188} INFO - [2024-05-28T19:08:16.128+0000] {dag.py:3036} INFO - Sync 1 DAGs
[2024-05-28T19:08:16.149+0000] {logging_mixin.py:188} INFO - [2024-05-28T19:08:16.149+0000] {dag.py:3823} INFO - Setting next_dagrun for retries_dag to None, run_after=None
[2024-05-28T19:08:16.181+0000] {processor.py:183} INFO - Processing /opt/airflow/dags/retries_dag.py took 0.095 seconds
[2024-05-28T19:08:46.434+0000] {processor.py:161} INFO - Started process (PID=17960) to work on /opt/airflow/dags/retries_dag.py
[2024-05-28T19:08:46.436+0000] {processor.py:830} INFO - Processing file /opt/airflow/dags/retries_dag.py for tasks to queue
[2024-05-28T19:08:46.437+0000] {logging_mixin.py:188} INFO - [2024-05-28T19:08:46.437+0000] {dagbag.py:538} INFO - Filling up the DagBag from /opt/airflow/dags/retries_dag.py
[2024-05-28T19:08:46.446+0000] {processor.py:840} INFO - DAG(s) 'retries_dag' retrieved from /opt/airflow/dags/retries_dag.py
[2024-05-28T19:08:46.474+0000] {logging_mixin.py:188} INFO - [2024-05-28T19:08:46.474+0000] {dag.py:3036} INFO - Sync 1 DAGs
[2024-05-28T19:08:46.499+0000] {logging_mixin.py:188} INFO - [2024-05-28T19:08:46.498+0000] {dag.py:3823} INFO - Setting next_dagrun for retries_dag to None, run_after=None
[2024-05-28T19:08:46.547+0000] {processor.py:183} INFO - Processing /opt/airflow/dags/retries_dag.py took 0.120 seconds
[2024-05-28T19:09:17.239+0000] {processor.py:161} INFO - Started process (PID=18033) to work on /opt/airflow/dags/retries_dag.py
[2024-05-28T19:09:17.241+0000] {processor.py:830} INFO - Processing file /opt/airflow/dags/retries_dag.py for tasks to queue
[2024-05-28T19:09:17.242+0000] {logging_mixin.py:188} INFO - [2024-05-28T19:09:17.242+0000] {dagbag.py:538} INFO - Filling up the DagBag from /opt/airflow/dags/retries_dag.py
[2024-05-28T19:09:17.251+0000] {processor.py:840} INFO - DAG(s) 'retries_dag' retrieved from /opt/airflow/dags/retries_dag.py
[2024-05-28T19:09:17.290+0000] {logging_mixin.py:188} INFO - [2024-05-28T19:09:17.289+0000] {dag.py:3036} INFO - Sync 1 DAGs
[2024-05-28T19:09:17.316+0000] {logging_mixin.py:188} INFO - [2024-05-28T19:09:17.315+0000] {dag.py:3823} INFO - Setting next_dagrun for retries_dag to None, run_after=None
[2024-05-28T19:09:17.351+0000] {processor.py:183} INFO - Processing /opt/airflow/dags/retries_dag.py took 0.117 seconds
[2024-05-28T19:09:47.877+0000] {processor.py:161} INFO - Started process (PID=18107) to work on /opt/airflow/dags/retries_dag.py
[2024-05-28T19:09:47.883+0000] {processor.py:830} INFO - Processing file /opt/airflow/dags/retries_dag.py for tasks to queue
[2024-05-28T19:09:47.885+0000] {logging_mixin.py:188} INFO - [2024-05-28T19:09:47.884+0000] {dagbag.py:538} INFO - Filling up the DagBag from /opt/airflow/dags/retries_dag.py
[2024-05-28T19:09:47.901+0000] {processor.py:840} INFO - DAG(s) 'retries_dag' retrieved from /opt/airflow/dags/retries_dag.py
[2024-05-28T19:09:47.937+0000] {logging_mixin.py:188} INFO - [2024-05-28T19:09:47.936+0000] {dag.py:3036} INFO - Sync 1 DAGs
[2024-05-28T19:09:47.963+0000] {logging_mixin.py:188} INFO - [2024-05-28T19:09:47.963+0000] {dag.py:3823} INFO - Setting next_dagrun for retries_dag to None, run_after=None
[2024-05-28T19:09:48.007+0000] {processor.py:183} INFO - Processing /opt/airflow/dags/retries_dag.py took 0.146 seconds
[2024-05-28T19:10:18.695+0000] {processor.py:161} INFO - Started process (PID=18181) to work on /opt/airflow/dags/retries_dag.py
[2024-05-28T19:10:18.699+0000] {processor.py:830} INFO - Processing file /opt/airflow/dags/retries_dag.py for tasks to queue
[2024-05-28T19:10:18.701+0000] {logging_mixin.py:188} INFO - [2024-05-28T19:10:18.700+0000] {dagbag.py:538} INFO - Filling up the DagBag from /opt/airflow/dags/retries_dag.py
[2024-05-28T19:10:18.709+0000] {processor.py:840} INFO - DAG(s) 'retries_dag' retrieved from /opt/airflow/dags/retries_dag.py
[2024-05-28T19:10:18.773+0000] {logging_mixin.py:188} INFO - [2024-05-28T19:10:18.773+0000] {dag.py:3036} INFO - Sync 1 DAGs
[2024-05-28T19:10:18.799+0000] {logging_mixin.py:188} INFO - [2024-05-28T19:10:18.798+0000] {dag.py:3823} INFO - Setting next_dagrun for retries_dag to None, run_after=None
[2024-05-28T19:10:18.834+0000] {processor.py:183} INFO - Processing /opt/airflow/dags/retries_dag.py took 0.146 seconds
[2024-05-28T19:10:49.007+0000] {processor.py:161} INFO - Started process (PID=18255) to work on /opt/airflow/dags/retries_dag.py
[2024-05-28T19:10:49.008+0000] {processor.py:830} INFO - Processing file /opt/airflow/dags/retries_dag.py for tasks to queue
[2024-05-28T19:10:49.010+0000] {logging_mixin.py:188} INFO - [2024-05-28T19:10:49.009+0000] {dagbag.py:538} INFO - Filling up the DagBag from /opt/airflow/dags/retries_dag.py
[2024-05-28T19:10:49.042+0000] {processor.py:840} INFO - DAG(s) 'retries_dag' retrieved from /opt/airflow/dags/retries_dag.py
[2024-05-28T19:10:49.081+0000] {logging_mixin.py:188} INFO - [2024-05-28T19:10:49.080+0000] {dag.py:3036} INFO - Sync 1 DAGs
[2024-05-28T19:10:49.151+0000] {logging_mixin.py:188} INFO - [2024-05-28T19:10:49.151+0000] {dag.py:3823} INFO - Setting next_dagrun for retries_dag to None, run_after=None
[2024-05-28T19:10:49.224+0000] {processor.py:183} INFO - Processing /opt/airflow/dags/retries_dag.py took 0.238 seconds
[2024-05-28T19:11:19.392+0000] {processor.py:161} INFO - Started process (PID=18321) to work on /opt/airflow/dags/retries_dag.py
[2024-05-28T19:11:19.394+0000] {processor.py:830} INFO - Processing file /opt/airflow/dags/retries_dag.py for tasks to queue
[2024-05-28T19:11:19.395+0000] {logging_mixin.py:188} INFO - [2024-05-28T19:11:19.395+0000] {dagbag.py:538} INFO - Filling up the DagBag from /opt/airflow/dags/retries_dag.py
[2024-05-28T19:11:19.425+0000] {processor.py:840} INFO - DAG(s) 'retries_dag' retrieved from /opt/airflow/dags/retries_dag.py
[2024-05-28T19:11:19.537+0000] {logging_mixin.py:188} INFO - [2024-05-28T19:11:19.537+0000] {dag.py:3036} INFO - Sync 1 DAGs
[2024-05-28T19:11:19.617+0000] {logging_mixin.py:188} INFO - [2024-05-28T19:11:19.617+0000] {dag.py:3823} INFO - Setting next_dagrun for retries_dag to None, run_after=None
[2024-05-28T19:11:19.801+0000] {processor.py:183} INFO - Processing /opt/airflow/dags/retries_dag.py took 0.425 seconds
[2024-05-28T19:11:50.392+0000] {processor.py:161} INFO - Started process (PID=18395) to work on /opt/airflow/dags/retries_dag.py
[2024-05-28T19:11:50.400+0000] {processor.py:830} INFO - Processing file /opt/airflow/dags/retries_dag.py for tasks to queue
[2024-05-28T19:11:50.408+0000] {logging_mixin.py:188} INFO - [2024-05-28T19:11:50.408+0000] {dagbag.py:538} INFO - Filling up the DagBag from /opt/airflow/dags/retries_dag.py
[2024-05-28T19:11:50.443+0000] {processor.py:840} INFO - DAG(s) 'retries_dag' retrieved from /opt/airflow/dags/retries_dag.py
[2024-05-28T19:11:50.544+0000] {logging_mixin.py:188} INFO - [2024-05-28T19:11:50.544+0000] {dag.py:3036} INFO - Sync 1 DAGs
[2024-05-28T19:11:50.646+0000] {logging_mixin.py:188} INFO - [2024-05-28T19:11:50.646+0000] {dag.py:3823} INFO - Setting next_dagrun for retries_dag to None, run_after=None
[2024-05-28T19:11:50.718+0000] {processor.py:183} INFO - Processing /opt/airflow/dags/retries_dag.py took 0.351 seconds
[2024-05-28T19:12:21.114+0000] {processor.py:161} INFO - Started process (PID=18459) to work on /opt/airflow/dags/retries_dag.py
[2024-05-28T19:12:21.129+0000] {processor.py:830} INFO - Processing file /opt/airflow/dags/retries_dag.py for tasks to queue
[2024-05-28T19:12:21.135+0000] {logging_mixin.py:188} INFO - [2024-05-28T19:12:21.135+0000] {dagbag.py:538} INFO - Filling up the DagBag from /opt/airflow/dags/retries_dag.py
[2024-05-28T19:12:21.150+0000] {processor.py:840} INFO - DAG(s) 'retries_dag' retrieved from /opt/airflow/dags/retries_dag.py
[2024-05-28T19:12:21.236+0000] {logging_mixin.py:188} INFO - [2024-05-28T19:12:21.236+0000] {dag.py:3036} INFO - Sync 1 DAGs
[2024-05-28T19:12:21.331+0000] {logging_mixin.py:188} INFO - [2024-05-28T19:12:21.330+0000] {dag.py:3823} INFO - Setting next_dagrun for retries_dag to None, run_after=None
[2024-05-28T19:12:21.510+0000] {processor.py:183} INFO - Processing /opt/airflow/dags/retries_dag.py took 0.407 seconds
[2024-05-28T19:12:52.895+0000] {processor.py:161} INFO - Started process (PID=18532) to work on /opt/airflow/dags/retries_dag.py
[2024-05-28T19:12:52.903+0000] {processor.py:830} INFO - Processing file /opt/airflow/dags/retries_dag.py for tasks to queue
[2024-05-28T19:12:52.905+0000] {logging_mixin.py:188} INFO - [2024-05-28T19:12:52.904+0000] {dagbag.py:538} INFO - Filling up the DagBag from /opt/airflow/dags/retries_dag.py
[2024-05-28T19:12:52.937+0000] {processor.py:840} INFO - DAG(s) 'retries_dag' retrieved from /opt/airflow/dags/retries_dag.py
[2024-05-28T19:12:53.036+0000] {logging_mixin.py:188} INFO - [2024-05-28T19:12:53.036+0000] {dag.py:3036} INFO - Sync 1 DAGs
[2024-05-28T19:12:53.127+0000] {logging_mixin.py:188} INFO - [2024-05-28T19:12:53.114+0000] {dag.py:3823} INFO - Setting next_dagrun for retries_dag to None, run_after=None
[2024-05-28T19:12:53.217+0000] {processor.py:183} INFO - Processing /opt/airflow/dags/retries_dag.py took 0.347 seconds
[2024-05-28T19:13:23.498+0000] {processor.py:161} INFO - Started process (PID=18602) to work on /opt/airflow/dags/retries_dag.py
[2024-05-28T19:13:23.535+0000] {processor.py:830} INFO - Processing file /opt/airflow/dags/retries_dag.py for tasks to queue
[2024-05-28T19:13:23.537+0000] {logging_mixin.py:188} INFO - [2024-05-28T19:13:23.536+0000] {dagbag.py:538} INFO - Filling up the DagBag from /opt/airflow/dags/retries_dag.py
[2024-05-28T19:13:23.565+0000] {processor.py:840} INFO - DAG(s) 'retries_dag' retrieved from /opt/airflow/dags/retries_dag.py
[2024-05-28T19:13:23.644+0000] {logging_mixin.py:188} INFO - [2024-05-28T19:13:23.643+0000] {dag.py:3036} INFO - Sync 1 DAGs
[2024-05-28T19:13:23.715+0000] {logging_mixin.py:188} INFO - [2024-05-28T19:13:23.706+0000] {dag.py:3823} INFO - Setting next_dagrun for retries_dag to None, run_after=None
[2024-05-28T19:13:23.813+0000] {processor.py:183} INFO - Processing /opt/airflow/dags/retries_dag.py took 0.328 seconds
[2024-05-28T19:13:53.879+0000] {processor.py:161} INFO - Started process (PID=18667) to work on /opt/airflow/dags/retries_dag.py
[2024-05-28T19:13:53.881+0000] {processor.py:830} INFO - Processing file /opt/airflow/dags/retries_dag.py for tasks to queue
[2024-05-28T19:13:53.882+0000] {logging_mixin.py:188} INFO - [2024-05-28T19:13:53.882+0000] {dagbag.py:538} INFO - Filling up the DagBag from /opt/airflow/dags/retries_dag.py
[2024-05-28T19:13:53.901+0000] {processor.py:840} INFO - DAG(s) 'retries_dag' retrieved from /opt/airflow/dags/retries_dag.py
[2024-05-28T19:13:53.958+0000] {logging_mixin.py:188} INFO - [2024-05-28T19:13:53.957+0000] {dag.py:3036} INFO - Sync 1 DAGs
[2024-05-28T19:13:54.011+0000] {logging_mixin.py:188} INFO - [2024-05-28T19:13:54.011+0000] {dag.py:3823} INFO - Setting next_dagrun for retries_dag to None, run_after=None
[2024-05-28T19:13:54.073+0000] {processor.py:183} INFO - Processing /opt/airflow/dags/retries_dag.py took 0.199 seconds
[2024-05-28T19:14:24.946+0000] {processor.py:161} INFO - Started process (PID=18740) to work on /opt/airflow/dags/retries_dag.py
[2024-05-28T19:14:24.947+0000] {processor.py:830} INFO - Processing file /opt/airflow/dags/retries_dag.py for tasks to queue
[2024-05-28T19:14:24.949+0000] {logging_mixin.py:188} INFO - [2024-05-28T19:14:24.948+0000] {dagbag.py:538} INFO - Filling up the DagBag from /opt/airflow/dags/retries_dag.py
[2024-05-28T19:14:24.957+0000] {processor.py:840} INFO - DAG(s) 'retries_dag' retrieved from /opt/airflow/dags/retries_dag.py
[2024-05-28T19:14:24.989+0000] {logging_mixin.py:188} INFO - [2024-05-28T19:14:24.988+0000] {dag.py:3036} INFO - Sync 1 DAGs
[2024-05-28T19:14:25.015+0000] {logging_mixin.py:188} INFO - [2024-05-28T19:14:25.015+0000] {dag.py:3823} INFO - Setting next_dagrun for retries_dag to None, run_after=None
[2024-05-28T19:14:25.066+0000] {processor.py:183} INFO - Processing /opt/airflow/dags/retries_dag.py took 0.125 seconds
[2024-05-28T19:14:55.249+0000] {processor.py:161} INFO - Started process (PID=18814) to work on /opt/airflow/dags/retries_dag.py
[2024-05-28T19:14:55.251+0000] {processor.py:830} INFO - Processing file /opt/airflow/dags/retries_dag.py for tasks to queue
[2024-05-28T19:14:55.252+0000] {logging_mixin.py:188} INFO - [2024-05-28T19:14:55.252+0000] {dagbag.py:538} INFO - Filling up the DagBag from /opt/airflow/dags/retries_dag.py
[2024-05-28T19:14:55.262+0000] {processor.py:840} INFO - DAG(s) 'retries_dag' retrieved from /opt/airflow/dags/retries_dag.py
[2024-05-28T19:14:55.296+0000] {logging_mixin.py:188} INFO - [2024-05-28T19:14:55.296+0000] {dag.py:3036} INFO - Sync 1 DAGs
[2024-05-28T19:14:55.321+0000] {logging_mixin.py:188} INFO - [2024-05-28T19:14:55.320+0000] {dag.py:3823} INFO - Setting next_dagrun for retries_dag to None, run_after=None
[2024-05-28T19:14:55.353+0000] {processor.py:183} INFO - Processing /opt/airflow/dags/retries_dag.py took 0.109 seconds
[2024-05-28T19:15:26.151+0000] {processor.py:161} INFO - Started process (PID=18889) to work on /opt/airflow/dags/retries_dag.py
[2024-05-28T19:15:26.153+0000] {processor.py:830} INFO - Processing file /opt/airflow/dags/retries_dag.py for tasks to queue
[2024-05-28T19:15:26.156+0000] {logging_mixin.py:188} INFO - [2024-05-28T19:15:26.155+0000] {dagbag.py:538} INFO - Filling up the DagBag from /opt/airflow/dags/retries_dag.py
[2024-05-28T19:15:26.176+0000] {processor.py:840} INFO - DAG(s) 'retries_dag' retrieved from /opt/airflow/dags/retries_dag.py
[2024-05-28T19:15:26.221+0000] {logging_mixin.py:188} INFO - [2024-05-28T19:15:26.220+0000] {dag.py:3036} INFO - Sync 1 DAGs
[2024-05-28T19:15:26.254+0000] {logging_mixin.py:188} INFO - [2024-05-28T19:15:26.253+0000] {dag.py:3823} INFO - Setting next_dagrun for retries_dag to None, run_after=None
[2024-05-28T19:15:26.284+0000] {processor.py:183} INFO - Processing /opt/airflow/dags/retries_dag.py took 0.138 seconds
[2024-05-28T19:15:56.954+0000] {processor.py:161} INFO - Started process (PID=18964) to work on /opt/airflow/dags/retries_dag.py
[2024-05-28T19:15:56.955+0000] {processor.py:830} INFO - Processing file /opt/airflow/dags/retries_dag.py for tasks to queue
[2024-05-28T19:15:56.957+0000] {logging_mixin.py:188} INFO - [2024-05-28T19:15:56.956+0000] {dagbag.py:538} INFO - Filling up the DagBag from /opt/airflow/dags/retries_dag.py
[2024-05-28T19:15:56.966+0000] {processor.py:840} INFO - DAG(s) 'retries_dag' retrieved from /opt/airflow/dags/retries_dag.py
[2024-05-28T19:15:57.030+0000] {logging_mixin.py:188} INFO - [2024-05-28T19:15:57.030+0000] {dag.py:3036} INFO - Sync 1 DAGs
[2024-05-28T19:15:57.077+0000] {logging_mixin.py:188} INFO - [2024-05-28T19:15:57.076+0000] {dag.py:3823} INFO - Setting next_dagrun for retries_dag to None, run_after=None
[2024-05-28T19:15:57.109+0000] {processor.py:183} INFO - Processing /opt/airflow/dags/retries_dag.py took 0.167 seconds
[2024-05-28T19:16:27.305+0000] {processor.py:161} INFO - Started process (PID=19038) to work on /opt/airflow/dags/retries_dag.py
[2024-05-28T19:16:27.307+0000] {processor.py:830} INFO - Processing file /opt/airflow/dags/retries_dag.py for tasks to queue
[2024-05-28T19:16:27.308+0000] {logging_mixin.py:188} INFO - [2024-05-28T19:16:27.308+0000] {dagbag.py:538} INFO - Filling up the DagBag from /opt/airflow/dags/retries_dag.py
[2024-05-28T19:16:27.317+0000] {processor.py:840} INFO - DAG(s) 'retries_dag' retrieved from /opt/airflow/dags/retries_dag.py
[2024-05-28T19:16:27.349+0000] {logging_mixin.py:188} INFO - [2024-05-28T19:16:27.348+0000] {dag.py:3036} INFO - Sync 1 DAGs
[2024-05-28T19:16:27.374+0000] {logging_mixin.py:188} INFO - [2024-05-28T19:16:27.373+0000] {dag.py:3823} INFO - Setting next_dagrun for retries_dag to None, run_after=None
[2024-05-28T19:16:27.446+0000] {processor.py:183} INFO - Processing /opt/airflow/dags/retries_dag.py took 0.147 seconds
[2024-05-28T19:16:57.736+0000] {processor.py:161} INFO - Started process (PID=19113) to work on /opt/airflow/dags/retries_dag.py
[2024-05-28T19:16:57.738+0000] {processor.py:830} INFO - Processing file /opt/airflow/dags/retries_dag.py for tasks to queue
[2024-05-28T19:16:57.740+0000] {logging_mixin.py:188} INFO - [2024-05-28T19:16:57.739+0000] {dagbag.py:538} INFO - Filling up the DagBag from /opt/airflow/dags/retries_dag.py
[2024-05-28T19:16:57.749+0000] {processor.py:840} INFO - DAG(s) 'retries_dag' retrieved from /opt/airflow/dags/retries_dag.py
[2024-05-28T19:16:57.783+0000] {logging_mixin.py:188} INFO - [2024-05-28T19:16:57.782+0000] {dag.py:3036} INFO - Sync 1 DAGs
[2024-05-28T19:16:57.820+0000] {logging_mixin.py:188} INFO - [2024-05-28T19:16:57.819+0000] {dag.py:3823} INFO - Setting next_dagrun for retries_dag to None, run_after=None
[2024-05-28T19:16:57.870+0000] {processor.py:183} INFO - Processing /opt/airflow/dags/retries_dag.py took 0.140 seconds
[2024-05-28T19:17:28.625+0000] {processor.py:161} INFO - Started process (PID=19187) to work on /opt/airflow/dags/retries_dag.py
[2024-05-28T19:17:28.639+0000] {processor.py:830} INFO - Processing file /opt/airflow/dags/retries_dag.py for tasks to queue
[2024-05-28T19:17:28.644+0000] {logging_mixin.py:188} INFO - [2024-05-28T19:17:28.644+0000] {dagbag.py:538} INFO - Filling up the DagBag from /opt/airflow/dags/retries_dag.py
[2024-05-28T19:17:28.660+0000] {processor.py:840} INFO - DAG(s) 'retries_dag' retrieved from /opt/airflow/dags/retries_dag.py
[2024-05-28T19:17:28.760+0000] {logging_mixin.py:188} INFO - [2024-05-28T19:17:28.760+0000] {dag.py:3036} INFO - Sync 1 DAGs
[2024-05-28T19:17:28.891+0000] {logging_mixin.py:188} INFO - [2024-05-28T19:17:28.890+0000] {dag.py:3823} INFO - Setting next_dagrun for retries_dag to None, run_after=None
[2024-05-28T19:17:28.974+0000] {processor.py:183} INFO - Processing /opt/airflow/dags/retries_dag.py took 0.359 seconds
[2024-05-28T19:17:59.289+0000] {processor.py:161} INFO - Started process (PID=19262) to work on /opt/airflow/dags/retries_dag.py
[2024-05-28T19:17:59.295+0000] {processor.py:830} INFO - Processing file /opt/airflow/dags/retries_dag.py for tasks to queue
[2024-05-28T19:17:59.297+0000] {logging_mixin.py:188} INFO - [2024-05-28T19:17:59.297+0000] {dagbag.py:538} INFO - Filling up the DagBag from /opt/airflow/dags/retries_dag.py
[2024-05-28T19:17:59.306+0000] {processor.py:840} INFO - DAG(s) 'retries_dag' retrieved from /opt/airflow/dags/retries_dag.py
[2024-05-28T19:17:59.361+0000] {logging_mixin.py:188} INFO - [2024-05-28T19:17:59.360+0000] {dag.py:3036} INFO - Sync 1 DAGs
[2024-05-28T19:17:59.392+0000] {logging_mixin.py:188} INFO - [2024-05-28T19:17:59.392+0000] {dag.py:3823} INFO - Setting next_dagrun for retries_dag to None, run_after=None
[2024-05-28T19:17:59.470+0000] {processor.py:183} INFO - Processing /opt/airflow/dags/retries_dag.py took 0.194 seconds
[2024-05-28T19:18:29.992+0000] {processor.py:161} INFO - Started process (PID=19336) to work on /opt/airflow/dags/retries_dag.py
[2024-05-28T19:18:30.003+0000] {processor.py:830} INFO - Processing file /opt/airflow/dags/retries_dag.py for tasks to queue
[2024-05-28T19:18:30.005+0000] {logging_mixin.py:188} INFO - [2024-05-28T19:18:30.004+0000] {dagbag.py:538} INFO - Filling up the DagBag from /opt/airflow/dags/retries_dag.py
[2024-05-28T19:18:30.031+0000] {processor.py:840} INFO - DAG(s) 'retries_dag' retrieved from /opt/airflow/dags/retries_dag.py
[2024-05-28T19:18:30.100+0000] {logging_mixin.py:188} INFO - [2024-05-28T19:18:30.100+0000] {dag.py:3036} INFO - Sync 1 DAGs
[2024-05-28T19:18:30.728+0000] {logging_mixin.py:188} INFO - [2024-05-28T19:18:30.728+0000] {dag.py:3823} INFO - Setting next_dagrun for retries_dag to None, run_after=None
[2024-05-28T19:18:30.829+0000] {processor.py:183} INFO - Processing /opt/airflow/dags/retries_dag.py took 0.842 seconds
[2024-05-28T19:19:01.710+0000] {processor.py:161} INFO - Started process (PID=19408) to work on /opt/airflow/dags/retries_dag.py
[2024-05-28T19:19:01.712+0000] {processor.py:830} INFO - Processing file /opt/airflow/dags/retries_dag.py for tasks to queue
[2024-05-28T19:19:01.714+0000] {logging_mixin.py:188} INFO - [2024-05-28T19:19:01.714+0000] {dagbag.py:538} INFO - Filling up the DagBag from /opt/airflow/dags/retries_dag.py
[2024-05-28T19:19:01.738+0000] {processor.py:840} INFO - DAG(s) 'retries_dag' retrieved from /opt/airflow/dags/retries_dag.py
[2024-05-28T19:19:01.807+0000] {logging_mixin.py:188} INFO - [2024-05-28T19:19:01.807+0000] {dag.py:3036} INFO - Sync 1 DAGs
[2024-05-28T19:19:02.432+0000] {logging_mixin.py:188} INFO - [2024-05-28T19:19:02.431+0000] {dag.py:3823} INFO - Setting next_dagrun for retries_dag to None, run_after=None
[2024-05-28T19:19:02.552+0000] {processor.py:183} INFO - Processing /opt/airflow/dags/retries_dag.py took 0.866 seconds
[2024-05-28T19:19:32.804+0000] {processor.py:161} INFO - Started process (PID=19475) to work on /opt/airflow/dags/retries_dag.py
[2024-05-28T19:19:32.806+0000] {processor.py:830} INFO - Processing file /opt/airflow/dags/retries_dag.py for tasks to queue
[2024-05-28T19:19:32.808+0000] {logging_mixin.py:188} INFO - [2024-05-28T19:19:32.807+0000] {dagbag.py:538} INFO - Filling up the DagBag from /opt/airflow/dags/retries_dag.py
[2024-05-28T19:19:32.816+0000] {processor.py:840} INFO - DAG(s) 'retries_dag' retrieved from /opt/airflow/dags/retries_dag.py
[2024-05-28T19:19:32.849+0000] {logging_mixin.py:188} INFO - [2024-05-28T19:19:32.848+0000] {dag.py:3036} INFO - Sync 1 DAGs
[2024-05-28T19:19:32.874+0000] {logging_mixin.py:188} INFO - [2024-05-28T19:19:32.874+0000] {dag.py:3823} INFO - Setting next_dagrun for retries_dag to None, run_after=None
[2024-05-28T19:19:32.910+0000] {processor.py:183} INFO - Processing /opt/airflow/dags/retries_dag.py took 0.111 seconds
[2024-05-28T19:20:03.056+0000] {processor.py:161} INFO - Started process (PID=19549) to work on /opt/airflow/dags/retries_dag.py
[2024-05-28T19:20:03.057+0000] {processor.py:830} INFO - Processing file /opt/airflow/dags/retries_dag.py for tasks to queue
[2024-05-28T19:20:03.058+0000] {logging_mixin.py:188} INFO - [2024-05-28T19:20:03.058+0000] {dagbag.py:538} INFO - Filling up the DagBag from /opt/airflow/dags/retries_dag.py
[2024-05-28T19:20:03.065+0000] {processor.py:840} INFO - DAG(s) 'retries_dag' retrieved from /opt/airflow/dags/retries_dag.py
[2024-05-28T19:20:03.095+0000] {logging_mixin.py:188} INFO - [2024-05-28T19:20:03.094+0000] {dag.py:3036} INFO - Sync 1 DAGs
[2024-05-28T19:20:03.118+0000] {logging_mixin.py:188} INFO - [2024-05-28T19:20:03.118+0000] {dag.py:3823} INFO - Setting next_dagrun for retries_dag to None, run_after=None
[2024-05-28T19:20:03.151+0000] {processor.py:183} INFO - Processing /opt/airflow/dags/retries_dag.py took 0.100 seconds
[2024-05-28T19:20:33.908+0000] {processor.py:161} INFO - Started process (PID=19622) to work on /opt/airflow/dags/retries_dag.py
[2024-05-28T19:20:33.910+0000] {processor.py:830} INFO - Processing file /opt/airflow/dags/retries_dag.py for tasks to queue
[2024-05-28T19:20:33.911+0000] {logging_mixin.py:188} INFO - [2024-05-28T19:20:33.911+0000] {dagbag.py:538} INFO - Filling up the DagBag from /opt/airflow/dags/retries_dag.py
[2024-05-28T19:20:33.918+0000] {processor.py:840} INFO - DAG(s) 'retries_dag' retrieved from /opt/airflow/dags/retries_dag.py
[2024-05-28T19:20:33.945+0000] {logging_mixin.py:188} INFO - [2024-05-28T19:20:33.945+0000] {dag.py:3036} INFO - Sync 1 DAGs
[2024-05-28T19:20:33.965+0000] {logging_mixin.py:188} INFO - [2024-05-28T19:20:33.965+0000] {dag.py:3823} INFO - Setting next_dagrun for retries_dag to None, run_after=None
[2024-05-28T19:20:33.995+0000] {processor.py:183} INFO - Processing /opt/airflow/dags/retries_dag.py took 0.091 seconds
[2024-05-28T19:21:04.218+0000] {processor.py:161} INFO - Started process (PID=19697) to work on /opt/airflow/dags/retries_dag.py
[2024-05-28T19:21:04.220+0000] {processor.py:830} INFO - Processing file /opt/airflow/dags/retries_dag.py for tasks to queue
[2024-05-28T19:21:04.221+0000] {logging_mixin.py:188} INFO - [2024-05-28T19:21:04.221+0000] {dagbag.py:538} INFO - Filling up the DagBag from /opt/airflow/dags/retries_dag.py
[2024-05-28T19:21:04.228+0000] {processor.py:840} INFO - DAG(s) 'retries_dag' retrieved from /opt/airflow/dags/retries_dag.py
[2024-05-28T19:21:04.254+0000] {logging_mixin.py:188} INFO - [2024-05-28T19:21:04.253+0000] {dag.py:3036} INFO - Sync 1 DAGs
[2024-05-28T19:21:04.273+0000] {logging_mixin.py:188} INFO - [2024-05-28T19:21:04.272+0000] {dag.py:3823} INFO - Setting next_dagrun for retries_dag to None, run_after=None
[2024-05-28T19:21:04.301+0000] {processor.py:183} INFO - Processing /opt/airflow/dags/retries_dag.py took 0.090 seconds
[2024-05-28T19:21:34.774+0000] {processor.py:161} INFO - Started process (PID=19771) to work on /opt/airflow/dags/retries_dag.py
[2024-05-28T19:21:34.776+0000] {processor.py:830} INFO - Processing file /opt/airflow/dags/retries_dag.py for tasks to queue
[2024-05-28T19:21:34.777+0000] {logging_mixin.py:188} INFO - [2024-05-28T19:21:34.777+0000] {dagbag.py:538} INFO - Filling up the DagBag from /opt/airflow/dags/retries_dag.py
[2024-05-28T19:21:34.786+0000] {processor.py:840} INFO - DAG(s) 'retries_dag' retrieved from /opt/airflow/dags/retries_dag.py
[2024-05-28T19:21:34.817+0000] {logging_mixin.py:188} INFO - [2024-05-28T19:21:34.816+0000] {dag.py:3036} INFO - Sync 1 DAGs
[2024-05-28T19:21:34.850+0000] {logging_mixin.py:188} INFO - [2024-05-28T19:21:34.849+0000] {dag.py:3823} INFO - Setting next_dagrun for retries_dag to None, run_after=None
[2024-05-28T19:21:34.877+0000] {processor.py:183} INFO - Processing /opt/airflow/dags/retries_dag.py took 0.108 seconds
[2024-05-28T19:22:05.624+0000] {processor.py:161} INFO - Started process (PID=19845) to work on /opt/airflow/dags/retries_dag.py
[2024-05-28T19:22:05.626+0000] {processor.py:830} INFO - Processing file /opt/airflow/dags/retries_dag.py for tasks to queue
[2024-05-28T19:22:05.627+0000] {logging_mixin.py:188} INFO - [2024-05-28T19:22:05.627+0000] {dagbag.py:538} INFO - Filling up the DagBag from /opt/airflow/dags/retries_dag.py
[2024-05-28T19:22:05.635+0000] {processor.py:840} INFO - DAG(s) 'retries_dag' retrieved from /opt/airflow/dags/retries_dag.py
[2024-05-28T19:22:05.666+0000] {logging_mixin.py:188} INFO - [2024-05-28T19:22:05.665+0000] {dag.py:3036} INFO - Sync 1 DAGs
[2024-05-28T19:22:05.689+0000] {logging_mixin.py:188} INFO - [2024-05-28T19:22:05.689+0000] {dag.py:3823} INFO - Setting next_dagrun for retries_dag to None, run_after=None
[2024-05-28T19:22:05.720+0000] {processor.py:183} INFO - Processing /opt/airflow/dags/retries_dag.py took 0.101 seconds
[2024-05-28T19:22:36.095+0000] {processor.py:161} INFO - Started process (PID=19919) to work on /opt/airflow/dags/retries_dag.py
[2024-05-28T19:22:36.098+0000] {processor.py:830} INFO - Processing file /opt/airflow/dags/retries_dag.py for tasks to queue
[2024-05-28T19:22:36.101+0000] {logging_mixin.py:188} INFO - [2024-05-28T19:22:36.100+0000] {dagbag.py:538} INFO - Filling up the DagBag from /opt/airflow/dags/retries_dag.py
[2024-05-28T19:22:36.111+0000] {processor.py:840} INFO - DAG(s) 'retries_dag' retrieved from /opt/airflow/dags/retries_dag.py
[2024-05-28T19:22:36.177+0000] {logging_mixin.py:188} INFO - [2024-05-28T19:22:36.176+0000] {dag.py:3036} INFO - Sync 1 DAGs
[2024-05-28T19:22:36.222+0000] {logging_mixin.py:188} INFO - [2024-05-28T19:22:36.221+0000] {dag.py:3823} INFO - Setting next_dagrun for retries_dag to None, run_after=None
[2024-05-28T19:22:36.264+0000] {processor.py:183} INFO - Processing /opt/airflow/dags/retries_dag.py took 0.185 seconds
[2024-05-28T19:23:06.537+0000] {processor.py:161} INFO - Started process (PID=19994) to work on /opt/airflow/dags/retries_dag.py
[2024-05-28T19:23:06.538+0000] {processor.py:830} INFO - Processing file /opt/airflow/dags/retries_dag.py for tasks to queue
[2024-05-28T19:23:06.539+0000] {logging_mixin.py:188} INFO - [2024-05-28T19:23:06.539+0000] {dagbag.py:538} INFO - Filling up the DagBag from /opt/airflow/dags/retries_dag.py
[2024-05-28T19:23:06.547+0000] {processor.py:840} INFO - DAG(s) 'retries_dag' retrieved from /opt/airflow/dags/retries_dag.py
[2024-05-28T19:23:06.573+0000] {logging_mixin.py:188} INFO - [2024-05-28T19:23:06.573+0000] {dag.py:3036} INFO - Sync 1 DAGs
[2024-05-28T19:23:06.601+0000] {logging_mixin.py:188} INFO - [2024-05-28T19:23:06.600+0000] {dag.py:3823} INFO - Setting next_dagrun for retries_dag to None, run_after=None
[2024-05-28T19:23:06.660+0000] {processor.py:183} INFO - Processing /opt/airflow/dags/retries_dag.py took 0.127 seconds
[2024-05-28T19:23:37.370+0000] {processor.py:161} INFO - Started process (PID=20068) to work on /opt/airflow/dags/retries_dag.py
[2024-05-28T19:23:37.371+0000] {processor.py:830} INFO - Processing file /opt/airflow/dags/retries_dag.py for tasks to queue
[2024-05-28T19:23:37.372+0000] {logging_mixin.py:188} INFO - [2024-05-28T19:23:37.372+0000] {dagbag.py:538} INFO - Filling up the DagBag from /opt/airflow/dags/retries_dag.py
[2024-05-28T19:23:37.379+0000] {processor.py:840} INFO - DAG(s) 'retries_dag' retrieved from /opt/airflow/dags/retries_dag.py
[2024-05-28T19:23:37.404+0000] {logging_mixin.py:188} INFO - [2024-05-28T19:23:37.403+0000] {dag.py:3036} INFO - Sync 1 DAGs
[2024-05-28T19:23:37.425+0000] {logging_mixin.py:188} INFO - [2024-05-28T19:23:37.424+0000] {dag.py:3823} INFO - Setting next_dagrun for retries_dag to None, run_after=None
[2024-05-28T19:23:37.452+0000] {processor.py:183} INFO - Processing /opt/airflow/dags/retries_dag.py took 0.086 seconds
[2024-05-28T19:24:07.659+0000] {processor.py:161} INFO - Started process (PID=20142) to work on /opt/airflow/dags/retries_dag.py
[2024-05-28T19:24:07.660+0000] {processor.py:830} INFO - Processing file /opt/airflow/dags/retries_dag.py for tasks to queue
[2024-05-28T19:24:07.661+0000] {logging_mixin.py:188} INFO - [2024-05-28T19:24:07.661+0000] {dagbag.py:538} INFO - Filling up the DagBag from /opt/airflow/dags/retries_dag.py
[2024-05-28T19:24:07.669+0000] {processor.py:840} INFO - DAG(s) 'retries_dag' retrieved from /opt/airflow/dags/retries_dag.py
[2024-05-28T19:24:07.696+0000] {logging_mixin.py:188} INFO - [2024-05-28T19:24:07.696+0000] {dag.py:3036} INFO - Sync 1 DAGs
[2024-05-28T19:24:07.717+0000] {logging_mixin.py:188} INFO - [2024-05-28T19:24:07.716+0000] {dag.py:3823} INFO - Setting next_dagrun for retries_dag to None, run_after=None
[2024-05-28T19:24:07.744+0000] {processor.py:183} INFO - Processing /opt/airflow/dags/retries_dag.py took 0.089 seconds
[2024-05-28T19:24:38.028+0000] {processor.py:161} INFO - Started process (PID=20216) to work on /opt/airflow/dags/retries_dag.py
[2024-05-28T19:24:38.030+0000] {processor.py:830} INFO - Processing file /opt/airflow/dags/retries_dag.py for tasks to queue
[2024-05-28T19:24:38.032+0000] {logging_mixin.py:188} INFO - [2024-05-28T19:24:38.031+0000] {dagbag.py:538} INFO - Filling up the DagBag from /opt/airflow/dags/retries_dag.py
[2024-05-28T19:24:38.041+0000] {processor.py:840} INFO - DAG(s) 'retries_dag' retrieved from /opt/airflow/dags/retries_dag.py
[2024-05-28T19:24:38.074+0000] {logging_mixin.py:188} INFO - [2024-05-28T19:24:38.074+0000] {dag.py:3036} INFO - Sync 1 DAGs
[2024-05-28T19:24:38.102+0000] {logging_mixin.py:188} INFO - [2024-05-28T19:24:38.102+0000] {dag.py:3823} INFO - Setting next_dagrun for retries_dag to None, run_after=None
[2024-05-28T19:24:38.132+0000] {processor.py:183} INFO - Processing /opt/airflow/dags/retries_dag.py took 0.111 seconds
[2024-05-28T19:25:08.842+0000] {processor.py:161} INFO - Started process (PID=20290) to work on /opt/airflow/dags/retries_dag.py
[2024-05-28T19:25:08.843+0000] {processor.py:830} INFO - Processing file /opt/airflow/dags/retries_dag.py for tasks to queue
[2024-05-28T19:25:08.844+0000] {logging_mixin.py:188} INFO - [2024-05-28T19:25:08.843+0000] {dagbag.py:538} INFO - Filling up the DagBag from /opt/airflow/dags/retries_dag.py
[2024-05-28T19:25:08.850+0000] {processor.py:840} INFO - DAG(s) 'retries_dag' retrieved from /opt/airflow/dags/retries_dag.py
[2024-05-28T19:25:08.875+0000] {logging_mixin.py:188} INFO - [2024-05-28T19:25:08.874+0000] {dag.py:3036} INFO - Sync 1 DAGs
[2024-05-28T19:25:08.894+0000] {logging_mixin.py:188} INFO - [2024-05-28T19:25:08.893+0000] {dag.py:3823} INFO - Setting next_dagrun for retries_dag to None, run_after=None
[2024-05-28T19:25:08.921+0000] {processor.py:183} INFO - Processing /opt/airflow/dags/retries_dag.py took 0.083 seconds
[2024-05-28T19:25:39.538+0000] {processor.py:161} INFO - Started process (PID=20364) to work on /opt/airflow/dags/retries_dag.py
[2024-05-28T19:25:39.540+0000] {processor.py:830} INFO - Processing file /opt/airflow/dags/retries_dag.py for tasks to queue
[2024-05-28T19:25:39.541+0000] {logging_mixin.py:188} INFO - [2024-05-28T19:25:39.541+0000] {dagbag.py:538} INFO - Filling up the DagBag from /opt/airflow/dags/retries_dag.py
[2024-05-28T19:25:39.557+0000] {processor.py:840} INFO - DAG(s) 'retries_dag' retrieved from /opt/airflow/dags/retries_dag.py
[2024-05-28T19:25:39.586+0000] {logging_mixin.py:188} INFO - [2024-05-28T19:25:39.586+0000] {dag.py:3036} INFO - Sync 1 DAGs
[2024-05-28T19:25:39.610+0000] {logging_mixin.py:188} INFO - [2024-05-28T19:25:39.609+0000] {dag.py:3823} INFO - Setting next_dagrun for retries_dag to None, run_after=None
[2024-05-28T19:25:39.650+0000] {processor.py:183} INFO - Processing /opt/airflow/dags/retries_dag.py took 0.117 seconds
[2024-05-28T19:26:09.814+0000] {processor.py:161} INFO - Started process (PID=20438) to work on /opt/airflow/dags/retries_dag.py
[2024-05-28T19:26:09.816+0000] {processor.py:830} INFO - Processing file /opt/airflow/dags/retries_dag.py for tasks to queue
[2024-05-28T19:26:09.817+0000] {logging_mixin.py:188} INFO - [2024-05-28T19:26:09.817+0000] {dagbag.py:538} INFO - Filling up the DagBag from /opt/airflow/dags/retries_dag.py
[2024-05-28T19:26:09.826+0000] {processor.py:840} INFO - DAG(s) 'retries_dag' retrieved from /opt/airflow/dags/retries_dag.py
[2024-05-28T19:26:09.856+0000] {logging_mixin.py:188} INFO - [2024-05-28T19:26:09.856+0000] {dag.py:3036} INFO - Sync 1 DAGs
[2024-05-28T19:26:09.881+0000] {logging_mixin.py:188} INFO - [2024-05-28T19:26:09.880+0000] {dag.py:3823} INFO - Setting next_dagrun for retries_dag to None, run_after=None
[2024-05-28T19:26:09.917+0000] {processor.py:183} INFO - Processing /opt/airflow/dags/retries_dag.py took 0.108 seconds
[2024-05-28T19:26:39.952+0000] {processor.py:161} INFO - Started process (PID=20514) to work on /opt/airflow/dags/retries_dag.py
[2024-05-28T19:26:39.953+0000] {processor.py:830} INFO - Processing file /opt/airflow/dags/retries_dag.py for tasks to queue
[2024-05-28T19:26:39.955+0000] {logging_mixin.py:188} INFO - [2024-05-28T19:26:39.954+0000] {dagbag.py:538} INFO - Filling up the DagBag from /opt/airflow/dags/retries_dag.py
[2024-05-28T19:26:39.963+0000] {processor.py:840} INFO - DAG(s) 'retries_dag' retrieved from /opt/airflow/dags/retries_dag.py
[2024-05-28T19:26:39.994+0000] {logging_mixin.py:188} INFO - [2024-05-28T19:26:39.993+0000] {dag.py:3036} INFO - Sync 1 DAGs
[2024-05-28T19:26:40.018+0000] {logging_mixin.py:188} INFO - [2024-05-28T19:26:40.018+0000] {dag.py:3823} INFO - Setting next_dagrun for retries_dag to None, run_after=None
[2024-05-28T19:26:40.051+0000] {processor.py:183} INFO - Processing /opt/airflow/dags/retries_dag.py took 0.104 seconds
[2024-05-28T19:27:10.833+0000] {processor.py:161} INFO - Started process (PID=20589) to work on /opt/airflow/dags/retries_dag.py
[2024-05-28T19:27:10.834+0000] {processor.py:830} INFO - Processing file /opt/airflow/dags/retries_dag.py for tasks to queue
[2024-05-28T19:27:10.844+0000] {logging_mixin.py:188} INFO - [2024-05-28T19:27:10.843+0000] {dagbag.py:538} INFO - Filling up the DagBag from /opt/airflow/dags/retries_dag.py
[2024-05-28T19:27:10.867+0000] {processor.py:840} INFO - DAG(s) 'retries_dag' retrieved from /opt/airflow/dags/retries_dag.py
[2024-05-28T19:27:10.945+0000] {logging_mixin.py:188} INFO - [2024-05-28T19:27:10.945+0000] {dag.py:3036} INFO - Sync 1 DAGs
[2024-05-28T19:27:11.011+0000] {logging_mixin.py:188} INFO - [2024-05-28T19:27:11.011+0000] {dag.py:3823} INFO - Setting next_dagrun for retries_dag to None, run_after=None
[2024-05-28T19:27:11.082+0000] {processor.py:183} INFO - Processing /opt/airflow/dags/retries_dag.py took 0.253 seconds
[2024-05-28T19:27:41.317+0000] {processor.py:161} INFO - Started process (PID=20663) to work on /opt/airflow/dags/retries_dag.py
[2024-05-28T19:27:41.327+0000] {processor.py:830} INFO - Processing file /opt/airflow/dags/retries_dag.py for tasks to queue
[2024-05-28T19:27:41.329+0000] {logging_mixin.py:188} INFO - [2024-05-28T19:27:41.328+0000] {dagbag.py:538} INFO - Filling up the DagBag from /opt/airflow/dags/retries_dag.py
[2024-05-28T19:27:41.345+0000] {processor.py:840} INFO - DAG(s) 'retries_dag' retrieved from /opt/airflow/dags/retries_dag.py
[2024-05-28T19:27:41.404+0000] {logging_mixin.py:188} INFO - [2024-05-28T19:27:41.404+0000] {dag.py:3036} INFO - Sync 1 DAGs
[2024-05-28T19:27:41.444+0000] {logging_mixin.py:188} INFO - [2024-05-28T19:27:41.444+0000] {dag.py:3823} INFO - Setting next_dagrun for retries_dag to None, run_after=None
[2024-05-28T19:27:41.508+0000] {processor.py:183} INFO - Processing /opt/airflow/dags/retries_dag.py took 0.200 seconds
[2024-05-28T19:28:11.695+0000] {processor.py:161} INFO - Started process (PID=20729) to work on /opt/airflow/dags/retries_dag.py
[2024-05-28T19:28:11.697+0000] {processor.py:830} INFO - Processing file /opt/airflow/dags/retries_dag.py for tasks to queue
[2024-05-28T19:28:11.699+0000] {logging_mixin.py:188} INFO - [2024-05-28T19:28:11.698+0000] {dagbag.py:538} INFO - Filling up the DagBag from /opt/airflow/dags/retries_dag.py
[2024-05-28T19:28:11.708+0000] {processor.py:840} INFO - DAG(s) 'retries_dag' retrieved from /opt/airflow/dags/retries_dag.py
[2024-05-28T19:28:11.751+0000] {logging_mixin.py:188} INFO - [2024-05-28T19:28:11.750+0000] {dag.py:3036} INFO - Sync 1 DAGs
[2024-05-28T19:28:11.808+0000] {logging_mixin.py:188} INFO - [2024-05-28T19:28:11.808+0000] {dag.py:3823} INFO - Setting next_dagrun for retries_dag to None, run_after=None
[2024-05-28T19:28:11.974+0000] {processor.py:183} INFO - Processing /opt/airflow/dags/retries_dag.py took 0.285 seconds
[2024-05-28T19:28:42.345+0000] {processor.py:161} INFO - Started process (PID=20804) to work on /opt/airflow/dags/retries_dag.py
[2024-05-28T19:28:42.347+0000] {processor.py:830} INFO - Processing file /opt/airflow/dags/retries_dag.py for tasks to queue
[2024-05-28T19:28:42.348+0000] {logging_mixin.py:188} INFO - [2024-05-28T19:28:42.347+0000] {dagbag.py:538} INFO - Filling up the DagBag from /opt/airflow/dags/retries_dag.py
[2024-05-28T19:28:42.354+0000] {processor.py:840} INFO - DAG(s) 'retries_dag' retrieved from /opt/airflow/dags/retries_dag.py
[2024-05-28T19:28:42.378+0000] {logging_mixin.py:188} INFO - [2024-05-28T19:28:42.378+0000] {dag.py:3036} INFO - Sync 1 DAGs
[2024-05-28T19:28:42.396+0000] {logging_mixin.py:188} INFO - [2024-05-28T19:28:42.395+0000] {dag.py:3823} INFO - Setting next_dagrun for retries_dag to None, run_after=None
[2024-05-28T19:28:42.424+0000] {processor.py:183} INFO - Processing /opt/airflow/dags/retries_dag.py took 0.082 seconds
[2024-05-28T19:29:13.225+0000] {processor.py:161} INFO - Started process (PID=20887) to work on /opt/airflow/dags/retries_dag.py
[2024-05-28T19:29:13.226+0000] {processor.py:830} INFO - Processing file /opt/airflow/dags/retries_dag.py for tasks to queue
[2024-05-28T19:29:13.227+0000] {logging_mixin.py:188} INFO - [2024-05-28T19:29:13.227+0000] {dagbag.py:538} INFO - Filling up the DagBag from /opt/airflow/dags/retries_dag.py
[2024-05-28T19:29:13.242+0000] {processor.py:840} INFO - DAG(s) 'retries_dag' retrieved from /opt/airflow/dags/retries_dag.py
[2024-05-28T19:29:13.270+0000] {logging_mixin.py:188} INFO - [2024-05-28T19:29:13.270+0000] {dag.py:3036} INFO - Sync 1 DAGs
[2024-05-28T19:29:13.293+0000] {logging_mixin.py:188} INFO - [2024-05-28T19:29:13.293+0000] {dag.py:3823} INFO - Setting next_dagrun for retries_dag to None, run_after=None
[2024-05-28T19:29:13.323+0000] {processor.py:183} INFO - Processing /opt/airflow/dags/retries_dag.py took 0.103 seconds
[2024-05-28T19:29:43.887+0000] {processor.py:161} INFO - Started process (PID=20962) to work on /opt/airflow/dags/retries_dag.py
[2024-05-28T19:29:43.890+0000] {processor.py:830} INFO - Processing file /opt/airflow/dags/retries_dag.py for tasks to queue
[2024-05-28T19:29:43.892+0000] {logging_mixin.py:188} INFO - [2024-05-28T19:29:43.891+0000] {dagbag.py:538} INFO - Filling up the DagBag from /opt/airflow/dags/retries_dag.py
[2024-05-28T19:29:43.908+0000] {processor.py:840} INFO - DAG(s) 'retries_dag' retrieved from /opt/airflow/dags/retries_dag.py
[2024-05-28T19:29:43.956+0000] {logging_mixin.py:188} INFO - [2024-05-28T19:29:43.956+0000] {dag.py:3036} INFO - Sync 1 DAGs
[2024-05-28T19:29:43.982+0000] {logging_mixin.py:188} INFO - [2024-05-28T19:29:43.982+0000] {dag.py:3823} INFO - Setting next_dagrun for retries_dag to None, run_after=None
[2024-05-28T19:29:44.017+0000] {processor.py:183} INFO - Processing /opt/airflow/dags/retries_dag.py took 0.135 seconds
[2024-05-28T19:30:14.076+0000] {processor.py:161} INFO - Started process (PID=21037) to work on /opt/airflow/dags/retries_dag.py
[2024-05-28T19:30:14.078+0000] {processor.py:830} INFO - Processing file /opt/airflow/dags/retries_dag.py for tasks to queue
[2024-05-28T19:30:14.079+0000] {logging_mixin.py:188} INFO - [2024-05-28T19:30:14.078+0000] {dagbag.py:538} INFO - Filling up the DagBag from /opt/airflow/dags/retries_dag.py
[2024-05-28T19:30:14.096+0000] {processor.py:840} INFO - DAG(s) 'retries_dag' retrieved from /opt/airflow/dags/retries_dag.py
[2024-05-28T19:30:14.146+0000] {logging_mixin.py:188} INFO - [2024-05-28T19:30:14.146+0000] {dag.py:3036} INFO - Sync 1 DAGs
[2024-05-28T19:30:14.196+0000] {logging_mixin.py:188} INFO - [2024-05-28T19:30:14.195+0000] {dag.py:3823} INFO - Setting next_dagrun for retries_dag to None, run_after=None
[2024-05-28T19:30:14.229+0000] {processor.py:183} INFO - Processing /opt/airflow/dags/retries_dag.py took 0.166 seconds
[2024-05-28T19:30:44.780+0000] {processor.py:161} INFO - Started process (PID=21109) to work on /opt/airflow/dags/retries_dag.py
[2024-05-28T19:30:44.784+0000] {processor.py:830} INFO - Processing file /opt/airflow/dags/retries_dag.py for tasks to queue
[2024-05-28T19:30:44.785+0000] {logging_mixin.py:188} INFO - [2024-05-28T19:30:44.785+0000] {dagbag.py:538} INFO - Filling up the DagBag from /opt/airflow/dags/retries_dag.py
[2024-05-28T19:30:44.798+0000] {processor.py:840} INFO - DAG(s) 'retries_dag' retrieved from /opt/airflow/dags/retries_dag.py
[2024-05-28T19:30:44.857+0000] {logging_mixin.py:188} INFO - [2024-05-28T19:30:44.857+0000] {dag.py:3036} INFO - Sync 1 DAGs
[2024-05-28T19:30:44.898+0000] {logging_mixin.py:188} INFO - [2024-05-28T19:30:44.897+0000] {dag.py:3823} INFO - Setting next_dagrun for retries_dag to None, run_after=None
[2024-05-28T19:30:44.963+0000] {processor.py:183} INFO - Processing /opt/airflow/dags/retries_dag.py took 0.189 seconds
[2024-05-28T19:31:15.475+0000] {processor.py:161} INFO - Started process (PID=21184) to work on /opt/airflow/dags/retries_dag.py
[2024-05-28T19:31:15.476+0000] {processor.py:830} INFO - Processing file /opt/airflow/dags/retries_dag.py for tasks to queue
[2024-05-28T19:31:15.477+0000] {logging_mixin.py:188} INFO - [2024-05-28T19:31:15.477+0000] {dagbag.py:538} INFO - Filling up the DagBag from /opt/airflow/dags/retries_dag.py
[2024-05-28T19:31:15.497+0000] {processor.py:840} INFO - DAG(s) 'retries_dag' retrieved from /opt/airflow/dags/retries_dag.py
[2024-05-28T19:31:15.556+0000] {logging_mixin.py:188} INFO - [2024-05-28T19:31:15.555+0000] {dag.py:3036} INFO - Sync 1 DAGs
[2024-05-28T19:31:15.587+0000] {logging_mixin.py:188} INFO - [2024-05-28T19:31:15.587+0000] {dag.py:3823} INFO - Setting next_dagrun for retries_dag to None, run_after=None
[2024-05-28T19:31:15.649+0000] {processor.py:183} INFO - Processing /opt/airflow/dags/retries_dag.py took 0.186 seconds
[2024-05-28T19:31:45.949+0000] {processor.py:161} INFO - Started process (PID=21258) to work on /opt/airflow/dags/retries_dag.py
[2024-05-28T19:31:45.955+0000] {processor.py:830} INFO - Processing file /opt/airflow/dags/retries_dag.py for tasks to queue
[2024-05-28T19:31:45.958+0000] {logging_mixin.py:188} INFO - [2024-05-28T19:31:45.958+0000] {dagbag.py:538} INFO - Filling up the DagBag from /opt/airflow/dags/retries_dag.py
[2024-05-28T19:31:45.976+0000] {processor.py:840} INFO - DAG(s) 'retries_dag' retrieved from /opt/airflow/dags/retries_dag.py
[2024-05-28T19:31:46.042+0000] {logging_mixin.py:188} INFO - [2024-05-28T19:31:46.041+0000] {dag.py:3036} INFO - Sync 1 DAGs
[2024-05-28T19:31:46.081+0000] {logging_mixin.py:188} INFO - [2024-05-28T19:31:46.081+0000] {dag.py:3823} INFO - Setting next_dagrun for retries_dag to None, run_after=None
[2024-05-28T19:31:46.127+0000] {processor.py:183} INFO - Processing /opt/airflow/dags/retries_dag.py took 0.188 seconds
[2024-05-28T19:32:16.580+0000] {processor.py:161} INFO - Started process (PID=21324) to work on /opt/airflow/dags/retries_dag.py
[2024-05-28T19:32:16.581+0000] {processor.py:830} INFO - Processing file /opt/airflow/dags/retries_dag.py for tasks to queue
[2024-05-28T19:32:16.582+0000] {logging_mixin.py:188} INFO - [2024-05-28T19:32:16.582+0000] {dagbag.py:538} INFO - Filling up the DagBag from /opt/airflow/dags/retries_dag.py
[2024-05-28T19:32:16.591+0000] {processor.py:840} INFO - DAG(s) 'retries_dag' retrieved from /opt/airflow/dags/retries_dag.py
[2024-05-28T19:32:16.622+0000] {logging_mixin.py:188} INFO - [2024-05-28T19:32:16.622+0000] {dag.py:3036} INFO - Sync 1 DAGs
[2024-05-28T19:32:16.648+0000] {logging_mixin.py:188} INFO - [2024-05-28T19:32:16.648+0000] {dag.py:3823} INFO - Setting next_dagrun for retries_dag to None, run_after=None
[2024-05-28T19:32:16.690+0000] {processor.py:183} INFO - Processing /opt/airflow/dags/retries_dag.py took 0.115 seconds
[2024-05-28T19:32:46.963+0000] {processor.py:161} INFO - Started process (PID=21397) to work on /opt/airflow/dags/retries_dag.py
[2024-05-28T19:32:46.965+0000] {processor.py:830} INFO - Processing file /opt/airflow/dags/retries_dag.py for tasks to queue
[2024-05-28T19:32:46.966+0000] {logging_mixin.py:188} INFO - [2024-05-28T19:32:46.966+0000] {dagbag.py:538} INFO - Filling up the DagBag from /opt/airflow/dags/retries_dag.py
[2024-05-28T19:32:46.974+0000] {processor.py:840} INFO - DAG(s) 'retries_dag' retrieved from /opt/airflow/dags/retries_dag.py
[2024-05-28T19:32:47.004+0000] {logging_mixin.py:188} INFO - [2024-05-28T19:32:47.003+0000] {dag.py:3036} INFO - Sync 1 DAGs
[2024-05-28T19:32:47.027+0000] {logging_mixin.py:188} INFO - [2024-05-28T19:32:47.027+0000] {dag.py:3823} INFO - Setting next_dagrun for retries_dag to None, run_after=None
[2024-05-28T19:32:47.058+0000] {processor.py:183} INFO - Processing /opt/airflow/dags/retries_dag.py took 0.099 seconds
[2024-05-28T19:33:17.634+0000] {processor.py:161} INFO - Started process (PID=21470) to work on /opt/airflow/dags/retries_dag.py
[2024-05-28T19:33:17.638+0000] {processor.py:830} INFO - Processing file /opt/airflow/dags/retries_dag.py for tasks to queue
[2024-05-28T19:33:17.639+0000] {logging_mixin.py:188} INFO - [2024-05-28T19:33:17.639+0000] {dagbag.py:538} INFO - Filling up the DagBag from /opt/airflow/dags/retries_dag.py
[2024-05-28T19:33:17.649+0000] {processor.py:840} INFO - DAG(s) 'retries_dag' retrieved from /opt/airflow/dags/retries_dag.py
[2024-05-28T19:33:17.729+0000] {logging_mixin.py:188} INFO - [2024-05-28T19:33:17.728+0000] {dag.py:3036} INFO - Sync 1 DAGs
[2024-05-28T19:33:17.756+0000] {logging_mixin.py:188} INFO - [2024-05-28T19:33:17.756+0000] {dag.py:3823} INFO - Setting next_dagrun for retries_dag to None, run_after=None
[2024-05-28T19:33:17.791+0000] {processor.py:183} INFO - Processing /opt/airflow/dags/retries_dag.py took 0.164 seconds
[2024-05-28T19:33:48.048+0000] {processor.py:161} INFO - Started process (PID=21544) to work on /opt/airflow/dags/retries_dag.py
[2024-05-28T19:33:48.049+0000] {processor.py:830} INFO - Processing file /opt/airflow/dags/retries_dag.py for tasks to queue
[2024-05-28T19:33:48.050+0000] {logging_mixin.py:188} INFO - [2024-05-28T19:33:48.050+0000] {dagbag.py:538} INFO - Filling up the DagBag from /opt/airflow/dags/retries_dag.py
[2024-05-28T19:33:48.058+0000] {processor.py:840} INFO - DAG(s) 'retries_dag' retrieved from /opt/airflow/dags/retries_dag.py
[2024-05-28T19:33:48.093+0000] {logging_mixin.py:188} INFO - [2024-05-28T19:33:48.093+0000] {dag.py:3036} INFO - Sync 1 DAGs
[2024-05-28T19:33:48.118+0000] {logging_mixin.py:188} INFO - [2024-05-28T19:33:48.118+0000] {dag.py:3823} INFO - Setting next_dagrun for retries_dag to None, run_after=None
[2024-05-28T19:33:48.149+0000] {processor.py:183} INFO - Processing /opt/airflow/dags/retries_dag.py took 0.106 seconds
[2024-05-28T19:34:18.317+0000] {processor.py:161} INFO - Started process (PID=21618) to work on /opt/airflow/dags/retries_dag.py
[2024-05-28T19:34:18.319+0000] {processor.py:830} INFO - Processing file /opt/airflow/dags/retries_dag.py for tasks to queue
[2024-05-28T19:34:18.321+0000] {logging_mixin.py:188} INFO - [2024-05-28T19:34:18.320+0000] {dagbag.py:538} INFO - Filling up the DagBag from /opt/airflow/dags/retries_dag.py
[2024-05-28T19:34:18.329+0000] {processor.py:840} INFO - DAG(s) 'retries_dag' retrieved from /opt/airflow/dags/retries_dag.py
[2024-05-28T19:34:18.360+0000] {logging_mixin.py:188} INFO - [2024-05-28T19:34:18.359+0000] {dag.py:3036} INFO - Sync 1 DAGs
[2024-05-28T19:34:18.386+0000] {logging_mixin.py:188} INFO - [2024-05-28T19:34:18.386+0000] {dag.py:3823} INFO - Setting next_dagrun for retries_dag to None, run_after=None
[2024-05-28T19:34:18.433+0000] {processor.py:183} INFO - Processing /opt/airflow/dags/retries_dag.py took 0.122 seconds
[2024-05-28T19:34:48.661+0000] {processor.py:161} INFO - Started process (PID=21691) to work on /opt/airflow/dags/retries_dag.py
[2024-05-28T19:34:48.669+0000] {processor.py:830} INFO - Processing file /opt/airflow/dags/retries_dag.py for tasks to queue
[2024-05-28T19:34:48.671+0000] {logging_mixin.py:188} INFO - [2024-05-28T19:34:48.670+0000] {dagbag.py:538} INFO - Filling up the DagBag from /opt/airflow/dags/retries_dag.py
[2024-05-28T19:34:48.683+0000] {processor.py:840} INFO - DAG(s) 'retries_dag' retrieved from /opt/airflow/dags/retries_dag.py
[2024-05-28T19:34:48.735+0000] {logging_mixin.py:188} INFO - [2024-05-28T19:34:48.734+0000] {dag.py:3036} INFO - Sync 1 DAGs
[2024-05-28T19:34:48.759+0000] {logging_mixin.py:188} INFO - [2024-05-28T19:34:48.759+0000] {dag.py:3823} INFO - Setting next_dagrun for retries_dag to None, run_after=None
[2024-05-28T19:34:48.848+0000] {processor.py:183} INFO - Processing /opt/airflow/dags/retries_dag.py took 0.193 seconds
[2024-05-28T19:35:19.118+0000] {processor.py:161} INFO - Started process (PID=21766) to work on /opt/airflow/dags/retries_dag.py
[2024-05-28T19:35:19.120+0000] {processor.py:830} INFO - Processing file /opt/airflow/dags/retries_dag.py for tasks to queue
[2024-05-28T19:35:19.122+0000] {logging_mixin.py:188} INFO - [2024-05-28T19:35:19.121+0000] {dagbag.py:538} INFO - Filling up the DagBag from /opt/airflow/dags/retries_dag.py
[2024-05-28T19:35:19.130+0000] {processor.py:840} INFO - DAG(s) 'retries_dag' retrieved from /opt/airflow/dags/retries_dag.py
[2024-05-28T19:35:19.167+0000] {logging_mixin.py:188} INFO - [2024-05-28T19:35:19.166+0000] {dag.py:3036} INFO - Sync 1 DAGs
[2024-05-28T19:35:19.202+0000] {logging_mixin.py:188} INFO - [2024-05-28T19:35:19.202+0000] {dag.py:3823} INFO - Setting next_dagrun for retries_dag to None, run_after=None
[2024-05-28T19:35:19.233+0000] {processor.py:183} INFO - Processing /opt/airflow/dags/retries_dag.py took 0.120 seconds
[2024-05-28T19:35:49.403+0000] {processor.py:161} INFO - Started process (PID=21840) to work on /opt/airflow/dags/retries_dag.py
[2024-05-28T19:35:49.404+0000] {processor.py:830} INFO - Processing file /opt/airflow/dags/retries_dag.py for tasks to queue
[2024-05-28T19:35:49.407+0000] {logging_mixin.py:188} INFO - [2024-05-28T19:35:49.407+0000] {dagbag.py:538} INFO - Filling up the DagBag from /opt/airflow/dags/retries_dag.py
[2024-05-28T19:35:49.420+0000] {processor.py:840} INFO - DAG(s) 'retries_dag' retrieved from /opt/airflow/dags/retries_dag.py
[2024-05-28T19:35:49.453+0000] {logging_mixin.py:188} INFO - [2024-05-28T19:35:49.452+0000] {dag.py:3036} INFO - Sync 1 DAGs
[2024-05-28T19:35:49.478+0000] {logging_mixin.py:188} INFO - [2024-05-28T19:35:49.478+0000] {dag.py:3823} INFO - Setting next_dagrun for retries_dag to None, run_after=None
[2024-05-28T19:35:49.514+0000] {processor.py:183} INFO - Processing /opt/airflow/dags/retries_dag.py took 0.116 seconds
[2024-05-28T19:36:19.611+0000] {processor.py:161} INFO - Started process (PID=21912) to work on /opt/airflow/dags/retries_dag.py
[2024-05-28T19:36:19.614+0000] {processor.py:830} INFO - Processing file /opt/airflow/dags/retries_dag.py for tasks to queue
[2024-05-28T19:36:19.615+0000] {logging_mixin.py:188} INFO - [2024-05-28T19:36:19.615+0000] {dagbag.py:538} INFO - Filling up the DagBag from /opt/airflow/dags/retries_dag.py
[2024-05-28T19:36:19.624+0000] {processor.py:840} INFO - DAG(s) 'retries_dag' retrieved from /opt/airflow/dags/retries_dag.py
[2024-05-28T19:36:19.662+0000] {logging_mixin.py:188} INFO - [2024-05-28T19:36:19.662+0000] {dag.py:3036} INFO - Sync 1 DAGs
[2024-05-28T19:36:19.699+0000] {logging_mixin.py:188} INFO - [2024-05-28T19:36:19.698+0000] {dag.py:3823} INFO - Setting next_dagrun for retries_dag to None, run_after=None
[2024-05-28T19:36:19.739+0000] {processor.py:183} INFO - Processing /opt/airflow/dags/retries_dag.py took 0.134 seconds
