[2024-05-26T14:27:43.902+0000] {processor.py:161} INFO - Started process (PID=25736) to work on /opt/airflow/dags/exo_dag.py
[2024-05-26T14:27:43.903+0000] {processor.py:830} INFO - Processing file /opt/airflow/dags/exo_dag.py for tasks to queue
[2024-05-26T14:27:43.904+0000] {logging_mixin.py:188} INFO - [2024-05-26T14:27:43.904+0000] {dagbag.py:538} INFO - Filling up the DagBag from /opt/airflow/dags/exo_dag.py
[2024-05-26T14:27:43.925+0000] {processor.py:840} INFO - DAG(s) 'my_dag_of_the_morning' retrieved from /opt/airflow/dags/exo_dag.py
[2024-05-26T14:27:44.250+0000] {logging_mixin.py:188} INFO - [2024-05-26T14:27:44.249+0000] {override.py:1769} INFO - Created Permission View: can edit on DAG:my_dag_of_the_morning
[2024-05-26T14:27:44.283+0000] {logging_mixin.py:188} INFO - [2024-05-26T14:27:44.282+0000] {override.py:1769} INFO - Created Permission View: can read on DAG:my_dag_of_the_morning
[2024-05-26T14:27:44.300+0000] {logging_mixin.py:188} INFO - [2024-05-26T14:27:44.300+0000] {override.py:1769} INFO - Created Permission View: can delete on DAG:my_dag_of_the_morning
[2024-05-26T14:27:44.301+0000] {logging_mixin.py:188} INFO - [2024-05-26T14:27:44.301+0000] {dag.py:3036} INFO - Sync 1 DAGs
[2024-05-26T14:27:44.349+0000] {logging_mixin.py:188} INFO - [2024-05-26T14:27:44.348+0000] {dag.py:3058} INFO - Creating ORM DAG for my_dag_of_the_morning
[2024-05-26T14:27:44.350+0000] {logging_mixin.py:188} INFO - [2024-05-26T14:27:44.350+0000] {dag.py:3823} INFO - Setting next_dagrun for my_dag_of_the_morning to None, run_after=None
[2024-05-26T14:27:44.646+0000] {processor.py:183} INFO - Processing /opt/airflow/dags/exo_dag.py took 0.773 seconds
[2024-05-26T14:28:14.706+0000] {processor.py:161} INFO - Started process (PID=25802) to work on /opt/airflow/dags/exo_dag.py
[2024-05-26T14:28:14.707+0000] {processor.py:830} INFO - Processing file /opt/airflow/dags/exo_dag.py for tasks to queue
[2024-05-26T14:28:14.709+0000] {logging_mixin.py:188} INFO - [2024-05-26T14:28:14.708+0000] {dagbag.py:538} INFO - Filling up the DagBag from /opt/airflow/dags/exo_dag.py
[2024-05-26T14:28:14.720+0000] {processor.py:840} INFO - DAG(s) 'my_dag_of_the_morning' retrieved from /opt/airflow/dags/exo_dag.py
[2024-05-26T14:28:14.774+0000] {logging_mixin.py:188} INFO - [2024-05-26T14:28:14.774+0000] {dag.py:3036} INFO - Sync 1 DAGs
[2024-05-26T14:28:14.819+0000] {logging_mixin.py:188} INFO - [2024-05-26T14:28:14.819+0000] {dag.py:3823} INFO - Setting next_dagrun for my_dag_of_the_morning to None, run_after=None
[2024-05-26T14:28:14.868+0000] {processor.py:183} INFO - Processing /opt/airflow/dags/exo_dag.py took 0.173 seconds
[2024-05-26T14:28:45.416+0000] {processor.py:161} INFO - Started process (PID=25869) to work on /opt/airflow/dags/exo_dag.py
[2024-05-26T14:28:45.428+0000] {processor.py:830} INFO - Processing file /opt/airflow/dags/exo_dag.py for tasks to queue
[2024-05-26T14:28:45.429+0000] {logging_mixin.py:188} INFO - [2024-05-26T14:28:45.429+0000] {dagbag.py:538} INFO - Filling up the DagBag from /opt/airflow/dags/exo_dag.py
[2024-05-26T14:28:45.444+0000] {processor.py:840} INFO - DAG(s) 'my_dag_of_the_morning' retrieved from /opt/airflow/dags/exo_dag.py
[2024-05-26T14:28:45.519+0000] {logging_mixin.py:188} INFO - [2024-05-26T14:28:45.518+0000] {dag.py:3036} INFO - Sync 1 DAGs
[2024-05-26T14:28:45.564+0000] {logging_mixin.py:188} INFO - [2024-05-26T14:28:45.564+0000] {dag.py:3823} INFO - Setting next_dagrun for my_dag_of_the_morning to None, run_after=None
[2024-05-26T14:28:45.631+0000] {processor.py:183} INFO - Processing /opt/airflow/dags/exo_dag.py took 0.224 seconds
[2024-05-26T14:29:15.893+0000] {processor.py:161} INFO - Started process (PID=25936) to work on /opt/airflow/dags/exo_dag.py
[2024-05-26T14:29:15.894+0000] {processor.py:830} INFO - Processing file /opt/airflow/dags/exo_dag.py for tasks to queue
[2024-05-26T14:29:15.895+0000] {logging_mixin.py:188} INFO - [2024-05-26T14:29:15.895+0000] {dagbag.py:538} INFO - Filling up the DagBag from /opt/airflow/dags/exo_dag.py
[2024-05-26T14:29:15.906+0000] {processor.py:840} INFO - DAG(s) 'my_dag_of_the_morning' retrieved from /opt/airflow/dags/exo_dag.py
[2024-05-26T14:29:15.948+0000] {logging_mixin.py:188} INFO - [2024-05-26T14:29:15.947+0000] {dag.py:3036} INFO - Sync 1 DAGs
[2024-05-26T14:29:15.973+0000] {logging_mixin.py:188} INFO - [2024-05-26T14:29:15.972+0000] {dag.py:3823} INFO - Setting next_dagrun for my_dag_of_the_morning to None, run_after=None
[2024-05-26T14:29:16.072+0000] {processor.py:183} INFO - Processing /opt/airflow/dags/exo_dag.py took 0.184 seconds
[2024-05-26T14:29:46.365+0000] {processor.py:161} INFO - Started process (PID=26002) to work on /opt/airflow/dags/exo_dag.py
[2024-05-26T14:29:46.366+0000] {processor.py:830} INFO - Processing file /opt/airflow/dags/exo_dag.py for tasks to queue
[2024-05-26T14:29:46.367+0000] {logging_mixin.py:188} INFO - [2024-05-26T14:29:46.367+0000] {dagbag.py:538} INFO - Filling up the DagBag from /opt/airflow/dags/exo_dag.py
[2024-05-26T14:29:46.386+0000] {processor.py:840} INFO - DAG(s) 'my_dag_of_the_morning' retrieved from /opt/airflow/dags/exo_dag.py
[2024-05-26T14:29:46.454+0000] {logging_mixin.py:188} INFO - [2024-05-26T14:29:46.454+0000] {dag.py:3036} INFO - Sync 1 DAGs
[2024-05-26T14:29:46.477+0000] {logging_mixin.py:188} INFO - [2024-05-26T14:29:46.477+0000] {dag.py:3823} INFO - Setting next_dagrun for my_dag_of_the_morning to None, run_after=None
[2024-05-26T14:29:46.508+0000] {processor.py:183} INFO - Processing /opt/airflow/dags/exo_dag.py took 0.157 seconds
[2024-05-26T14:30:17.335+0000] {processor.py:161} INFO - Started process (PID=26062) to work on /opt/airflow/dags/exo_dag.py
[2024-05-26T14:30:17.337+0000] {processor.py:830} INFO - Processing file /opt/airflow/dags/exo_dag.py for tasks to queue
[2024-05-26T14:30:17.338+0000] {logging_mixin.py:188} INFO - [2024-05-26T14:30:17.338+0000] {dagbag.py:538} INFO - Filling up the DagBag from /opt/airflow/dags/exo_dag.py
[2024-05-26T14:30:17.351+0000] {processor.py:840} INFO - DAG(s) 'my_dag_of_the_morning' retrieved from /opt/airflow/dags/exo_dag.py
[2024-05-26T14:30:17.398+0000] {logging_mixin.py:188} INFO - [2024-05-26T14:30:17.398+0000] {dag.py:3036} INFO - Sync 1 DAGs
[2024-05-26T14:30:17.425+0000] {logging_mixin.py:188} INFO - [2024-05-26T14:30:17.425+0000] {dag.py:3823} INFO - Setting next_dagrun for my_dag_of_the_morning to None, run_after=None
[2024-05-26T14:30:17.459+0000] {processor.py:183} INFO - Processing /opt/airflow/dags/exo_dag.py took 0.129 seconds
[2024-05-26T14:30:47.496+0000] {processor.py:161} INFO - Started process (PID=26129) to work on /opt/airflow/dags/exo_dag.py
[2024-05-26T14:30:47.498+0000] {processor.py:830} INFO - Processing file /opt/airflow/dags/exo_dag.py for tasks to queue
[2024-05-26T14:30:47.500+0000] {logging_mixin.py:188} INFO - [2024-05-26T14:30:47.499+0000] {dagbag.py:538} INFO - Filling up the DagBag from /opt/airflow/dags/exo_dag.py
[2024-05-26T14:30:47.512+0000] {processor.py:840} INFO - DAG(s) 'my_dag_of_the_morning' retrieved from /opt/airflow/dags/exo_dag.py
[2024-05-26T14:30:47.739+0000] {logging_mixin.py:188} INFO - [2024-05-26T14:30:47.738+0000] {dag.py:3036} INFO - Sync 1 DAGs
[2024-05-26T14:30:47.781+0000] {logging_mixin.py:188} INFO - [2024-05-26T14:30:47.780+0000] {dag.py:3823} INFO - Setting next_dagrun for my_dag_of_the_morning to None, run_after=None
[2024-05-26T14:30:47.818+0000] {processor.py:183} INFO - Processing /opt/airflow/dags/exo_dag.py took 0.328 seconds
[2024-05-26T14:31:18.753+0000] {processor.py:161} INFO - Started process (PID=26197) to work on /opt/airflow/dags/exo_dag.py
[2024-05-26T14:31:18.755+0000] {processor.py:830} INFO - Processing file /opt/airflow/dags/exo_dag.py for tasks to queue
[2024-05-26T14:31:18.764+0000] {logging_mixin.py:188} INFO - [2024-05-26T14:31:18.755+0000] {dagbag.py:538} INFO - Filling up the DagBag from /opt/airflow/dags/exo_dag.py
[2024-05-26T14:31:18.786+0000] {processor.py:840} INFO - DAG(s) 'my_dag_of_the_morning' retrieved from /opt/airflow/dags/exo_dag.py
[2024-05-26T14:31:18.864+0000] {logging_mixin.py:188} INFO - [2024-05-26T14:31:18.864+0000] {dag.py:3036} INFO - Sync 1 DAGs
[2024-05-26T14:31:19.300+0000] {logging_mixin.py:188} INFO - [2024-05-26T14:31:19.299+0000] {dag.py:3823} INFO - Setting next_dagrun for my_dag_of_the_morning to None, run_after=None
[2024-05-26T14:31:19.365+0000] {processor.py:183} INFO - Processing /opt/airflow/dags/exo_dag.py took 0.625 seconds
[2024-05-26T14:31:49.785+0000] {processor.py:161} INFO - Started process (PID=26264) to work on /opt/airflow/dags/exo_dag.py
[2024-05-26T14:31:49.800+0000] {processor.py:830} INFO - Processing file /opt/airflow/dags/exo_dag.py for tasks to queue
[2024-05-26T14:31:49.802+0000] {logging_mixin.py:188} INFO - [2024-05-26T14:31:49.801+0000] {dagbag.py:538} INFO - Filling up the DagBag from /opt/airflow/dags/exo_dag.py
[2024-05-26T14:31:49.830+0000] {processor.py:840} INFO - DAG(s) 'my_dag_of_the_morning' retrieved from /opt/airflow/dags/exo_dag.py
[2024-05-26T14:31:49.944+0000] {logging_mixin.py:188} INFO - [2024-05-26T14:31:49.943+0000] {dag.py:3036} INFO - Sync 1 DAGs
[2024-05-26T14:31:50.001+0000] {logging_mixin.py:188} INFO - [2024-05-26T14:31:50.000+0000] {dag.py:3823} INFO - Setting next_dagrun for my_dag_of_the_morning to None, run_after=None
[2024-05-26T14:31:50.069+0000] {processor.py:183} INFO - Processing /opt/airflow/dags/exo_dag.py took 0.289 seconds
[2024-05-26T14:32:20.486+0000] {processor.py:161} INFO - Started process (PID=26331) to work on /opt/airflow/dags/exo_dag.py
[2024-05-26T14:32:20.487+0000] {processor.py:830} INFO - Processing file /opt/airflow/dags/exo_dag.py for tasks to queue
[2024-05-26T14:32:20.496+0000] {logging_mixin.py:188} INFO - [2024-05-26T14:32:20.496+0000] {dagbag.py:538} INFO - Filling up the DagBag from /opt/airflow/dags/exo_dag.py
[2024-05-26T14:32:20.510+0000] {processor.py:840} INFO - DAG(s) 'my_dag_of_the_morning' retrieved from /opt/airflow/dags/exo_dag.py
[2024-05-26T14:32:20.634+0000] {logging_mixin.py:188} INFO - [2024-05-26T14:32:20.634+0000] {dag.py:3036} INFO - Sync 1 DAGs
[2024-05-26T14:32:20.743+0000] {logging_mixin.py:188} INFO - [2024-05-26T14:32:20.743+0000] {dag.py:3823} INFO - Setting next_dagrun for my_dag_of_the_morning to None, run_after=None
[2024-05-26T14:32:20.885+0000] {processor.py:183} INFO - Processing /opt/airflow/dags/exo_dag.py took 0.410 seconds
[2024-05-26T14:32:51.310+0000] {processor.py:161} INFO - Started process (PID=26398) to work on /opt/airflow/dags/exo_dag.py
[2024-05-26T14:32:51.316+0000] {processor.py:830} INFO - Processing file /opt/airflow/dags/exo_dag.py for tasks to queue
[2024-05-26T14:32:51.317+0000] {logging_mixin.py:188} INFO - [2024-05-26T14:32:51.317+0000] {dagbag.py:538} INFO - Filling up the DagBag from /opt/airflow/dags/exo_dag.py
[2024-05-26T14:32:51.358+0000] {processor.py:840} INFO - DAG(s) 'my_dag_of_the_morning' retrieved from /opt/airflow/dags/exo_dag.py
[2024-05-26T14:32:51.408+0000] {logging_mixin.py:188} INFO - [2024-05-26T14:32:51.408+0000] {dag.py:3036} INFO - Sync 1 DAGs
[2024-05-26T14:32:51.448+0000] {logging_mixin.py:188} INFO - [2024-05-26T14:32:51.448+0000] {dag.py:3823} INFO - Setting next_dagrun for my_dag_of_the_morning to None, run_after=None
[2024-05-26T14:32:51.481+0000] {processor.py:183} INFO - Processing /opt/airflow/dags/exo_dag.py took 0.181 seconds
[2024-05-26T14:33:21.899+0000] {processor.py:161} INFO - Started process (PID=26465) to work on /opt/airflow/dags/exo_dag.py
[2024-05-26T14:33:21.900+0000] {processor.py:830} INFO - Processing file /opt/airflow/dags/exo_dag.py for tasks to queue
[2024-05-26T14:33:21.901+0000] {logging_mixin.py:188} INFO - [2024-05-26T14:33:21.901+0000] {dagbag.py:538} INFO - Filling up the DagBag from /opt/airflow/dags/exo_dag.py
[2024-05-26T14:33:21.912+0000] {processor.py:840} INFO - DAG(s) 'my_dag_of_the_morning' retrieved from /opt/airflow/dags/exo_dag.py
[2024-05-26T14:33:21.949+0000] {logging_mixin.py:188} INFO - [2024-05-26T14:33:21.949+0000] {dag.py:3036} INFO - Sync 1 DAGs
[2024-05-26T14:33:21.976+0000] {logging_mixin.py:188} INFO - [2024-05-26T14:33:21.975+0000] {dag.py:3823} INFO - Setting next_dagrun for my_dag_of_the_morning to None, run_after=None
[2024-05-26T14:33:22.008+0000] {processor.py:183} INFO - Processing /opt/airflow/dags/exo_dag.py took 0.115 seconds
[2024-05-26T14:33:52.392+0000] {processor.py:161} INFO - Started process (PID=26531) to work on /opt/airflow/dags/exo_dag.py
[2024-05-26T14:33:52.395+0000] {processor.py:830} INFO - Processing file /opt/airflow/dags/exo_dag.py for tasks to queue
[2024-05-26T14:33:52.405+0000] {logging_mixin.py:188} INFO - [2024-05-26T14:33:52.405+0000] {dagbag.py:538} INFO - Filling up the DagBag from /opt/airflow/dags/exo_dag.py
[2024-05-26T14:33:52.446+0000] {processor.py:840} INFO - DAG(s) 'my_dag_of_the_morning' retrieved from /opt/airflow/dags/exo_dag.py
[2024-05-26T14:33:52.590+0000] {logging_mixin.py:188} INFO - [2024-05-26T14:33:52.589+0000] {dag.py:3036} INFO - Sync 1 DAGs
[2024-05-26T14:33:52.651+0000] {logging_mixin.py:188} INFO - [2024-05-26T14:33:52.651+0000] {dag.py:3823} INFO - Setting next_dagrun for my_dag_of_the_morning to None, run_after=None
[2024-05-26T14:33:52.717+0000] {processor.py:183} INFO - Processing /opt/airflow/dags/exo_dag.py took 0.356 seconds
[2024-05-26T14:34:22.788+0000] {processor.py:161} INFO - Started process (PID=26590) to work on /opt/airflow/dags/exo_dag.py
[2024-05-26T14:34:22.789+0000] {processor.py:830} INFO - Processing file /opt/airflow/dags/exo_dag.py for tasks to queue
[2024-05-26T14:34:22.790+0000] {logging_mixin.py:188} INFO - [2024-05-26T14:34:22.790+0000] {dagbag.py:538} INFO - Filling up the DagBag from /opt/airflow/dags/exo_dag.py
[2024-05-26T14:34:22.822+0000] {processor.py:840} INFO - DAG(s) 'my_dag_of_the_morning' retrieved from /opt/airflow/dags/exo_dag.py
[2024-05-26T14:34:22.870+0000] {logging_mixin.py:188} INFO - [2024-05-26T14:34:22.869+0000] {dag.py:3036} INFO - Sync 1 DAGs
[2024-05-26T14:34:22.896+0000] {logging_mixin.py:188} INFO - [2024-05-26T14:34:22.895+0000] {dag.py:3823} INFO - Setting next_dagrun for my_dag_of_the_morning to None, run_after=None
[2024-05-26T14:34:22.936+0000] {processor.py:183} INFO - Processing /opt/airflow/dags/exo_dag.py took 0.157 seconds
[2024-05-26T14:34:53.751+0000] {processor.py:161} INFO - Started process (PID=26657) to work on /opt/airflow/dags/exo_dag.py
[2024-05-26T14:34:53.756+0000] {processor.py:830} INFO - Processing file /opt/airflow/dags/exo_dag.py for tasks to queue
[2024-05-26T14:34:53.757+0000] {logging_mixin.py:188} INFO - [2024-05-26T14:34:53.757+0000] {dagbag.py:538} INFO - Filling up the DagBag from /opt/airflow/dags/exo_dag.py
[2024-05-26T14:34:53.779+0000] {processor.py:840} INFO - DAG(s) 'my_dag_of_the_morning' retrieved from /opt/airflow/dags/exo_dag.py
[2024-05-26T14:34:53.844+0000] {logging_mixin.py:188} INFO - [2024-05-26T14:34:53.843+0000] {dag.py:3036} INFO - Sync 1 DAGs
[2024-05-26T14:34:53.875+0000] {logging_mixin.py:188} INFO - [2024-05-26T14:34:53.875+0000] {dag.py:3823} INFO - Setting next_dagrun for my_dag_of_the_morning to None, run_after=None
[2024-05-26T14:34:53.919+0000] {processor.py:183} INFO - Processing /opt/airflow/dags/exo_dag.py took 0.176 seconds
[2024-05-26T14:35:24.207+0000] {processor.py:161} INFO - Started process (PID=26724) to work on /opt/airflow/dags/exo_dag.py
[2024-05-26T14:35:24.208+0000] {processor.py:830} INFO - Processing file /opt/airflow/dags/exo_dag.py for tasks to queue
[2024-05-26T14:35:24.209+0000] {logging_mixin.py:188} INFO - [2024-05-26T14:35:24.208+0000] {dagbag.py:538} INFO - Filling up the DagBag from /opt/airflow/dags/exo_dag.py
[2024-05-26T14:35:24.232+0000] {processor.py:840} INFO - DAG(s) 'my_dag_of_the_morning' retrieved from /opt/airflow/dags/exo_dag.py
[2024-05-26T14:35:24.286+0000] {logging_mixin.py:188} INFO - [2024-05-26T14:35:24.285+0000] {dag.py:3036} INFO - Sync 1 DAGs
[2024-05-26T14:35:24.310+0000] {logging_mixin.py:188} INFO - [2024-05-26T14:35:24.310+0000] {dag.py:3823} INFO - Setting next_dagrun for my_dag_of_the_morning to None, run_after=None
[2024-05-26T14:35:24.341+0000] {processor.py:183} INFO - Processing /opt/airflow/dags/exo_dag.py took 0.141 seconds
[2024-05-26T14:35:54.517+0000] {processor.py:161} INFO - Started process (PID=26797) to work on /opt/airflow/dags/exo_dag.py
[2024-05-26T14:35:54.521+0000] {processor.py:830} INFO - Processing file /opt/airflow/dags/exo_dag.py for tasks to queue
[2024-05-26T14:35:54.522+0000] {logging_mixin.py:188} INFO - [2024-05-26T14:35:54.522+0000] {dagbag.py:538} INFO - Filling up the DagBag from /opt/airflow/dags/exo_dag.py
[2024-05-26T14:35:54.547+0000] {processor.py:840} INFO - DAG(s) 'my_dag_of_the_morning' retrieved from /opt/airflow/dags/exo_dag.py
[2024-05-26T14:35:54.595+0000] {logging_mixin.py:188} INFO - [2024-05-26T14:35:54.595+0000] {dag.py:3036} INFO - Sync 1 DAGs
[2024-05-26T14:35:54.620+0000] {logging_mixin.py:188} INFO - [2024-05-26T14:35:54.620+0000] {dag.py:3823} INFO - Setting next_dagrun for my_dag_of_the_morning to None, run_after=None
[2024-05-26T14:35:54.653+0000] {processor.py:183} INFO - Processing /opt/airflow/dags/exo_dag.py took 0.146 seconds
[2024-05-26T14:36:24.839+0000] {processor.py:161} INFO - Started process (PID=26863) to work on /opt/airflow/dags/exo_dag.py
[2024-05-26T14:36:24.840+0000] {processor.py:830} INFO - Processing file /opt/airflow/dags/exo_dag.py for tasks to queue
[2024-05-26T14:36:24.842+0000] {logging_mixin.py:188} INFO - [2024-05-26T14:36:24.841+0000] {dagbag.py:538} INFO - Filling up the DagBag from /opt/airflow/dags/exo_dag.py
[2024-05-26T14:36:24.864+0000] {processor.py:840} INFO - DAG(s) 'my_dag_of_the_morning' retrieved from /opt/airflow/dags/exo_dag.py
[2024-05-26T14:36:24.917+0000] {logging_mixin.py:188} INFO - [2024-05-26T14:36:24.917+0000] {dag.py:3036} INFO - Sync 1 DAGs
[2024-05-26T14:36:24.959+0000] {logging_mixin.py:188} INFO - [2024-05-26T14:36:24.959+0000] {dag.py:3823} INFO - Setting next_dagrun for my_dag_of_the_morning to None, run_after=None
[2024-05-26T14:36:25.018+0000] {processor.py:183} INFO - Processing /opt/airflow/dags/exo_dag.py took 0.191 seconds
[2024-05-26T14:36:55.308+0000] {processor.py:161} INFO - Started process (PID=26932) to work on /opt/airflow/dags/exo_dag.py
[2024-05-26T14:36:55.309+0000] {processor.py:830} INFO - Processing file /opt/airflow/dags/exo_dag.py for tasks to queue
[2024-05-26T14:36:55.311+0000] {logging_mixin.py:188} INFO - [2024-05-26T14:36:55.310+0000] {dagbag.py:538} INFO - Filling up the DagBag from /opt/airflow/dags/exo_dag.py
[2024-05-26T14:36:55.337+0000] {processor.py:840} INFO - DAG(s) 'my_dag_of_the_morning' retrieved from /opt/airflow/dags/exo_dag.py
[2024-05-26T14:36:55.402+0000] {logging_mixin.py:188} INFO - [2024-05-26T14:36:55.402+0000] {dag.py:3036} INFO - Sync 1 DAGs
[2024-05-26T14:36:55.454+0000] {logging_mixin.py:188} INFO - [2024-05-26T14:36:55.453+0000] {dag.py:3823} INFO - Setting next_dagrun for my_dag_of_the_morning to None, run_after=None
[2024-05-26T14:36:55.517+0000] {processor.py:183} INFO - Processing /opt/airflow/dags/exo_dag.py took 0.218 seconds
[2024-05-26T14:37:25.708+0000] {processor.py:161} INFO - Started process (PID=26999) to work on /opt/airflow/dags/exo_dag.py
[2024-05-26T14:37:25.709+0000] {processor.py:830} INFO - Processing file /opt/airflow/dags/exo_dag.py for tasks to queue
[2024-05-26T14:37:25.710+0000] {logging_mixin.py:188} INFO - [2024-05-26T14:37:25.710+0000] {dagbag.py:538} INFO - Filling up the DagBag from /opt/airflow/dags/exo_dag.py
[2024-05-26T14:37:25.738+0000] {processor.py:840} INFO - DAG(s) 'my_dag_of_the_morning' retrieved from /opt/airflow/dags/exo_dag.py
[2024-05-26T14:37:25.782+0000] {logging_mixin.py:188} INFO - [2024-05-26T14:37:25.782+0000] {dag.py:3036} INFO - Sync 1 DAGs
[2024-05-26T14:37:25.806+0000] {logging_mixin.py:188} INFO - [2024-05-26T14:37:25.805+0000] {dag.py:3823} INFO - Setting next_dagrun for my_dag_of_the_morning to None, run_after=None
[2024-05-26T14:37:25.838+0000] {processor.py:183} INFO - Processing /opt/airflow/dags/exo_dag.py took 0.142 seconds
[2024-05-26T14:37:56.312+0000] {processor.py:161} INFO - Started process (PID=27064) to work on /opt/airflow/dags/exo_dag.py
[2024-05-26T14:37:56.316+0000] {processor.py:830} INFO - Processing file /opt/airflow/dags/exo_dag.py for tasks to queue
[2024-05-26T14:37:56.317+0000] {logging_mixin.py:188} INFO - [2024-05-26T14:37:56.317+0000] {dagbag.py:538} INFO - Filling up the DagBag from /opt/airflow/dags/exo_dag.py
[2024-05-26T14:37:56.341+0000] {processor.py:840} INFO - DAG(s) 'my_dag_of_the_morning' retrieved from /opt/airflow/dags/exo_dag.py
[2024-05-26T14:37:56.406+0000] {logging_mixin.py:188} INFO - [2024-05-26T14:37:56.406+0000] {dag.py:3036} INFO - Sync 1 DAGs
[2024-05-26T14:37:56.455+0000] {logging_mixin.py:188} INFO - [2024-05-26T14:37:56.455+0000] {dag.py:3823} INFO - Setting next_dagrun for my_dag_of_the_morning to None, run_after=None
[2024-05-26T14:37:56.521+0000] {processor.py:183} INFO - Processing /opt/airflow/dags/exo_dag.py took 0.218 seconds
[2024-05-26T14:38:26.688+0000] {processor.py:161} INFO - Started process (PID=27131) to work on /opt/airflow/dags/exo_dag.py
[2024-05-26T14:38:26.689+0000] {processor.py:830} INFO - Processing file /opt/airflow/dags/exo_dag.py for tasks to queue
[2024-05-26T14:38:26.690+0000] {logging_mixin.py:188} INFO - [2024-05-26T14:38:26.690+0000] {dagbag.py:538} INFO - Filling up the DagBag from /opt/airflow/dags/exo_dag.py
[2024-05-26T14:38:26.716+0000] {processor.py:840} INFO - DAG(s) 'my_dag_of_the_morning' retrieved from /opt/airflow/dags/exo_dag.py
[2024-05-26T14:38:26.774+0000] {logging_mixin.py:188} INFO - [2024-05-26T14:38:26.773+0000] {dag.py:3036} INFO - Sync 1 DAGs
[2024-05-26T14:38:26.823+0000] {logging_mixin.py:188} INFO - [2024-05-26T14:38:26.823+0000] {dag.py:3823} INFO - Setting next_dagrun for my_dag_of_the_morning to None, run_after=None
[2024-05-26T14:38:26.889+0000] {processor.py:183} INFO - Processing /opt/airflow/dags/exo_dag.py took 0.217 seconds
[2024-05-26T14:38:57.492+0000] {processor.py:161} INFO - Started process (PID=27199) to work on /opt/airflow/dags/exo_dag.py
[2024-05-26T14:38:57.499+0000] {processor.py:830} INFO - Processing file /opt/airflow/dags/exo_dag.py for tasks to queue
[2024-05-26T14:38:57.500+0000] {logging_mixin.py:188} INFO - [2024-05-26T14:38:57.500+0000] {dagbag.py:538} INFO - Filling up the DagBag from /opt/airflow/dags/exo_dag.py
[2024-05-26T14:38:57.528+0000] {processor.py:840} INFO - DAG(s) 'my_dag_of_the_morning' retrieved from /opt/airflow/dags/exo_dag.py
[2024-05-26T14:38:57.654+0000] {logging_mixin.py:188} INFO - [2024-05-26T14:38:57.654+0000] {dag.py:3036} INFO - Sync 1 DAGs
[2024-05-26T14:38:57.753+0000] {logging_mixin.py:188} INFO - [2024-05-26T14:38:57.753+0000] {dag.py:3823} INFO - Setting next_dagrun for my_dag_of_the_morning to None, run_after=None
[2024-05-26T14:38:57.876+0000] {processor.py:183} INFO - Processing /opt/airflow/dags/exo_dag.py took 0.393 seconds
[2024-05-26T14:39:28.587+0000] {processor.py:161} INFO - Started process (PID=27258) to work on /opt/airflow/dags/exo_dag.py
[2024-05-26T14:39:28.588+0000] {processor.py:830} INFO - Processing file /opt/airflow/dags/exo_dag.py for tasks to queue
[2024-05-26T14:39:28.589+0000] {logging_mixin.py:188} INFO - [2024-05-26T14:39:28.589+0000] {dagbag.py:538} INFO - Filling up the DagBag from /opt/airflow/dags/exo_dag.py
[2024-05-26T14:39:28.600+0000] {processor.py:840} INFO - DAG(s) 'my_dag_of_the_morning' retrieved from /opt/airflow/dags/exo_dag.py
[2024-05-26T14:39:28.634+0000] {logging_mixin.py:188} INFO - [2024-05-26T14:39:28.634+0000] {dag.py:3036} INFO - Sync 1 DAGs
[2024-05-26T14:39:28.659+0000] {logging_mixin.py:188} INFO - [2024-05-26T14:39:28.658+0000] {dag.py:3823} INFO - Setting next_dagrun for my_dag_of_the_morning to None, run_after=None
[2024-05-26T14:39:28.692+0000] {processor.py:183} INFO - Processing /opt/airflow/dags/exo_dag.py took 0.109 seconds
[2024-05-26T14:39:59.563+0000] {processor.py:161} INFO - Started process (PID=27325) to work on /opt/airflow/dags/exo_dag.py
[2024-05-26T14:39:59.572+0000] {processor.py:830} INFO - Processing file /opt/airflow/dags/exo_dag.py for tasks to queue
[2024-05-26T14:39:59.573+0000] {logging_mixin.py:188} INFO - [2024-05-26T14:39:59.573+0000] {dagbag.py:538} INFO - Filling up the DagBag from /opt/airflow/dags/exo_dag.py
[2024-05-26T14:39:59.604+0000] {processor.py:840} INFO - DAG(s) 'my_dag_of_the_morning' retrieved from /opt/airflow/dags/exo_dag.py
[2024-05-26T14:39:59.668+0000] {logging_mixin.py:188} INFO - [2024-05-26T14:39:59.667+0000] {dag.py:3036} INFO - Sync 1 DAGs
[2024-05-26T14:39:59.711+0000] {logging_mixin.py:188} INFO - [2024-05-26T14:39:59.707+0000] {dag.py:3823} INFO - Setting next_dagrun for my_dag_of_the_morning to None, run_after=None
[2024-05-26T14:39:59.776+0000] {processor.py:183} INFO - Processing /opt/airflow/dags/exo_dag.py took 0.225 seconds
[2024-05-26T14:40:29.898+0000] {processor.py:161} INFO - Started process (PID=27390) to work on /opt/airflow/dags/exo_dag.py
[2024-05-26T14:40:29.899+0000] {processor.py:830} INFO - Processing file /opt/airflow/dags/exo_dag.py for tasks to queue
[2024-05-26T14:40:29.905+0000] {logging_mixin.py:188} INFO - [2024-05-26T14:40:29.904+0000] {dagbag.py:538} INFO - Filling up the DagBag from /opt/airflow/dags/exo_dag.py
[2024-05-26T14:40:29.921+0000] {processor.py:840} INFO - DAG(s) 'my_dag_of_the_morning' retrieved from /opt/airflow/dags/exo_dag.py
[2024-05-26T14:40:29.985+0000] {logging_mixin.py:188} INFO - [2024-05-26T14:40:29.985+0000] {dag.py:3036} INFO - Sync 1 DAGs
[2024-05-26T14:40:30.011+0000] {logging_mixin.py:188} INFO - [2024-05-26T14:40:30.011+0000] {dag.py:3823} INFO - Setting next_dagrun for my_dag_of_the_morning to None, run_after=None
[2024-05-26T14:40:30.062+0000] {processor.py:183} INFO - Processing /opt/airflow/dags/exo_dag.py took 0.168 seconds
[2024-05-26T14:41:00.857+0000] {processor.py:161} INFO - Started process (PID=27457) to work on /opt/airflow/dags/exo_dag.py
[2024-05-26T14:41:00.859+0000] {processor.py:830} INFO - Processing file /opt/airflow/dags/exo_dag.py for tasks to queue
[2024-05-26T14:41:00.860+0000] {logging_mixin.py:188} INFO - [2024-05-26T14:41:00.860+0000] {dagbag.py:538} INFO - Filling up the DagBag from /opt/airflow/dags/exo_dag.py
[2024-05-26T14:41:00.871+0000] {processor.py:840} INFO - DAG(s) 'my_dag_of_the_morning' retrieved from /opt/airflow/dags/exo_dag.py
[2024-05-26T14:41:00.906+0000] {logging_mixin.py:188} INFO - [2024-05-26T14:41:00.906+0000] {dag.py:3036} INFO - Sync 1 DAGs
[2024-05-26T14:41:00.930+0000] {logging_mixin.py:188} INFO - [2024-05-26T14:41:00.929+0000] {dag.py:3823} INFO - Setting next_dagrun for my_dag_of_the_morning to None, run_after=None
[2024-05-26T14:41:00.962+0000] {processor.py:183} INFO - Processing /opt/airflow/dags/exo_dag.py took 0.109 seconds
[2024-05-26T14:41:31.028+0000] {processor.py:161} INFO - Started process (PID=27532) to work on /opt/airflow/dags/exo_dag.py
[2024-05-26T14:41:31.031+0000] {processor.py:830} INFO - Processing file /opt/airflow/dags/exo_dag.py for tasks to queue
[2024-05-26T14:41:31.032+0000] {logging_mixin.py:188} INFO - [2024-05-26T14:41:31.032+0000] {dagbag.py:538} INFO - Filling up the DagBag from /opt/airflow/dags/exo_dag.py
[2024-05-26T14:41:31.052+0000] {processor.py:840} INFO - DAG(s) 'my_dag_of_the_morning' retrieved from /opt/airflow/dags/exo_dag.py
[2024-05-26T14:41:31.116+0000] {logging_mixin.py:188} INFO - [2024-05-26T14:41:31.116+0000] {dag.py:3036} INFO - Sync 1 DAGs
[2024-05-26T14:41:31.146+0000] {logging_mixin.py:188} INFO - [2024-05-26T14:41:31.146+0000] {dag.py:3823} INFO - Setting next_dagrun for my_dag_of_the_morning to None, run_after=None
[2024-05-26T14:41:31.213+0000] {processor.py:183} INFO - Processing /opt/airflow/dags/exo_dag.py took 0.198 seconds
[2024-05-26T14:42:01.647+0000] {processor.py:161} INFO - Started process (PID=27597) to work on /opt/airflow/dags/exo_dag.py
[2024-05-26T14:42:01.656+0000] {processor.py:830} INFO - Processing file /opt/airflow/dags/exo_dag.py for tasks to queue
[2024-05-26T14:42:01.657+0000] {logging_mixin.py:188} INFO - [2024-05-26T14:42:01.657+0000] {dagbag.py:538} INFO - Filling up the DagBag from /opt/airflow/dags/exo_dag.py
[2024-05-26T14:42:01.676+0000] {processor.py:840} INFO - DAG(s) 'my_dag_of_the_morning' retrieved from /opt/airflow/dags/exo_dag.py
[2024-05-26T14:42:01.742+0000] {logging_mixin.py:188} INFO - [2024-05-26T14:42:01.740+0000] {dag.py:3036} INFO - Sync 1 DAGs
[2024-05-26T14:42:01.768+0000] {logging_mixin.py:188} INFO - [2024-05-26T14:42:01.768+0000] {dag.py:3823} INFO - Setting next_dagrun for my_dag_of_the_morning to None, run_after=None
[2024-05-26T14:42:01.815+0000] {processor.py:183} INFO - Processing /opt/airflow/dags/exo_dag.py took 0.176 seconds
[2024-05-26T14:42:32.192+0000] {processor.py:161} INFO - Started process (PID=27664) to work on /opt/airflow/dags/exo_dag.py
[2024-05-26T14:42:32.193+0000] {processor.py:830} INFO - Processing file /opt/airflow/dags/exo_dag.py for tasks to queue
[2024-05-26T14:42:32.194+0000] {logging_mixin.py:188} INFO - [2024-05-26T14:42:32.194+0000] {dagbag.py:538} INFO - Filling up the DagBag from /opt/airflow/dags/exo_dag.py
[2024-05-26T14:42:32.208+0000] {processor.py:840} INFO - DAG(s) 'my_dag_of_the_morning' retrieved from /opt/airflow/dags/exo_dag.py
[2024-05-26T14:42:32.259+0000] {logging_mixin.py:188} INFO - [2024-05-26T14:42:32.258+0000] {dag.py:3036} INFO - Sync 1 DAGs
[2024-05-26T14:42:32.303+0000] {logging_mixin.py:188} INFO - [2024-05-26T14:42:32.301+0000] {dag.py:3823} INFO - Setting next_dagrun for my_dag_of_the_morning to None, run_after=None
[2024-05-26T14:42:32.357+0000] {processor.py:183} INFO - Processing /opt/airflow/dags/exo_dag.py took 0.170 seconds
[2024-05-26T14:43:02.746+0000] {processor.py:161} INFO - Started process (PID=27731) to work on /opt/airflow/dags/exo_dag.py
[2024-05-26T14:43:02.752+0000] {processor.py:830} INFO - Processing file /opt/airflow/dags/exo_dag.py for tasks to queue
[2024-05-26T14:43:02.753+0000] {logging_mixin.py:188} INFO - [2024-05-26T14:43:02.753+0000] {dagbag.py:538} INFO - Filling up the DagBag from /opt/airflow/dags/exo_dag.py
[2024-05-26T14:43:02.770+0000] {processor.py:840} INFO - DAG(s) 'my_dag_of_the_morning' retrieved from /opt/airflow/dags/exo_dag.py
[2024-05-26T14:43:02.840+0000] {logging_mixin.py:188} INFO - [2024-05-26T14:43:02.840+0000] {dag.py:3036} INFO - Sync 1 DAGs
[2024-05-26T14:43:02.887+0000] {logging_mixin.py:188} INFO - [2024-05-26T14:43:02.887+0000] {dag.py:3823} INFO - Setting next_dagrun for my_dag_of_the_morning to None, run_after=None
[2024-05-26T14:43:02.950+0000] {processor.py:183} INFO - Processing /opt/airflow/dags/exo_dag.py took 0.215 seconds
[2024-05-26T14:43:33.085+0000] {processor.py:161} INFO - Started process (PID=27798) to work on /opt/airflow/dags/exo_dag.py
[2024-05-26T14:43:33.086+0000] {processor.py:830} INFO - Processing file /opt/airflow/dags/exo_dag.py for tasks to queue
[2024-05-26T14:43:33.090+0000] {logging_mixin.py:188} INFO - [2024-05-26T14:43:33.087+0000] {dagbag.py:538} INFO - Filling up the DagBag from /opt/airflow/dags/exo_dag.py
[2024-05-26T14:43:33.111+0000] {processor.py:840} INFO - DAG(s) 'my_dag_of_the_morning' retrieved from /opt/airflow/dags/exo_dag.py
[2024-05-26T14:43:33.162+0000] {logging_mixin.py:188} INFO - [2024-05-26T14:43:33.161+0000] {dag.py:3036} INFO - Sync 1 DAGs
[2024-05-26T14:43:33.186+0000] {logging_mixin.py:188} INFO - [2024-05-26T14:43:33.185+0000] {dag.py:3823} INFO - Setting next_dagrun for my_dag_of_the_morning to None, run_after=None
[2024-05-26T14:43:33.231+0000] {processor.py:183} INFO - Processing /opt/airflow/dags/exo_dag.py took 0.156 seconds
[2024-05-26T14:44:03.355+0000] {processor.py:161} INFO - Started process (PID=27860) to work on /opt/airflow/dags/exo_dag.py
[2024-05-26T14:44:03.358+0000] {processor.py:830} INFO - Processing file /opt/airflow/dags/exo_dag.py for tasks to queue
[2024-05-26T14:44:03.360+0000] {logging_mixin.py:188} INFO - [2024-05-26T14:44:03.359+0000] {dagbag.py:538} INFO - Filling up the DagBag from /opt/airflow/dags/exo_dag.py
[2024-05-26T14:44:03.373+0000] {processor.py:840} INFO - DAG(s) 'my_dag_of_the_morning' retrieved from /opt/airflow/dags/exo_dag.py
[2024-05-26T14:44:03.424+0000] {logging_mixin.py:188} INFO - [2024-05-26T14:44:03.424+0000] {dag.py:3036} INFO - Sync 1 DAGs
[2024-05-26T14:44:03.475+0000] {logging_mixin.py:188} INFO - [2024-05-26T14:44:03.467+0000] {dag.py:3823} INFO - Setting next_dagrun for my_dag_of_the_morning to None, run_after=None
[2024-05-26T14:44:03.528+0000] {processor.py:183} INFO - Processing /opt/airflow/dags/exo_dag.py took 0.183 seconds
[2024-05-26T14:44:33.883+0000] {processor.py:161} INFO - Started process (PID=27918) to work on /opt/airflow/dags/exo_dag.py
[2024-05-26T14:44:33.885+0000] {processor.py:830} INFO - Processing file /opt/airflow/dags/exo_dag.py for tasks to queue
[2024-05-26T14:44:33.887+0000] {logging_mixin.py:188} INFO - [2024-05-26T14:44:33.886+0000] {dagbag.py:538} INFO - Filling up the DagBag from /opt/airflow/dags/exo_dag.py
[2024-05-26T14:44:33.901+0000] {processor.py:840} INFO - DAG(s) 'my_dag_of_the_morning' retrieved from /opt/airflow/dags/exo_dag.py
[2024-05-26T14:44:33.936+0000] {logging_mixin.py:188} INFO - [2024-05-26T14:44:33.936+0000] {dag.py:3036} INFO - Sync 1 DAGs
[2024-05-26T14:44:33.960+0000] {logging_mixin.py:188} INFO - [2024-05-26T14:44:33.960+0000] {dag.py:3823} INFO - Setting next_dagrun for my_dag_of_the_morning to None, run_after=None
[2024-05-26T14:44:33.998+0000] {processor.py:183} INFO - Processing /opt/airflow/dags/exo_dag.py took 0.120 seconds
[2024-05-26T14:45:04.817+0000] {processor.py:161} INFO - Started process (PID=27985) to work on /opt/airflow/dags/exo_dag.py
[2024-05-26T14:45:04.825+0000] {processor.py:830} INFO - Processing file /opt/airflow/dags/exo_dag.py for tasks to queue
[2024-05-26T14:45:04.827+0000] {logging_mixin.py:188} INFO - [2024-05-26T14:45:04.825+0000] {dagbag.py:538} INFO - Filling up the DagBag from /opt/airflow/dags/exo_dag.py
[2024-05-26T14:45:04.840+0000] {processor.py:840} INFO - DAG(s) 'my_dag_of_the_morning' retrieved from /opt/airflow/dags/exo_dag.py
[2024-05-26T14:45:04.878+0000] {logging_mixin.py:188} INFO - [2024-05-26T14:45:04.878+0000] {dag.py:3036} INFO - Sync 1 DAGs
[2024-05-26T14:45:04.918+0000] {logging_mixin.py:188} INFO - [2024-05-26T14:45:04.917+0000] {dag.py:3823} INFO - Setting next_dagrun for my_dag_of_the_morning to None, run_after=None
[2024-05-26T14:45:05.015+0000] {processor.py:183} INFO - Processing /opt/airflow/dags/exo_dag.py took 0.203 seconds
[2024-05-26T14:45:35.596+0000] {processor.py:161} INFO - Started process (PID=28052) to work on /opt/airflow/dags/exo_dag.py
[2024-05-26T14:45:35.598+0000] {processor.py:830} INFO - Processing file /opt/airflow/dags/exo_dag.py for tasks to queue
[2024-05-26T14:45:35.600+0000] {logging_mixin.py:188} INFO - [2024-05-26T14:45:35.600+0000] {dagbag.py:538} INFO - Filling up the DagBag from /opt/airflow/dags/exo_dag.py
[2024-05-26T14:45:35.614+0000] {processor.py:840} INFO - DAG(s) 'my_dag_of_the_morning' retrieved from /opt/airflow/dags/exo_dag.py
[2024-05-26T14:45:35.654+0000] {logging_mixin.py:188} INFO - [2024-05-26T14:45:35.654+0000] {dag.py:3036} INFO - Sync 1 DAGs
[2024-05-26T14:45:35.683+0000] {logging_mixin.py:188} INFO - [2024-05-26T14:45:35.682+0000] {dag.py:3823} INFO - Setting next_dagrun for my_dag_of_the_morning to None, run_after=None
[2024-05-26T14:45:35.717+0000] {processor.py:183} INFO - Processing /opt/airflow/dags/exo_dag.py took 0.126 seconds
[2024-05-26T14:46:06.211+0000] {processor.py:161} INFO - Started process (PID=28119) to work on /opt/airflow/dags/exo_dag.py
[2024-05-26T14:46:06.215+0000] {processor.py:830} INFO - Processing file /opt/airflow/dags/exo_dag.py for tasks to queue
[2024-05-26T14:46:06.216+0000] {logging_mixin.py:188} INFO - [2024-05-26T14:46:06.216+0000] {dagbag.py:538} INFO - Filling up the DagBag from /opt/airflow/dags/exo_dag.py
[2024-05-26T14:46:06.243+0000] {processor.py:840} INFO - DAG(s) 'my_dag_of_the_morning' retrieved from /opt/airflow/dags/exo_dag.py
[2024-05-26T14:46:06.301+0000] {logging_mixin.py:188} INFO - [2024-05-26T14:46:06.301+0000] {dag.py:3036} INFO - Sync 1 DAGs
[2024-05-26T14:46:06.351+0000] {logging_mixin.py:188} INFO - [2024-05-26T14:46:06.351+0000] {dag.py:3823} INFO - Setting next_dagrun for my_dag_of_the_morning to None, run_after=None
[2024-05-26T14:46:06.409+0000] {processor.py:183} INFO - Processing /opt/airflow/dags/exo_dag.py took 0.203 seconds
[2024-05-26T14:46:36.521+0000] {processor.py:161} INFO - Started process (PID=28187) to work on /opt/airflow/dags/exo_dag.py
[2024-05-26T14:46:36.522+0000] {processor.py:830} INFO - Processing file /opt/airflow/dags/exo_dag.py for tasks to queue
[2024-05-26T14:46:36.524+0000] {logging_mixin.py:188} INFO - [2024-05-26T14:46:36.523+0000] {dagbag.py:538} INFO - Filling up the DagBag from /opt/airflow/dags/exo_dag.py
[2024-05-26T14:46:36.535+0000] {processor.py:840} INFO - DAG(s) 'my_dag_of_the_morning' retrieved from /opt/airflow/dags/exo_dag.py
[2024-05-26T14:46:36.568+0000] {logging_mixin.py:188} INFO - [2024-05-26T14:46:36.568+0000] {dag.py:3036} INFO - Sync 1 DAGs
[2024-05-26T14:46:36.592+0000] {logging_mixin.py:188} INFO - [2024-05-26T14:46:36.592+0000] {dag.py:3823} INFO - Setting next_dagrun for my_dag_of_the_morning to None, run_after=None
[2024-05-26T14:46:36.623+0000] {processor.py:183} INFO - Processing /opt/airflow/dags/exo_dag.py took 0.110 seconds
[2024-05-26T14:47:07.047+0000] {processor.py:161} INFO - Started process (PID=28254) to work on /opt/airflow/dags/exo_dag.py
[2024-05-26T14:47:07.048+0000] {processor.py:830} INFO - Processing file /opt/airflow/dags/exo_dag.py for tasks to queue
[2024-05-26T14:47:07.049+0000] {logging_mixin.py:188} INFO - [2024-05-26T14:47:07.049+0000] {dagbag.py:538} INFO - Filling up the DagBag from /opt/airflow/dags/exo_dag.py
[2024-05-26T14:47:07.060+0000] {processor.py:840} INFO - DAG(s) 'my_dag_of_the_morning' retrieved from /opt/airflow/dags/exo_dag.py
[2024-05-26T14:47:07.106+0000] {logging_mixin.py:188} INFO - [2024-05-26T14:47:07.105+0000] {dag.py:3036} INFO - Sync 1 DAGs
[2024-05-26T14:47:07.142+0000] {logging_mixin.py:188} INFO - [2024-05-26T14:47:07.141+0000] {dag.py:3823} INFO - Setting next_dagrun for my_dag_of_the_morning to None, run_after=None
[2024-05-26T14:47:07.171+0000] {processor.py:183} INFO - Processing /opt/airflow/dags/exo_dag.py took 0.127 seconds
[2024-05-26T14:47:37.365+0000] {processor.py:161} INFO - Started process (PID=28322) to work on /opt/airflow/dags/exo_dag.py
[2024-05-26T14:47:37.366+0000] {processor.py:830} INFO - Processing file /opt/airflow/dags/exo_dag.py for tasks to queue
[2024-05-26T14:47:37.367+0000] {logging_mixin.py:188} INFO - [2024-05-26T14:47:37.367+0000] {dagbag.py:538} INFO - Filling up the DagBag from /opt/airflow/dags/exo_dag.py
[2024-05-26T14:47:37.376+0000] {processor.py:840} INFO - DAG(s) 'my_dag_of_the_morning' retrieved from /opt/airflow/dags/exo_dag.py
[2024-05-26T14:47:37.406+0000] {logging_mixin.py:188} INFO - [2024-05-26T14:47:37.405+0000] {dag.py:3036} INFO - Sync 1 DAGs
[2024-05-26T14:47:37.425+0000] {logging_mixin.py:188} INFO - [2024-05-26T14:47:37.425+0000] {dag.py:3823} INFO - Setting next_dagrun for my_dag_of_the_morning to None, run_after=None
[2024-05-26T14:47:37.452+0000] {processor.py:183} INFO - Processing /opt/airflow/dags/exo_dag.py took 0.090 seconds
[2024-05-26T14:48:07.619+0000] {processor.py:161} INFO - Started process (PID=28389) to work on /opt/airflow/dags/exo_dag.py
[2024-05-26T14:48:07.621+0000] {processor.py:830} INFO - Processing file /opt/airflow/dags/exo_dag.py for tasks to queue
[2024-05-26T14:48:07.622+0000] {logging_mixin.py:188} INFO - [2024-05-26T14:48:07.622+0000] {dagbag.py:538} INFO - Filling up the DagBag from /opt/airflow/dags/exo_dag.py
[2024-05-26T14:48:07.636+0000] {processor.py:840} INFO - DAG(s) 'my_dag_of_the_morning' retrieved from /opt/airflow/dags/exo_dag.py
[2024-05-26T14:48:07.670+0000] {logging_mixin.py:188} INFO - [2024-05-26T14:48:07.670+0000] {dag.py:3036} INFO - Sync 1 DAGs
[2024-05-26T14:48:07.694+0000] {logging_mixin.py:188} INFO - [2024-05-26T14:48:07.694+0000] {dag.py:3823} INFO - Setting next_dagrun for my_dag_of_the_morning to None, run_after=None
[2024-05-26T14:48:07.730+0000] {processor.py:183} INFO - Processing /opt/airflow/dags/exo_dag.py took 0.115 seconds
[2024-05-26T14:48:38.085+0000] {processor.py:161} INFO - Started process (PID=28456) to work on /opt/airflow/dags/exo_dag.py
[2024-05-26T14:48:38.086+0000] {processor.py:830} INFO - Processing file /opt/airflow/dags/exo_dag.py for tasks to queue
[2024-05-26T14:48:38.087+0000] {logging_mixin.py:188} INFO - [2024-05-26T14:48:38.087+0000] {dagbag.py:538} INFO - Filling up the DagBag from /opt/airflow/dags/exo_dag.py
[2024-05-26T14:48:38.097+0000] {processor.py:840} INFO - DAG(s) 'my_dag_of_the_morning' retrieved from /opt/airflow/dags/exo_dag.py
[2024-05-26T14:48:38.126+0000] {logging_mixin.py:188} INFO - [2024-05-26T14:48:38.125+0000] {dag.py:3036} INFO - Sync 1 DAGs
[2024-05-26T14:48:38.146+0000] {logging_mixin.py:188} INFO - [2024-05-26T14:48:38.145+0000] {dag.py:3823} INFO - Setting next_dagrun for my_dag_of_the_morning to None, run_after=None
[2024-05-26T14:48:38.174+0000] {processor.py:183} INFO - Processing /opt/airflow/dags/exo_dag.py took 0.093 seconds
[2024-05-26T14:49:08.662+0000] {processor.py:161} INFO - Started process (PID=28524) to work on /opt/airflow/dags/exo_dag.py
[2024-05-26T14:49:08.663+0000] {processor.py:830} INFO - Processing file /opt/airflow/dags/exo_dag.py for tasks to queue
[2024-05-26T14:49:08.664+0000] {logging_mixin.py:188} INFO - [2024-05-26T14:49:08.664+0000] {dagbag.py:538} INFO - Filling up the DagBag from /opt/airflow/dags/exo_dag.py
[2024-05-26T14:49:08.673+0000] {processor.py:840} INFO - DAG(s) 'my_dag_of_the_morning' retrieved from /opt/airflow/dags/exo_dag.py
[2024-05-26T14:49:08.701+0000] {logging_mixin.py:188} INFO - [2024-05-26T14:49:08.701+0000] {dag.py:3036} INFO - Sync 1 DAGs
[2024-05-26T14:49:08.719+0000] {logging_mixin.py:188} INFO - [2024-05-26T14:49:08.718+0000] {dag.py:3823} INFO - Setting next_dagrun for my_dag_of_the_morning to None, run_after=None
[2024-05-26T14:49:08.745+0000] {processor.py:183} INFO - Processing /opt/airflow/dags/exo_dag.py took 0.087 seconds
[2024-05-26T14:49:39.437+0000] {processor.py:161} INFO - Started process (PID=28591) to work on /opt/airflow/dags/exo_dag.py
[2024-05-26T14:49:39.438+0000] {processor.py:830} INFO - Processing file /opt/airflow/dags/exo_dag.py for tasks to queue
[2024-05-26T14:49:39.439+0000] {logging_mixin.py:188} INFO - [2024-05-26T14:49:39.439+0000] {dagbag.py:538} INFO - Filling up the DagBag from /opt/airflow/dags/exo_dag.py
[2024-05-26T14:49:39.460+0000] {processor.py:840} INFO - DAG(s) 'my_dag_of_the_morning' retrieved from /opt/airflow/dags/exo_dag.py
[2024-05-26T14:49:39.508+0000] {logging_mixin.py:188} INFO - [2024-05-26T14:49:39.507+0000] {dag.py:3036} INFO - Sync 1 DAGs
[2024-05-26T14:49:39.559+0000] {logging_mixin.py:188} INFO - [2024-05-26T14:49:39.558+0000] {dag.py:3823} INFO - Setting next_dagrun for my_dag_of_the_morning to None, run_after=None
[2024-05-26T14:49:39.596+0000] {processor.py:183} INFO - Processing /opt/airflow/dags/exo_dag.py took 0.164 seconds
[2024-05-26T14:50:09.982+0000] {processor.py:161} INFO - Started process (PID=28658) to work on /opt/airflow/dags/exo_dag.py
[2024-05-26T14:50:09.984+0000] {processor.py:830} INFO - Processing file /opt/airflow/dags/exo_dag.py for tasks to queue
[2024-05-26T14:50:09.985+0000] {logging_mixin.py:188} INFO - [2024-05-26T14:50:09.985+0000] {dagbag.py:538} INFO - Filling up the DagBag from /opt/airflow/dags/exo_dag.py
[2024-05-26T14:50:09.997+0000] {processor.py:840} INFO - DAG(s) 'my_dag_of_the_morning' retrieved from /opt/airflow/dags/exo_dag.py
[2024-05-26T14:50:10.030+0000] {logging_mixin.py:188} INFO - [2024-05-26T14:50:10.030+0000] {dag.py:3036} INFO - Sync 1 DAGs
[2024-05-26T14:50:10.055+0000] {logging_mixin.py:188} INFO - [2024-05-26T14:50:10.054+0000] {dag.py:3823} INFO - Setting next_dagrun for my_dag_of_the_morning to None, run_after=None
[2024-05-26T14:50:10.087+0000] {processor.py:183} INFO - Processing /opt/airflow/dags/exo_dag.py took 0.109 seconds
[2024-05-26T14:50:40.288+0000] {processor.py:161} INFO - Started process (PID=28727) to work on /opt/airflow/dags/exo_dag.py
[2024-05-26T14:50:40.289+0000] {processor.py:830} INFO - Processing file /opt/airflow/dags/exo_dag.py for tasks to queue
[2024-05-26T14:50:40.291+0000] {logging_mixin.py:188} INFO - [2024-05-26T14:50:40.290+0000] {dagbag.py:538} INFO - Filling up the DagBag from /opt/airflow/dags/exo_dag.py
[2024-05-26T14:50:40.302+0000] {processor.py:840} INFO - DAG(s) 'my_dag_of_the_morning' retrieved from /opt/airflow/dags/exo_dag.py
[2024-05-26T14:50:40.336+0000] {logging_mixin.py:188} INFO - [2024-05-26T14:50:40.336+0000] {dag.py:3036} INFO - Sync 1 DAGs
[2024-05-26T14:50:40.360+0000] {logging_mixin.py:188} INFO - [2024-05-26T14:50:40.360+0000] {dag.py:3823} INFO - Setting next_dagrun for my_dag_of_the_morning to None, run_after=None
[2024-05-26T14:50:40.391+0000] {processor.py:183} INFO - Processing /opt/airflow/dags/exo_dag.py took 0.108 seconds
[2024-05-26T14:51:10.535+0000] {processor.py:161} INFO - Started process (PID=28794) to work on /opt/airflow/dags/exo_dag.py
[2024-05-26T14:51:10.537+0000] {processor.py:830} INFO - Processing file /opt/airflow/dags/exo_dag.py for tasks to queue
[2024-05-26T14:51:10.538+0000] {logging_mixin.py:188} INFO - [2024-05-26T14:51:10.538+0000] {dagbag.py:538} INFO - Filling up the DagBag from /opt/airflow/dags/exo_dag.py
[2024-05-26T14:51:10.550+0000] {processor.py:840} INFO - DAG(s) 'my_dag_of_the_morning' retrieved from /opt/airflow/dags/exo_dag.py
[2024-05-26T14:51:10.587+0000] {logging_mixin.py:188} INFO - [2024-05-26T14:51:10.586+0000] {dag.py:3036} INFO - Sync 1 DAGs
[2024-05-26T14:51:10.610+0000] {logging_mixin.py:188} INFO - [2024-05-26T14:51:10.609+0000] {dag.py:3823} INFO - Setting next_dagrun for my_dag_of_the_morning to None, run_after=None
[2024-05-26T14:51:10.638+0000] {processor.py:183} INFO - Processing /opt/airflow/dags/exo_dag.py took 0.108 seconds
[2024-05-26T14:51:41.280+0000] {processor.py:161} INFO - Started process (PID=28861) to work on /opt/airflow/dags/exo_dag.py
[2024-05-26T14:51:41.281+0000] {processor.py:830} INFO - Processing file /opt/airflow/dags/exo_dag.py for tasks to queue
[2024-05-26T14:51:41.282+0000] {logging_mixin.py:188} INFO - [2024-05-26T14:51:41.282+0000] {dagbag.py:538} INFO - Filling up the DagBag from /opt/airflow/dags/exo_dag.py
[2024-05-26T14:51:41.295+0000] {processor.py:840} INFO - DAG(s) 'my_dag_of_the_morning' retrieved from /opt/airflow/dags/exo_dag.py
[2024-05-26T14:51:41.341+0000] {logging_mixin.py:188} INFO - [2024-05-26T14:51:41.341+0000] {dag.py:3036} INFO - Sync 1 DAGs
[2024-05-26T14:51:41.368+0000] {logging_mixin.py:188} INFO - [2024-05-26T14:51:41.367+0000] {dag.py:3823} INFO - Setting next_dagrun for my_dag_of_the_morning to None, run_after=None
[2024-05-26T14:51:41.399+0000] {processor.py:183} INFO - Processing /opt/airflow/dags/exo_dag.py took 0.125 seconds
[2024-05-26T14:52:11.550+0000] {processor.py:161} INFO - Started process (PID=28928) to work on /opt/airflow/dags/exo_dag.py
[2024-05-26T14:52:11.551+0000] {processor.py:830} INFO - Processing file /opt/airflow/dags/exo_dag.py for tasks to queue
[2024-05-26T14:52:11.552+0000] {logging_mixin.py:188} INFO - [2024-05-26T14:52:11.552+0000] {dagbag.py:538} INFO - Filling up the DagBag from /opt/airflow/dags/exo_dag.py
[2024-05-26T14:52:11.563+0000] {processor.py:840} INFO - DAG(s) 'my_dag_of_the_morning' retrieved from /opt/airflow/dags/exo_dag.py
[2024-05-26T14:52:11.591+0000] {logging_mixin.py:188} INFO - [2024-05-26T14:52:11.590+0000] {dag.py:3036} INFO - Sync 1 DAGs
[2024-05-26T14:52:11.609+0000] {logging_mixin.py:188} INFO - [2024-05-26T14:52:11.608+0000] {dag.py:3823} INFO - Setting next_dagrun for my_dag_of_the_morning to None, run_after=None
[2024-05-26T14:52:11.636+0000] {processor.py:183} INFO - Processing /opt/airflow/dags/exo_dag.py took 0.090 seconds
[2024-05-26T14:52:42.459+0000] {processor.py:161} INFO - Started process (PID=28995) to work on /opt/airflow/dags/exo_dag.py
[2024-05-26T14:52:42.460+0000] {processor.py:830} INFO - Processing file /opt/airflow/dags/exo_dag.py for tasks to queue
[2024-05-26T14:52:42.461+0000] {logging_mixin.py:188} INFO - [2024-05-26T14:52:42.461+0000] {dagbag.py:538} INFO - Filling up the DagBag from /opt/airflow/dags/exo_dag.py
[2024-05-26T14:52:42.481+0000] {processor.py:840} INFO - DAG(s) 'my_dag_of_the_morning' retrieved from /opt/airflow/dags/exo_dag.py
[2024-05-26T14:52:42.590+0000] {logging_mixin.py:188} INFO - [2024-05-26T14:52:42.590+0000] {dag.py:3036} INFO - Sync 1 DAGs
[2024-05-26T14:52:42.653+0000] {logging_mixin.py:188} INFO - [2024-05-26T14:52:42.651+0000] {dag.py:3823} INFO - Setting next_dagrun for my_dag_of_the_morning to None, run_after=None
[2024-05-26T14:52:42.720+0000] {processor.py:183} INFO - Processing /opt/airflow/dags/exo_dag.py took 0.271 seconds
[2024-05-26T14:53:13.718+0000] {processor.py:161} INFO - Started process (PID=29062) to work on /opt/airflow/dags/exo_dag.py
[2024-05-26T14:53:13.724+0000] {processor.py:830} INFO - Processing file /opt/airflow/dags/exo_dag.py for tasks to queue
[2024-05-26T14:53:13.725+0000] {logging_mixin.py:188} INFO - [2024-05-26T14:53:13.725+0000] {dagbag.py:538} INFO - Filling up the DagBag from /opt/airflow/dags/exo_dag.py
[2024-05-26T14:53:13.749+0000] {processor.py:840} INFO - DAG(s) 'my_dag_of_the_morning' retrieved from /opt/airflow/dags/exo_dag.py
[2024-05-26T14:53:13.814+0000] {logging_mixin.py:188} INFO - [2024-05-26T14:53:13.813+0000] {dag.py:3036} INFO - Sync 1 DAGs
[2024-05-26T14:53:13.837+0000] {logging_mixin.py:188} INFO - [2024-05-26T14:53:13.837+0000] {dag.py:3823} INFO - Setting next_dagrun for my_dag_of_the_morning to None, run_after=None
[2024-05-26T14:53:13.888+0000] {processor.py:183} INFO - Processing /opt/airflow/dags/exo_dag.py took 0.183 seconds
[2024-05-26T14:53:44.014+0000] {processor.py:161} INFO - Started process (PID=29129) to work on /opt/airflow/dags/exo_dag.py
[2024-05-26T14:53:44.016+0000] {processor.py:830} INFO - Processing file /opt/airflow/dags/exo_dag.py for tasks to queue
[2024-05-26T14:53:44.017+0000] {logging_mixin.py:188} INFO - [2024-05-26T14:53:44.017+0000] {dagbag.py:538} INFO - Filling up the DagBag from /opt/airflow/dags/exo_dag.py
[2024-05-26T14:53:44.028+0000] {processor.py:840} INFO - DAG(s) 'my_dag_of_the_morning' retrieved from /opt/airflow/dags/exo_dag.py
[2024-05-26T14:53:44.063+0000] {logging_mixin.py:188} INFO - [2024-05-26T14:53:44.063+0000] {dag.py:3036} INFO - Sync 1 DAGs
[2024-05-26T14:53:44.087+0000] {logging_mixin.py:188} INFO - [2024-05-26T14:53:44.086+0000] {dag.py:3823} INFO - Setting next_dagrun for my_dag_of_the_morning to None, run_after=None
[2024-05-26T14:53:44.121+0000] {processor.py:183} INFO - Processing /opt/airflow/dags/exo_dag.py took 0.112 seconds
[2024-05-26T14:54:14.770+0000] {processor.py:161} INFO - Started process (PID=29196) to work on /opt/airflow/dags/exo_dag.py
[2024-05-26T14:54:14.772+0000] {processor.py:830} INFO - Processing file /opt/airflow/dags/exo_dag.py for tasks to queue
[2024-05-26T14:54:14.773+0000] {logging_mixin.py:188} INFO - [2024-05-26T14:54:14.773+0000] {dagbag.py:538} INFO - Filling up the DagBag from /opt/airflow/dags/exo_dag.py
[2024-05-26T14:54:14.783+0000] {processor.py:840} INFO - DAG(s) 'my_dag_of_the_morning' retrieved from /opt/airflow/dags/exo_dag.py
[2024-05-26T14:54:14.818+0000] {logging_mixin.py:188} INFO - [2024-05-26T14:54:14.818+0000] {dag.py:3036} INFO - Sync 1 DAGs
[2024-05-26T14:54:14.841+0000] {logging_mixin.py:188} INFO - [2024-05-26T14:54:14.841+0000] {dag.py:3823} INFO - Setting next_dagrun for my_dag_of_the_morning to None, run_after=None
[2024-05-26T14:54:14.878+0000] {processor.py:183} INFO - Processing /opt/airflow/dags/exo_dag.py took 0.113 seconds
[2024-05-26T14:54:45.582+0000] {processor.py:161} INFO - Started process (PID=29263) to work on /opt/airflow/dags/exo_dag.py
[2024-05-26T14:54:45.584+0000] {processor.py:830} INFO - Processing file /opt/airflow/dags/exo_dag.py for tasks to queue
[2024-05-26T14:54:45.585+0000] {logging_mixin.py:188} INFO - [2024-05-26T14:54:45.584+0000] {dagbag.py:538} INFO - Filling up the DagBag from /opt/airflow/dags/exo_dag.py
[2024-05-26T14:54:45.594+0000] {processor.py:840} INFO - DAG(s) 'my_dag_of_the_morning' retrieved from /opt/airflow/dags/exo_dag.py
[2024-05-26T14:54:45.624+0000] {logging_mixin.py:188} INFO - [2024-05-26T14:54:45.624+0000] {dag.py:3036} INFO - Sync 1 DAGs
[2024-05-26T14:54:45.645+0000] {logging_mixin.py:188} INFO - [2024-05-26T14:54:45.645+0000] {dag.py:3823} INFO - Setting next_dagrun for my_dag_of_the_morning to None, run_after=None
[2024-05-26T14:54:45.677+0000] {processor.py:183} INFO - Processing /opt/airflow/dags/exo_dag.py took 0.099 seconds
[2024-05-26T14:55:15.895+0000] {processor.py:161} INFO - Started process (PID=29330) to work on /opt/airflow/dags/exo_dag.py
[2024-05-26T14:55:15.897+0000] {processor.py:830} INFO - Processing file /opt/airflow/dags/exo_dag.py for tasks to queue
[2024-05-26T14:55:15.899+0000] {logging_mixin.py:188} INFO - [2024-05-26T14:55:15.898+0000] {dagbag.py:538} INFO - Filling up the DagBag from /opt/airflow/dags/exo_dag.py
[2024-05-26T14:55:15.910+0000] {processor.py:840} INFO - DAG(s) 'my_dag_of_the_morning' retrieved from /opt/airflow/dags/exo_dag.py
[2024-05-26T14:55:15.949+0000] {logging_mixin.py:188} INFO - [2024-05-26T14:55:15.949+0000] {dag.py:3036} INFO - Sync 1 DAGs
[2024-05-26T14:55:15.979+0000] {logging_mixin.py:188} INFO - [2024-05-26T14:55:15.979+0000] {dag.py:3823} INFO - Setting next_dagrun for my_dag_of_the_morning to None, run_after=None
[2024-05-26T14:55:16.014+0000] {processor.py:183} INFO - Processing /opt/airflow/dags/exo_dag.py took 0.124 seconds
[2024-05-26T14:55:46.645+0000] {processor.py:161} INFO - Started process (PID=29397) to work on /opt/airflow/dags/exo_dag.py
[2024-05-26T14:55:46.646+0000] {processor.py:830} INFO - Processing file /opt/airflow/dags/exo_dag.py for tasks to queue
[2024-05-26T14:55:46.647+0000] {logging_mixin.py:188} INFO - [2024-05-26T14:55:46.647+0000] {dagbag.py:538} INFO - Filling up the DagBag from /opt/airflow/dags/exo_dag.py
[2024-05-26T14:55:46.656+0000] {processor.py:840} INFO - DAG(s) 'my_dag_of_the_morning' retrieved from /opt/airflow/dags/exo_dag.py
[2024-05-26T14:55:46.686+0000] {logging_mixin.py:188} INFO - [2024-05-26T14:55:46.686+0000] {dag.py:3036} INFO - Sync 1 DAGs
[2024-05-26T14:55:46.707+0000] {logging_mixin.py:188} INFO - [2024-05-26T14:55:46.706+0000] {dag.py:3823} INFO - Setting next_dagrun for my_dag_of_the_morning to None, run_after=None
[2024-05-26T14:55:46.735+0000] {processor.py:183} INFO - Processing /opt/airflow/dags/exo_dag.py took 0.095 seconds
[2024-05-26T14:56:16.972+0000] {processor.py:161} INFO - Started process (PID=29464) to work on /opt/airflow/dags/exo_dag.py
[2024-05-26T14:56:16.973+0000] {processor.py:830} INFO - Processing file /opt/airflow/dags/exo_dag.py for tasks to queue
[2024-05-26T14:56:16.975+0000] {logging_mixin.py:188} INFO - [2024-05-26T14:56:16.974+0000] {dagbag.py:538} INFO - Filling up the DagBag from /opt/airflow/dags/exo_dag.py
[2024-05-26T14:56:16.985+0000] {processor.py:840} INFO - DAG(s) 'my_dag_of_the_morning' retrieved from /opt/airflow/dags/exo_dag.py
[2024-05-26T14:56:17.017+0000] {logging_mixin.py:188} INFO - [2024-05-26T14:56:17.017+0000] {dag.py:3036} INFO - Sync 1 DAGs
[2024-05-26T14:56:17.039+0000] {logging_mixin.py:188} INFO - [2024-05-26T14:56:17.039+0000] {dag.py:3823} INFO - Setting next_dagrun for my_dag_of_the_morning to None, run_after=None
[2024-05-26T14:56:17.149+0000] {processor.py:183} INFO - Processing /opt/airflow/dags/exo_dag.py took 0.182 seconds
[2024-05-26T14:56:47.674+0000] {processor.py:161} INFO - Started process (PID=29531) to work on /opt/airflow/dags/exo_dag.py
[2024-05-26T14:56:47.675+0000] {processor.py:830} INFO - Processing file /opt/airflow/dags/exo_dag.py for tasks to queue
[2024-05-26T14:56:47.676+0000] {logging_mixin.py:188} INFO - [2024-05-26T14:56:47.675+0000] {dagbag.py:538} INFO - Filling up the DagBag from /opt/airflow/dags/exo_dag.py
[2024-05-26T14:56:47.688+0000] {processor.py:840} INFO - DAG(s) 'my_dag_of_the_morning' retrieved from /opt/airflow/dags/exo_dag.py
[2024-05-26T14:56:47.717+0000] {logging_mixin.py:188} INFO - [2024-05-26T14:56:47.716+0000] {dag.py:3036} INFO - Sync 1 DAGs
[2024-05-26T14:56:47.734+0000] {logging_mixin.py:188} INFO - [2024-05-26T14:56:47.734+0000] {dag.py:3823} INFO - Setting next_dagrun for my_dag_of_the_morning to None, run_after=None
[2024-05-26T14:56:47.762+0000] {processor.py:183} INFO - Processing /opt/airflow/dags/exo_dag.py took 0.092 seconds
[2024-05-26T14:57:18.466+0000] {processor.py:161} INFO - Started process (PID=29598) to work on /opt/airflow/dags/exo_dag.py
[2024-05-26T14:57:18.468+0000] {processor.py:830} INFO - Processing file /opt/airflow/dags/exo_dag.py for tasks to queue
[2024-05-26T14:57:18.472+0000] {logging_mixin.py:188} INFO - [2024-05-26T14:57:18.469+0000] {dagbag.py:538} INFO - Filling up the DagBag from /opt/airflow/dags/exo_dag.py
[2024-05-26T14:57:18.482+0000] {processor.py:840} INFO - DAG(s) 'my_dag_of_the_morning' retrieved from /opt/airflow/dags/exo_dag.py
[2024-05-26T14:57:18.518+0000] {logging_mixin.py:188} INFO - [2024-05-26T14:57:18.518+0000] {dag.py:3036} INFO - Sync 1 DAGs
[2024-05-26T14:57:18.537+0000] {logging_mixin.py:188} INFO - [2024-05-26T14:57:18.537+0000] {dag.py:3823} INFO - Setting next_dagrun for my_dag_of_the_morning to None, run_after=None
[2024-05-26T14:57:18.569+0000] {processor.py:183} INFO - Processing /opt/airflow/dags/exo_dag.py took 0.108 seconds
[2024-05-26T14:57:48.720+0000] {processor.py:161} INFO - Started process (PID=29665) to work on /opt/airflow/dags/exo_dag.py
[2024-05-26T14:57:48.721+0000] {processor.py:830} INFO - Processing file /opt/airflow/dags/exo_dag.py for tasks to queue
[2024-05-26T14:57:48.723+0000] {logging_mixin.py:188} INFO - [2024-05-26T14:57:48.722+0000] {dagbag.py:538} INFO - Filling up the DagBag from /opt/airflow/dags/exo_dag.py
[2024-05-26T14:57:48.736+0000] {processor.py:840} INFO - DAG(s) 'my_dag_of_the_morning' retrieved from /opt/airflow/dags/exo_dag.py
[2024-05-26T14:57:48.778+0000] {logging_mixin.py:188} INFO - [2024-05-26T14:57:48.778+0000] {dag.py:3036} INFO - Sync 1 DAGs
[2024-05-26T14:57:48.806+0000] {logging_mixin.py:188} INFO - [2024-05-26T14:57:48.806+0000] {dag.py:3823} INFO - Setting next_dagrun for my_dag_of_the_morning to None, run_after=None
[2024-05-26T14:57:48.844+0000] {processor.py:183} INFO - Processing /opt/airflow/dags/exo_dag.py took 0.147 seconds
[2024-05-26T14:58:18.909+0000] {processor.py:161} INFO - Started process (PID=29731) to work on /opt/airflow/dags/exo_dag.py
[2024-05-26T14:58:18.910+0000] {processor.py:830} INFO - Processing file /opt/airflow/dags/exo_dag.py for tasks to queue
[2024-05-26T14:58:18.911+0000] {logging_mixin.py:188} INFO - [2024-05-26T14:58:18.911+0000] {dagbag.py:538} INFO - Filling up the DagBag from /opt/airflow/dags/exo_dag.py
[2024-05-26T14:58:18.923+0000] {processor.py:840} INFO - DAG(s) 'my_dag_of_the_morning' retrieved from /opt/airflow/dags/exo_dag.py
[2024-05-26T14:58:18.960+0000] {logging_mixin.py:188} INFO - [2024-05-26T14:58:18.959+0000] {dag.py:3036} INFO - Sync 1 DAGs
[2024-05-26T14:58:18.981+0000] {logging_mixin.py:188} INFO - [2024-05-26T14:58:18.981+0000] {dag.py:3823} INFO - Setting next_dagrun for my_dag_of_the_morning to None, run_after=None
[2024-05-26T14:58:19.010+0000] {processor.py:183} INFO - Processing /opt/airflow/dags/exo_dag.py took 0.105 seconds
[2024-05-26T14:58:49.159+0000] {processor.py:161} INFO - Started process (PID=29798) to work on /opt/airflow/dags/exo_dag.py
[2024-05-26T14:58:49.160+0000] {processor.py:830} INFO - Processing file /opt/airflow/dags/exo_dag.py for tasks to queue
[2024-05-26T14:58:49.161+0000] {logging_mixin.py:188} INFO - [2024-05-26T14:58:49.161+0000] {dagbag.py:538} INFO - Filling up the DagBag from /opt/airflow/dags/exo_dag.py
[2024-05-26T14:58:49.173+0000] {processor.py:840} INFO - DAG(s) 'my_dag_of_the_morning' retrieved from /opt/airflow/dags/exo_dag.py
[2024-05-26T14:58:49.209+0000] {logging_mixin.py:188} INFO - [2024-05-26T14:58:49.209+0000] {dag.py:3036} INFO - Sync 1 DAGs
[2024-05-26T14:58:49.234+0000] {logging_mixin.py:188} INFO - [2024-05-26T14:58:49.234+0000] {dag.py:3823} INFO - Setting next_dagrun for my_dag_of_the_morning to None, run_after=None
[2024-05-26T14:58:49.273+0000] {processor.py:183} INFO - Processing /opt/airflow/dags/exo_dag.py took 0.119 seconds
[2024-05-26T14:59:19.717+0000] {processor.py:161} INFO - Started process (PID=29865) to work on /opt/airflow/dags/exo_dag.py
[2024-05-26T14:59:19.722+0000] {processor.py:830} INFO - Processing file /opt/airflow/dags/exo_dag.py for tasks to queue
[2024-05-26T14:59:19.723+0000] {logging_mixin.py:188} INFO - [2024-05-26T14:59:19.723+0000] {dagbag.py:538} INFO - Filling up the DagBag from /opt/airflow/dags/exo_dag.py
[2024-05-26T14:59:19.735+0000] {processor.py:840} INFO - DAG(s) 'my_dag_of_the_morning' retrieved from /opt/airflow/dags/exo_dag.py
[2024-05-26T14:59:19.768+0000] {logging_mixin.py:188} INFO - [2024-05-26T14:59:19.768+0000] {dag.py:3036} INFO - Sync 1 DAGs
[2024-05-26T14:59:19.792+0000] {logging_mixin.py:188} INFO - [2024-05-26T14:59:19.792+0000] {dag.py:3823} INFO - Setting next_dagrun for my_dag_of_the_morning to None, run_after=None
[2024-05-26T14:59:19.823+0000] {processor.py:183} INFO - Processing /opt/airflow/dags/exo_dag.py took 0.111 seconds
[2024-05-26T14:59:50.701+0000] {processor.py:161} INFO - Started process (PID=29933) to work on /opt/airflow/dags/exo_dag.py
[2024-05-26T14:59:50.703+0000] {processor.py:830} INFO - Processing file /opt/airflow/dags/exo_dag.py for tasks to queue
[2024-05-26T14:59:50.704+0000] {logging_mixin.py:188} INFO - [2024-05-26T14:59:50.703+0000] {dagbag.py:538} INFO - Filling up the DagBag from /opt/airflow/dags/exo_dag.py
[2024-05-26T14:59:50.714+0000] {processor.py:840} INFO - DAG(s) 'my_dag_of_the_morning' retrieved from /opt/airflow/dags/exo_dag.py
[2024-05-26T14:59:50.745+0000] {logging_mixin.py:188} INFO - [2024-05-26T14:59:50.744+0000] {dag.py:3036} INFO - Sync 1 DAGs
[2024-05-26T14:59:50.774+0000] {logging_mixin.py:188} INFO - [2024-05-26T14:59:50.774+0000] {dag.py:3823} INFO - Setting next_dagrun for my_dag_of_the_morning to None, run_after=None
[2024-05-26T14:59:50.801+0000] {processor.py:183} INFO - Processing /opt/airflow/dags/exo_dag.py took 0.105 seconds
[2024-05-26T15:00:21.279+0000] {processor.py:161} INFO - Started process (PID=30001) to work on /opt/airflow/dags/exo_dag.py
[2024-05-26T15:00:21.280+0000] {processor.py:830} INFO - Processing file /opt/airflow/dags/exo_dag.py for tasks to queue
[2024-05-26T15:00:21.281+0000] {logging_mixin.py:188} INFO - [2024-05-26T15:00:21.281+0000] {dagbag.py:538} INFO - Filling up the DagBag from /opt/airflow/dags/exo_dag.py
[2024-05-26T15:00:21.290+0000] {processor.py:840} INFO - DAG(s) 'my_dag_of_the_morning' retrieved from /opt/airflow/dags/exo_dag.py
[2024-05-26T15:00:21.320+0000] {logging_mixin.py:188} INFO - [2024-05-26T15:00:21.320+0000] {dag.py:3036} INFO - Sync 1 DAGs
[2024-05-26T15:00:21.338+0000] {logging_mixin.py:188} INFO - [2024-05-26T15:00:21.338+0000] {dag.py:3823} INFO - Setting next_dagrun for my_dag_of_the_morning to None, run_after=None
[2024-05-26T15:00:21.366+0000] {processor.py:183} INFO - Processing /opt/airflow/dags/exo_dag.py took 0.091 seconds
[2024-05-26T15:00:51.951+0000] {processor.py:161} INFO - Started process (PID=30067) to work on /opt/airflow/dags/exo_dag.py
[2024-05-26T15:00:51.953+0000] {processor.py:830} INFO - Processing file /opt/airflow/dags/exo_dag.py for tasks to queue
[2024-05-26T15:00:51.955+0000] {logging_mixin.py:188} INFO - [2024-05-26T15:00:51.954+0000] {dagbag.py:538} INFO - Filling up the DagBag from /opt/airflow/dags/exo_dag.py
[2024-05-26T15:00:51.969+0000] {processor.py:840} INFO - DAG(s) 'my_dag_of_the_morning' retrieved from /opt/airflow/dags/exo_dag.py
[2024-05-26T15:00:52.008+0000] {logging_mixin.py:188} INFO - [2024-05-26T15:00:52.008+0000] {dag.py:3036} INFO - Sync 1 DAGs
[2024-05-26T15:00:52.033+0000] {logging_mixin.py:188} INFO - [2024-05-26T15:00:52.032+0000] {dag.py:3823} INFO - Setting next_dagrun for my_dag_of_the_morning to None, run_after=None
[2024-05-26T15:00:52.084+0000] {processor.py:183} INFO - Processing /opt/airflow/dags/exo_dag.py took 0.139 seconds
[2024-05-26T15:01:22.753+0000] {processor.py:161} INFO - Started process (PID=30135) to work on /opt/airflow/dags/exo_dag.py
[2024-05-26T15:01:22.754+0000] {processor.py:830} INFO - Processing file /opt/airflow/dags/exo_dag.py for tasks to queue
[2024-05-26T15:01:22.756+0000] {logging_mixin.py:188} INFO - [2024-05-26T15:01:22.755+0000] {dagbag.py:538} INFO - Filling up the DagBag from /opt/airflow/dags/exo_dag.py
[2024-05-26T15:01:22.765+0000] {processor.py:840} INFO - DAG(s) 'my_dag_of_the_morning' retrieved from /opt/airflow/dags/exo_dag.py
[2024-05-26T15:01:22.796+0000] {logging_mixin.py:188} INFO - [2024-05-26T15:01:22.796+0000] {dag.py:3036} INFO - Sync 1 DAGs
[2024-05-26T15:01:22.818+0000] {logging_mixin.py:188} INFO - [2024-05-26T15:01:22.818+0000] {dag.py:3823} INFO - Setting next_dagrun for my_dag_of_the_morning to None, run_after=None
[2024-05-26T15:01:22.846+0000] {processor.py:183} INFO - Processing /opt/airflow/dags/exo_dag.py took 0.097 seconds
