[2024-06-01T18:23:31.923+0000] {processor.py:161} INFO - Started process (PID=12759) to work on /opt/airflow/dags/simple_xcom.py
[2024-06-01T18:23:31.924+0000] {processor.py:830} INFO - Processing file /opt/airflow/dags/simple_xcom.py for tasks to queue
[2024-06-01T18:23:31.939+0000] {logging_mixin.py:188} INFO - [2024-06-01T18:23:31.926+0000] {dagbag.py:538} INFO - Filling up the DagBag from /opt/airflow/dags/simple_xcom.py
[2024-06-01T18:23:31.958+0000] {processor.py:840} INFO - DAG(s) 'simple_xcom_dag' retrieved from /opt/airflow/dags/simple_xcom.py
[2024-06-01T18:23:32.366+0000] {logging_mixin.py:188} INFO - [2024-06-01T18:23:32.365+0000] {override.py:1769} INFO - Created Permission View: can edit on DAG:simple_xcom_dag
[2024-06-01T18:23:32.384+0000] {logging_mixin.py:188} INFO - [2024-06-01T18:23:32.383+0000] {override.py:1769} INFO - Created Permission View: can delete on DAG:simple_xcom_dag
[2024-06-01T18:23:32.397+0000] {logging_mixin.py:188} INFO - [2024-06-01T18:23:32.396+0000] {override.py:1769} INFO - Created Permission View: can read on DAG:simple_xcom_dag
[2024-06-01T18:23:32.398+0000] {logging_mixin.py:188} INFO - [2024-06-01T18:23:32.398+0000] {dag.py:3036} INFO - Sync 1 DAGs
[2024-06-01T18:23:32.424+0000] {logging_mixin.py:188} INFO - [2024-06-01T18:23:32.424+0000] {dag.py:3058} INFO - Creating ORM DAG for simple_xcom_dag
[2024-06-01T18:23:32.425+0000] {logging_mixin.py:188} INFO - [2024-06-01T18:23:32.425+0000] {dag.py:3823} INFO - Setting next_dagrun for simple_xcom_dag to None, run_after=None
[2024-06-01T18:23:32.470+0000] {processor.py:183} INFO - Processing /opt/airflow/dags/simple_xcom.py took 0.576 seconds
[2024-06-01T18:24:03.323+0000] {processor.py:161} INFO - Started process (PID=12841) to work on /opt/airflow/dags/simple_xcom.py
[2024-06-01T18:24:03.324+0000] {processor.py:830} INFO - Processing file /opt/airflow/dags/simple_xcom.py for tasks to queue
[2024-06-01T18:24:03.326+0000] {logging_mixin.py:188} INFO - [2024-06-01T18:24:03.326+0000] {dagbag.py:538} INFO - Filling up the DagBag from /opt/airflow/dags/simple_xcom.py
[2024-06-01T18:24:03.334+0000] {processor.py:840} INFO - DAG(s) 'simple_xcom_dag' retrieved from /opt/airflow/dags/simple_xcom.py
[2024-06-01T18:24:03.369+0000] {logging_mixin.py:188} INFO - [2024-06-01T18:24:03.369+0000] {dag.py:3036} INFO - Sync 1 DAGs
[2024-06-01T18:24:03.395+0000] {logging_mixin.py:188} INFO - [2024-06-01T18:24:03.394+0000] {dag.py:3823} INFO - Setting next_dagrun for simple_xcom_dag to None, run_after=None
[2024-06-01T18:24:03.428+0000] {processor.py:183} INFO - Processing /opt/airflow/dags/simple_xcom.py took 0.111 seconds
[2024-06-01T18:24:33.821+0000] {processor.py:161} INFO - Started process (PID=12921) to work on /opt/airflow/dags/simple_xcom.py
[2024-06-01T18:24:33.822+0000] {processor.py:830} INFO - Processing file /opt/airflow/dags/simple_xcom.py for tasks to queue
[2024-06-01T18:24:33.826+0000] {logging_mixin.py:188} INFO - [2024-06-01T18:24:33.825+0000] {dagbag.py:538} INFO - Filling up the DagBag from /opt/airflow/dags/simple_xcom.py
[2024-06-01T18:24:33.832+0000] {processor.py:840} INFO - DAG(s) 'simple_xcom_dag' retrieved from /opt/airflow/dags/simple_xcom.py
[2024-06-01T18:24:33.865+0000] {logging_mixin.py:188} INFO - [2024-06-01T18:24:33.864+0000] {dag.py:3036} INFO - Sync 1 DAGs
[2024-06-01T18:24:33.889+0000] {logging_mixin.py:188} INFO - [2024-06-01T18:24:33.888+0000] {dag.py:3823} INFO - Setting next_dagrun for simple_xcom_dag to None, run_after=None
[2024-06-01T18:24:33.925+0000] {processor.py:183} INFO - Processing /opt/airflow/dags/simple_xcom.py took 0.109 seconds
[2024-06-01T18:25:04.518+0000] {processor.py:161} INFO - Started process (PID=13000) to work on /opt/airflow/dags/simple_xcom.py
[2024-06-01T18:25:04.520+0000] {processor.py:830} INFO - Processing file /opt/airflow/dags/simple_xcom.py for tasks to queue
[2024-06-01T18:25:04.523+0000] {logging_mixin.py:188} INFO - [2024-06-01T18:25:04.522+0000] {dagbag.py:538} INFO - Filling up the DagBag from /opt/airflow/dags/simple_xcom.py
[2024-06-01T18:25:04.529+0000] {processor.py:840} INFO - DAG(s) 'simple_xcom_dag' retrieved from /opt/airflow/dags/simple_xcom.py
[2024-06-01T18:25:04.558+0000] {logging_mixin.py:188} INFO - [2024-06-01T18:25:04.558+0000] {dag.py:3036} INFO - Sync 1 DAGs
[2024-06-01T18:25:04.582+0000] {logging_mixin.py:188} INFO - [2024-06-01T18:25:04.582+0000] {dag.py:3823} INFO - Setting next_dagrun for simple_xcom_dag to None, run_after=None
[2024-06-01T18:25:04.614+0000] {processor.py:183} INFO - Processing /opt/airflow/dags/simple_xcom.py took 0.100 seconds
[2024-06-01T18:25:35.356+0000] {processor.py:161} INFO - Started process (PID=13080) to work on /opt/airflow/dags/simple_xcom.py
[2024-06-01T18:25:35.363+0000] {processor.py:830} INFO - Processing file /opt/airflow/dags/simple_xcom.py for tasks to queue
[2024-06-01T18:25:35.366+0000] {logging_mixin.py:188} INFO - [2024-06-01T18:25:35.366+0000] {dagbag.py:538} INFO - Filling up the DagBag from /opt/airflow/dags/simple_xcom.py
[2024-06-01T18:25:35.373+0000] {processor.py:840} INFO - DAG(s) 'simple_xcom_dag' retrieved from /opt/airflow/dags/simple_xcom.py
[2024-06-01T18:25:35.434+0000] {logging_mixin.py:188} INFO - [2024-06-01T18:25:35.433+0000] {dag.py:3036} INFO - Sync 1 DAGs
[2024-06-01T18:25:35.485+0000] {logging_mixin.py:188} INFO - [2024-06-01T18:25:35.485+0000] {dag.py:3823} INFO - Setting next_dagrun for simple_xcom_dag to None, run_after=None
[2024-06-01T18:25:35.541+0000] {processor.py:183} INFO - Processing /opt/airflow/dags/simple_xcom.py took 0.195 seconds
[2024-06-01T18:26:06.047+0000] {processor.py:161} INFO - Started process (PID=13160) to work on /opt/airflow/dags/simple_xcom.py
[2024-06-01T18:26:06.048+0000] {processor.py:830} INFO - Processing file /opt/airflow/dags/simple_xcom.py for tasks to queue
[2024-06-01T18:26:06.051+0000] {logging_mixin.py:188} INFO - [2024-06-01T18:26:06.050+0000] {dagbag.py:538} INFO - Filling up the DagBag from /opt/airflow/dags/simple_xcom.py
[2024-06-01T18:26:06.069+0000] {processor.py:840} INFO - DAG(s) 'simple_xcom_dag' retrieved from /opt/airflow/dags/simple_xcom.py
[2024-06-01T18:26:06.113+0000] {logging_mixin.py:188} INFO - [2024-06-01T18:26:06.113+0000] {dag.py:3036} INFO - Sync 1 DAGs
[2024-06-01T18:26:06.151+0000] {logging_mixin.py:188} INFO - [2024-06-01T18:26:06.151+0000] {dag.py:3823} INFO - Setting next_dagrun for simple_xcom_dag to None, run_after=None
[2024-06-01T18:26:06.207+0000] {processor.py:183} INFO - Processing /opt/airflow/dags/simple_xcom.py took 0.172 seconds
[2024-06-01T18:26:36.246+0000] {processor.py:161} INFO - Started process (PID=13240) to work on /opt/airflow/dags/simple_xcom.py
[2024-06-01T18:26:36.248+0000] {processor.py:830} INFO - Processing file /opt/airflow/dags/simple_xcom.py for tasks to queue
[2024-06-01T18:26:36.250+0000] {logging_mixin.py:188} INFO - [2024-06-01T18:26:36.250+0000] {dagbag.py:538} INFO - Filling up the DagBag from /opt/airflow/dags/simple_xcom.py
[2024-06-01T18:26:36.258+0000] {processor.py:840} INFO - DAG(s) 'simple_xcom_dag' retrieved from /opt/airflow/dags/simple_xcom.py
[2024-06-01T18:26:36.287+0000] {logging_mixin.py:188} INFO - [2024-06-01T18:26:36.287+0000] {dag.py:3036} INFO - Sync 1 DAGs
[2024-06-01T18:26:36.314+0000] {logging_mixin.py:188} INFO - [2024-06-01T18:26:36.313+0000] {dag.py:3823} INFO - Setting next_dagrun for simple_xcom_dag to None, run_after=None
[2024-06-01T18:26:36.354+0000] {processor.py:183} INFO - Processing /opt/airflow/dags/simple_xcom.py took 0.113 seconds
[2024-06-01T18:27:06.494+0000] {processor.py:161} INFO - Started process (PID=13320) to work on /opt/airflow/dags/simple_xcom.py
[2024-06-01T18:27:06.495+0000] {processor.py:830} INFO - Processing file /opt/airflow/dags/simple_xcom.py for tasks to queue
[2024-06-01T18:27:06.498+0000] {logging_mixin.py:188} INFO - [2024-06-01T18:27:06.497+0000] {dagbag.py:538} INFO - Filling up the DagBag from /opt/airflow/dags/simple_xcom.py
[2024-06-01T18:27:06.505+0000] {processor.py:840} INFO - DAG(s) 'simple_xcom_dag' retrieved from /opt/airflow/dags/simple_xcom.py
[2024-06-01T18:27:06.545+0000] {logging_mixin.py:188} INFO - [2024-06-01T18:27:06.545+0000] {dag.py:3036} INFO - Sync 1 DAGs
[2024-06-01T18:27:06.572+0000] {logging_mixin.py:188} INFO - [2024-06-01T18:27:06.572+0000] {dag.py:3823} INFO - Setting next_dagrun for simple_xcom_dag to None, run_after=None
[2024-06-01T18:27:06.624+0000] {processor.py:183} INFO - Processing /opt/airflow/dags/simple_xcom.py took 0.135 seconds
[2024-06-01T18:27:37.063+0000] {processor.py:161} INFO - Started process (PID=13399) to work on /opt/airflow/dags/simple_xcom.py
[2024-06-01T18:27:37.064+0000] {processor.py:830} INFO - Processing file /opt/airflow/dags/simple_xcom.py for tasks to queue
[2024-06-01T18:27:37.067+0000] {logging_mixin.py:188} INFO - [2024-06-01T18:27:37.066+0000] {dagbag.py:538} INFO - Filling up the DagBag from /opt/airflow/dags/simple_xcom.py
[2024-06-01T18:27:37.074+0000] {processor.py:840} INFO - DAG(s) 'simple_xcom_dag' retrieved from /opt/airflow/dags/simple_xcom.py
[2024-06-01T18:27:37.102+0000] {logging_mixin.py:188} INFO - [2024-06-01T18:27:37.102+0000] {dag.py:3036} INFO - Sync 1 DAGs
[2024-06-01T18:27:37.125+0000] {logging_mixin.py:188} INFO - [2024-06-01T18:27:37.124+0000] {dag.py:3823} INFO - Setting next_dagrun for simple_xcom_dag to None, run_after=None
[2024-06-01T18:27:37.157+0000] {processor.py:183} INFO - Processing /opt/airflow/dags/simple_xcom.py took 0.099 seconds
[2024-06-01T18:28:07.708+0000] {processor.py:161} INFO - Started process (PID=13479) to work on /opt/airflow/dags/simple_xcom.py
[2024-06-01T18:28:07.709+0000] {processor.py:830} INFO - Processing file /opt/airflow/dags/simple_xcom.py for tasks to queue
[2024-06-01T18:28:07.711+0000] {logging_mixin.py:188} INFO - [2024-06-01T18:28:07.711+0000] {dagbag.py:538} INFO - Filling up the DagBag from /opt/airflow/dags/simple_xcom.py
[2024-06-01T18:28:07.719+0000] {processor.py:840} INFO - DAG(s) 'simple_xcom_dag' retrieved from /opt/airflow/dags/simple_xcom.py
[2024-06-01T18:28:07.757+0000] {logging_mixin.py:188} INFO - [2024-06-01T18:28:07.757+0000] {dag.py:3036} INFO - Sync 1 DAGs
[2024-06-01T18:28:07.791+0000] {logging_mixin.py:188} INFO - [2024-06-01T18:28:07.790+0000] {dag.py:3823} INFO - Setting next_dagrun for simple_xcom_dag to None, run_after=None
[2024-06-01T18:28:07.849+0000] {processor.py:183} INFO - Processing /opt/airflow/dags/simple_xcom.py took 0.146 seconds
[2024-06-01T18:28:37.996+0000] {processor.py:161} INFO - Started process (PID=13559) to work on /opt/airflow/dags/simple_xcom.py
[2024-06-01T18:28:38.002+0000] {processor.py:830} INFO - Processing file /opt/airflow/dags/simple_xcom.py for tasks to queue
[2024-06-01T18:28:38.011+0000] {logging_mixin.py:188} INFO - [2024-06-01T18:28:38.009+0000] {dagbag.py:538} INFO - Filling up the DagBag from /opt/airflow/dags/simple_xcom.py
[2024-06-01T18:28:38.027+0000] {processor.py:840} INFO - DAG(s) 'simple_xcom_dag' retrieved from /opt/airflow/dags/simple_xcom.py
[2024-06-01T18:28:38.064+0000] {logging_mixin.py:188} INFO - [2024-06-01T18:28:38.064+0000] {dag.py:3036} INFO - Sync 1 DAGs
[2024-06-01T18:28:38.099+0000] {logging_mixin.py:188} INFO - [2024-06-01T18:28:38.098+0000] {dag.py:3823} INFO - Setting next_dagrun for simple_xcom_dag to None, run_after=None
[2024-06-01T18:28:38.141+0000] {processor.py:183} INFO - Processing /opt/airflow/dags/simple_xcom.py took 0.158 seconds
[2024-06-01T18:29:08.313+0000] {processor.py:161} INFO - Started process (PID=13640) to work on /opt/airflow/dags/simple_xcom.py
[2024-06-01T18:29:08.315+0000] {processor.py:830} INFO - Processing file /opt/airflow/dags/simple_xcom.py for tasks to queue
[2024-06-01T18:29:08.318+0000] {logging_mixin.py:188} INFO - [2024-06-01T18:29:08.317+0000] {dagbag.py:538} INFO - Filling up the DagBag from /opt/airflow/dags/simple_xcom.py
[2024-06-01T18:29:08.325+0000] {processor.py:840} INFO - DAG(s) 'simple_xcom_dag' retrieved from /opt/airflow/dags/simple_xcom.py
[2024-06-01T18:29:08.356+0000] {logging_mixin.py:188} INFO - [2024-06-01T18:29:08.355+0000] {dag.py:3036} INFO - Sync 1 DAGs
[2024-06-01T18:29:08.381+0000] {logging_mixin.py:188} INFO - [2024-06-01T18:29:08.381+0000] {dag.py:3823} INFO - Setting next_dagrun for simple_xcom_dag to None, run_after=None
[2024-06-01T18:29:08.409+0000] {processor.py:183} INFO - Processing /opt/airflow/dags/simple_xcom.py took 0.101 seconds
[2024-06-01T18:29:39.020+0000] {processor.py:161} INFO - Started process (PID=13720) to work on /opt/airflow/dags/simple_xcom.py
[2024-06-01T18:29:39.021+0000] {processor.py:830} INFO - Processing file /opt/airflow/dags/simple_xcom.py for tasks to queue
[2024-06-01T18:29:39.023+0000] {logging_mixin.py:188} INFO - [2024-06-01T18:29:39.023+0000] {dagbag.py:538} INFO - Filling up the DagBag from /opt/airflow/dags/simple_xcom.py
[2024-06-01T18:29:39.030+0000] {processor.py:840} INFO - DAG(s) 'simple_xcom_dag' retrieved from /opt/airflow/dags/simple_xcom.py
[2024-06-01T18:29:39.075+0000] {logging_mixin.py:188} INFO - [2024-06-01T18:29:39.075+0000] {dag.py:3036} INFO - Sync 1 DAGs
[2024-06-01T18:29:39.138+0000] {logging_mixin.py:188} INFO - [2024-06-01T18:29:39.138+0000] {dag.py:3823} INFO - Setting next_dagrun for simple_xcom_dag to None, run_after=None
[2024-06-01T18:29:39.205+0000] {processor.py:183} INFO - Processing /opt/airflow/dags/simple_xcom.py took 0.199 seconds
[2024-06-01T18:30:09.909+0000] {processor.py:161} INFO - Started process (PID=13799) to work on /opt/airflow/dags/simple_xcom.py
[2024-06-01T18:30:09.910+0000] {processor.py:830} INFO - Processing file /opt/airflow/dags/simple_xcom.py for tasks to queue
[2024-06-01T18:30:09.913+0000] {logging_mixin.py:188} INFO - [2024-06-01T18:30:09.912+0000] {dagbag.py:538} INFO - Filling up the DagBag from /opt/airflow/dags/simple_xcom.py
[2024-06-01T18:30:09.920+0000] {processor.py:840} INFO - DAG(s) 'simple_xcom_dag' retrieved from /opt/airflow/dags/simple_xcom.py
[2024-06-01T18:30:09.948+0000] {logging_mixin.py:188} INFO - [2024-06-01T18:30:09.948+0000] {dag.py:3036} INFO - Sync 1 DAGs
[2024-06-01T18:30:09.973+0000] {logging_mixin.py:188} INFO - [2024-06-01T18:30:09.972+0000] {dag.py:3823} INFO - Setting next_dagrun for simple_xcom_dag to None, run_after=None
[2024-06-01T18:30:10.011+0000] {processor.py:183} INFO - Processing /opt/airflow/dags/simple_xcom.py took 0.107 seconds
[2024-06-01T18:30:40.427+0000] {processor.py:161} INFO - Started process (PID=13879) to work on /opt/airflow/dags/simple_xcom.py
[2024-06-01T18:30:40.429+0000] {processor.py:830} INFO - Processing file /opt/airflow/dags/simple_xcom.py for tasks to queue
[2024-06-01T18:30:40.432+0000] {logging_mixin.py:188} INFO - [2024-06-01T18:30:40.432+0000] {dagbag.py:538} INFO - Filling up the DagBag from /opt/airflow/dags/simple_xcom.py
[2024-06-01T18:30:40.440+0000] {processor.py:840} INFO - DAG(s) 'simple_xcom_dag' retrieved from /opt/airflow/dags/simple_xcom.py
[2024-06-01T18:30:40.479+0000] {logging_mixin.py:188} INFO - [2024-06-01T18:30:40.479+0000] {dag.py:3036} INFO - Sync 1 DAGs
[2024-06-01T18:30:40.505+0000] {logging_mixin.py:188} INFO - [2024-06-01T18:30:40.504+0000] {dag.py:3823} INFO - Setting next_dagrun for simple_xcom_dag to None, run_after=None
[2024-06-01T18:30:40.561+0000] {processor.py:183} INFO - Processing /opt/airflow/dags/simple_xcom.py took 0.139 seconds
[2024-06-01T18:31:11.037+0000] {processor.py:161} INFO - Started process (PID=13959) to work on /opt/airflow/dags/simple_xcom.py
[2024-06-01T18:31:11.038+0000] {processor.py:830} INFO - Processing file /opt/airflow/dags/simple_xcom.py for tasks to queue
[2024-06-01T18:31:11.040+0000] {logging_mixin.py:188} INFO - [2024-06-01T18:31:11.040+0000] {dagbag.py:538} INFO - Filling up the DagBag from /opt/airflow/dags/simple_xcom.py
[2024-06-01T18:31:11.047+0000] {processor.py:840} INFO - DAG(s) 'simple_xcom_dag' retrieved from /opt/airflow/dags/simple_xcom.py
[2024-06-01T18:31:11.073+0000] {logging_mixin.py:188} INFO - [2024-06-01T18:31:11.072+0000] {dag.py:3036} INFO - Sync 1 DAGs
[2024-06-01T18:31:11.094+0000] {logging_mixin.py:188} INFO - [2024-06-01T18:31:11.094+0000] {dag.py:3823} INFO - Setting next_dagrun for simple_xcom_dag to None, run_after=None
[2024-06-01T18:31:11.126+0000] {processor.py:183} INFO - Processing /opt/airflow/dags/simple_xcom.py took 0.093 seconds
[2024-06-01T18:31:41.685+0000] {processor.py:161} INFO - Started process (PID=14039) to work on /opt/airflow/dags/simple_xcom.py
[2024-06-01T18:31:41.687+0000] {processor.py:830} INFO - Processing file /opt/airflow/dags/simple_xcom.py for tasks to queue
[2024-06-01T18:31:41.693+0000] {logging_mixin.py:188} INFO - [2024-06-01T18:31:41.692+0000] {dagbag.py:538} INFO - Filling up the DagBag from /opt/airflow/dags/simple_xcom.py
[2024-06-01T18:31:41.703+0000] {processor.py:840} INFO - DAG(s) 'simple_xcom_dag' retrieved from /opt/airflow/dags/simple_xcom.py
[2024-06-01T18:31:41.728+0000] {logging_mixin.py:188} INFO - [2024-06-01T18:31:41.728+0000] {dag.py:3036} INFO - Sync 1 DAGs
[2024-06-01T18:31:41.746+0000] {logging_mixin.py:188} INFO - [2024-06-01T18:31:41.746+0000] {dag.py:3823} INFO - Setting next_dagrun for simple_xcom_dag to None, run_after=None
[2024-06-01T18:31:41.775+0000] {processor.py:183} INFO - Processing /opt/airflow/dags/simple_xcom.py took 0.098 seconds
[2024-06-01T18:31:59.391+0000] {processor.py:161} INFO - Started process (PID=14081) to work on /opt/airflow/dags/simple_xcom.py
[2024-06-01T18:31:59.393+0000] {processor.py:830} INFO - Processing file /opt/airflow/dags/simple_xcom.py for tasks to queue
[2024-06-01T18:31:59.395+0000] {logging_mixin.py:188} INFO - [2024-06-01T18:31:59.394+0000] {dagbag.py:538} INFO - Filling up the DagBag from /opt/airflow/dags/simple_xcom.py
[2024-06-01T18:31:59.403+0000] {processor.py:840} INFO - DAG(s) 'simple_xcom_dag' retrieved from /opt/airflow/dags/simple_xcom.py
[2024-06-01T18:31:59.434+0000] {logging_mixin.py:188} INFO - [2024-06-01T18:31:59.434+0000] {dag.py:3036} INFO - Sync 1 DAGs
[2024-06-01T18:31:59.458+0000] {logging_mixin.py:188} INFO - [2024-06-01T18:31:59.457+0000] {dag.py:3823} INFO - Setting next_dagrun for simple_xcom_dag to None, run_after=None
[2024-06-01T18:31:59.491+0000] {processor.py:183} INFO - Processing /opt/airflow/dags/simple_xcom.py took 0.104 seconds
[2024-06-01T18:32:30.466+0000] {processor.py:161} INFO - Started process (PID=14161) to work on /opt/airflow/dags/simple_xcom.py
[2024-06-01T18:32:30.467+0000] {processor.py:830} INFO - Processing file /opt/airflow/dags/simple_xcom.py for tasks to queue
[2024-06-01T18:32:30.470+0000] {logging_mixin.py:188} INFO - [2024-06-01T18:32:30.469+0000] {dagbag.py:538} INFO - Filling up the DagBag from /opt/airflow/dags/simple_xcom.py
[2024-06-01T18:32:30.477+0000] {processor.py:840} INFO - DAG(s) 'simple_xcom_dag' retrieved from /opt/airflow/dags/simple_xcom.py
[2024-06-01T18:32:30.511+0000] {logging_mixin.py:188} INFO - [2024-06-01T18:32:30.510+0000] {dag.py:3036} INFO - Sync 1 DAGs
[2024-06-01T18:32:30.537+0000] {logging_mixin.py:188} INFO - [2024-06-01T18:32:30.536+0000] {dag.py:3823} INFO - Setting next_dagrun for simple_xcom_dag to None, run_after=None
[2024-06-01T18:32:30.569+0000] {processor.py:183} INFO - Processing /opt/airflow/dags/simple_xcom.py took 0.108 seconds
[2024-06-01T18:33:00.628+0000] {processor.py:161} INFO - Started process (PID=14240) to work on /opt/airflow/dags/simple_xcom.py
[2024-06-01T18:33:00.629+0000] {processor.py:830} INFO - Processing file /opt/airflow/dags/simple_xcom.py for tasks to queue
[2024-06-01T18:33:00.632+0000] {logging_mixin.py:188} INFO - [2024-06-01T18:33:00.631+0000] {dagbag.py:538} INFO - Filling up the DagBag from /opt/airflow/dags/simple_xcom.py
[2024-06-01T18:33:00.640+0000] {processor.py:840} INFO - DAG(s) 'simple_xcom_dag' retrieved from /opt/airflow/dags/simple_xcom.py
[2024-06-01T18:33:00.672+0000] {logging_mixin.py:188} INFO - [2024-06-01T18:33:00.672+0000] {dag.py:3036} INFO - Sync 1 DAGs
[2024-06-01T18:33:00.697+0000] {logging_mixin.py:188} INFO - [2024-06-01T18:33:00.697+0000] {dag.py:3823} INFO - Setting next_dagrun for simple_xcom_dag to None, run_after=None
[2024-06-01T18:33:00.731+0000] {processor.py:183} INFO - Processing /opt/airflow/dags/simple_xcom.py took 0.109 seconds
[2024-06-01T18:33:31.175+0000] {processor.py:161} INFO - Started process (PID=14321) to work on /opt/airflow/dags/simple_xcom.py
[2024-06-01T18:33:31.177+0000] {processor.py:830} INFO - Processing file /opt/airflow/dags/simple_xcom.py for tasks to queue
[2024-06-01T18:33:31.179+0000] {logging_mixin.py:188} INFO - [2024-06-01T18:33:31.179+0000] {dagbag.py:538} INFO - Filling up the DagBag from /opt/airflow/dags/simple_xcom.py
[2024-06-01T18:33:31.209+0000] {processor.py:840} INFO - DAG(s) 'simple_xcom_dag' retrieved from /opt/airflow/dags/simple_xcom.py
[2024-06-01T18:33:31.277+0000] {logging_mixin.py:188} INFO - [2024-06-01T18:33:31.277+0000] {dag.py:3036} INFO - Sync 1 DAGs
[2024-06-01T18:33:31.304+0000] {logging_mixin.py:188} INFO - [2024-06-01T18:33:31.303+0000] {dag.py:3823} INFO - Setting next_dagrun for simple_xcom_dag to None, run_after=None
[2024-06-01T18:33:31.371+0000] {processor.py:183} INFO - Processing /opt/airflow/dags/simple_xcom.py took 0.202 seconds
[2024-06-01T18:34:01.987+0000] {processor.py:161} INFO - Started process (PID=14398) to work on /opt/airflow/dags/simple_xcom.py
[2024-06-01T18:34:01.989+0000] {processor.py:830} INFO - Processing file /opt/airflow/dags/simple_xcom.py for tasks to queue
[2024-06-01T18:34:02.003+0000] {logging_mixin.py:188} INFO - [2024-06-01T18:34:02.002+0000] {dagbag.py:538} INFO - Filling up the DagBag from /opt/airflow/dags/simple_xcom.py
[2024-06-01T18:34:02.029+0000] {processor.py:840} INFO - DAG(s) 'simple_xcom_dag' retrieved from /opt/airflow/dags/simple_xcom.py
[2024-06-01T18:34:02.088+0000] {logging_mixin.py:188} INFO - [2024-06-01T18:34:02.087+0000] {dag.py:3036} INFO - Sync 1 DAGs
[2024-06-01T18:34:02.136+0000] {logging_mixin.py:188} INFO - [2024-06-01T18:34:02.135+0000] {dag.py:3823} INFO - Setting next_dagrun for simple_xcom_dag to None, run_after=None
[2024-06-01T18:34:02.217+0000] {processor.py:183} INFO - Processing /opt/airflow/dags/simple_xcom.py took 0.269 seconds
[2024-06-01T18:34:32.603+0000] {processor.py:161} INFO - Started process (PID=14477) to work on /opt/airflow/dags/simple_xcom.py
[2024-06-01T18:34:32.607+0000] {processor.py:830} INFO - Processing file /opt/airflow/dags/simple_xcom.py for tasks to queue
[2024-06-01T18:34:32.611+0000] {logging_mixin.py:188} INFO - [2024-06-01T18:34:32.610+0000] {dagbag.py:538} INFO - Filling up the DagBag from /opt/airflow/dags/simple_xcom.py
[2024-06-01T18:34:32.625+0000] {processor.py:840} INFO - DAG(s) 'simple_xcom_dag' retrieved from /opt/airflow/dags/simple_xcom.py
[2024-06-01T18:34:32.663+0000] {logging_mixin.py:188} INFO - [2024-06-01T18:34:32.662+0000] {dag.py:3036} INFO - Sync 1 DAGs
[2024-06-01T18:34:32.730+0000] {logging_mixin.py:188} INFO - [2024-06-01T18:34:32.730+0000] {dag.py:3823} INFO - Setting next_dagrun for simple_xcom_dag to None, run_after=None
[2024-06-01T18:34:32.815+0000] {processor.py:183} INFO - Processing /opt/airflow/dags/simple_xcom.py took 0.218 seconds
[2024-06-01T18:35:02.948+0000] {processor.py:161} INFO - Started process (PID=14557) to work on /opt/airflow/dags/simple_xcom.py
[2024-06-01T18:35:02.949+0000] {processor.py:830} INFO - Processing file /opt/airflow/dags/simple_xcom.py for tasks to queue
[2024-06-01T18:35:02.951+0000] {logging_mixin.py:188} INFO - [2024-06-01T18:35:02.951+0000] {dagbag.py:538} INFO - Filling up the DagBag from /opt/airflow/dags/simple_xcom.py
[2024-06-01T18:35:02.959+0000] {processor.py:840} INFO - DAG(s) 'simple_xcom_dag' retrieved from /opt/airflow/dags/simple_xcom.py
[2024-06-01T18:35:03.015+0000] {logging_mixin.py:188} INFO - [2024-06-01T18:35:03.015+0000] {dag.py:3036} INFO - Sync 1 DAGs
[2024-06-01T18:35:03.045+0000] {logging_mixin.py:188} INFO - [2024-06-01T18:35:03.045+0000] {dag.py:3823} INFO - Setting next_dagrun for simple_xcom_dag to None, run_after=None
[2024-06-01T18:35:03.125+0000] {processor.py:183} INFO - Processing /opt/airflow/dags/simple_xcom.py took 0.195 seconds
[2024-06-01T18:35:33.426+0000] {processor.py:161} INFO - Started process (PID=14637) to work on /opt/airflow/dags/simple_xcom.py
[2024-06-01T18:35:33.428+0000] {processor.py:830} INFO - Processing file /opt/airflow/dags/simple_xcom.py for tasks to queue
[2024-06-01T18:35:33.431+0000] {logging_mixin.py:188} INFO - [2024-06-01T18:35:33.430+0000] {dagbag.py:538} INFO - Filling up the DagBag from /opt/airflow/dags/simple_xcom.py
[2024-06-01T18:35:33.438+0000] {processor.py:840} INFO - DAG(s) 'simple_xcom_dag' retrieved from /opt/airflow/dags/simple_xcom.py
[2024-06-01T18:35:33.467+0000] {logging_mixin.py:188} INFO - [2024-06-01T18:35:33.466+0000] {dag.py:3036} INFO - Sync 1 DAGs
[2024-06-01T18:35:33.490+0000] {logging_mixin.py:188} INFO - [2024-06-01T18:35:33.490+0000] {dag.py:3823} INFO - Setting next_dagrun for simple_xcom_dag to None, run_after=None
[2024-06-01T18:35:33.521+0000] {processor.py:183} INFO - Processing /opt/airflow/dags/simple_xcom.py took 0.099 seconds
[2024-06-01T18:36:03.755+0000] {processor.py:161} INFO - Started process (PID=14716) to work on /opt/airflow/dags/simple_xcom.py
[2024-06-01T18:36:03.756+0000] {processor.py:830} INFO - Processing file /opt/airflow/dags/simple_xcom.py for tasks to queue
[2024-06-01T18:36:03.763+0000] {logging_mixin.py:188} INFO - [2024-06-01T18:36:03.758+0000] {dagbag.py:538} INFO - Filling up the DagBag from /opt/airflow/dags/simple_xcom.py
[2024-06-01T18:36:03.773+0000] {processor.py:840} INFO - DAG(s) 'simple_xcom_dag' retrieved from /opt/airflow/dags/simple_xcom.py
[2024-06-01T18:36:03.825+0000] {logging_mixin.py:188} INFO - [2024-06-01T18:36:03.825+0000] {dag.py:3036} INFO - Sync 1 DAGs
[2024-06-01T18:36:03.872+0000] {logging_mixin.py:188} INFO - [2024-06-01T18:36:03.872+0000] {dag.py:3823} INFO - Setting next_dagrun for simple_xcom_dag to None, run_after=None
[2024-06-01T18:36:03.940+0000] {processor.py:183} INFO - Processing /opt/airflow/dags/simple_xcom.py took 0.210 seconds
[2024-06-01T18:36:34.197+0000] {processor.py:161} INFO - Started process (PID=14793) to work on /opt/airflow/dags/simple_xcom.py
[2024-06-01T18:36:34.203+0000] {processor.py:830} INFO - Processing file /opt/airflow/dags/simple_xcom.py for tasks to queue
[2024-06-01T18:36:34.206+0000] {logging_mixin.py:188} INFO - [2024-06-01T18:36:34.205+0000] {dagbag.py:538} INFO - Filling up the DagBag from /opt/airflow/dags/simple_xcom.py
[2024-06-01T18:36:34.220+0000] {processor.py:840} INFO - DAG(s) 'simple_xcom_dag' retrieved from /opt/airflow/dags/simple_xcom.py
[2024-06-01T18:36:34.280+0000] {logging_mixin.py:188} INFO - [2024-06-01T18:36:34.279+0000] {dag.py:3036} INFO - Sync 1 DAGs
[2024-06-01T18:36:34.326+0000] {logging_mixin.py:188} INFO - [2024-06-01T18:36:34.326+0000] {dag.py:3823} INFO - Setting next_dagrun for simple_xcom_dag to None, run_after=None
[2024-06-01T18:36:34.393+0000] {processor.py:183} INFO - Processing /opt/airflow/dags/simple_xcom.py took 0.211 seconds
[2024-06-01T18:37:05.318+0000] {processor.py:161} INFO - Started process (PID=14874) to work on /opt/airflow/dags/simple_xcom.py
[2024-06-01T18:37:05.319+0000] {processor.py:830} INFO - Processing file /opt/airflow/dags/simple_xcom.py for tasks to queue
[2024-06-01T18:37:05.329+0000] {logging_mixin.py:188} INFO - [2024-06-01T18:37:05.328+0000] {dagbag.py:538} INFO - Filling up the DagBag from /opt/airflow/dags/simple_xcom.py
[2024-06-01T18:37:05.349+0000] {processor.py:840} INFO - DAG(s) 'simple_xcom_dag' retrieved from /opt/airflow/dags/simple_xcom.py
[2024-06-01T18:37:05.420+0000] {logging_mixin.py:188} INFO - [2024-06-01T18:37:05.414+0000] {dag.py:3036} INFO - Sync 1 DAGs
[2024-06-01T18:37:05.448+0000] {logging_mixin.py:188} INFO - [2024-06-01T18:37:05.448+0000] {dag.py:3823} INFO - Setting next_dagrun for simple_xcom_dag to None, run_after=None
[2024-06-01T18:37:05.550+0000] {processor.py:183} INFO - Processing /opt/airflow/dags/simple_xcom.py took 0.245 seconds
[2024-06-01T18:37:35.904+0000] {processor.py:161} INFO - Started process (PID=14955) to work on /opt/airflow/dags/simple_xcom.py
[2024-06-01T18:37:35.906+0000] {processor.py:830} INFO - Processing file /opt/airflow/dags/simple_xcom.py for tasks to queue
[2024-06-01T18:37:35.908+0000] {logging_mixin.py:188} INFO - [2024-06-01T18:37:35.908+0000] {dagbag.py:538} INFO - Filling up the DagBag from /opt/airflow/dags/simple_xcom.py
[2024-06-01T18:37:35.915+0000] {processor.py:840} INFO - DAG(s) 'simple_xcom_dag' retrieved from /opt/airflow/dags/simple_xcom.py
[2024-06-01T18:37:35.945+0000] {logging_mixin.py:188} INFO - [2024-06-01T18:37:35.945+0000] {dag.py:3036} INFO - Sync 1 DAGs
[2024-06-01T18:37:35.969+0000] {logging_mixin.py:188} INFO - [2024-06-01T18:37:35.968+0000] {dag.py:3823} INFO - Setting next_dagrun for simple_xcom_dag to None, run_after=None
[2024-06-01T18:37:36.000+0000] {processor.py:183} INFO - Processing /opt/airflow/dags/simple_xcom.py took 0.100 seconds
[2024-06-01T18:38:06.592+0000] {processor.py:161} INFO - Started process (PID=15035) to work on /opt/airflow/dags/simple_xcom.py
[2024-06-01T18:38:06.593+0000] {processor.py:830} INFO - Processing file /opt/airflow/dags/simple_xcom.py for tasks to queue
[2024-06-01T18:38:06.595+0000] {logging_mixin.py:188} INFO - [2024-06-01T18:38:06.595+0000] {dagbag.py:538} INFO - Filling up the DagBag from /opt/airflow/dags/simple_xcom.py
[2024-06-01T18:38:06.603+0000] {processor.py:840} INFO - DAG(s) 'simple_xcom_dag' retrieved from /opt/airflow/dags/simple_xcom.py
[2024-06-01T18:38:06.634+0000] {logging_mixin.py:188} INFO - [2024-06-01T18:38:06.634+0000] {dag.py:3036} INFO - Sync 1 DAGs
[2024-06-01T18:38:06.659+0000] {logging_mixin.py:188} INFO - [2024-06-01T18:38:06.658+0000] {dag.py:3823} INFO - Setting next_dagrun for simple_xcom_dag to None, run_after=None
[2024-06-01T18:38:06.693+0000] {processor.py:183} INFO - Processing /opt/airflow/dags/simple_xcom.py took 0.106 seconds
[2024-06-01T18:38:37.577+0000] {processor.py:161} INFO - Started process (PID=15113) to work on /opt/airflow/dags/simple_xcom.py
[2024-06-01T18:38:37.591+0000] {processor.py:830} INFO - Processing file /opt/airflow/dags/simple_xcom.py for tasks to queue
[2024-06-01T18:38:37.593+0000] {logging_mixin.py:188} INFO - [2024-06-01T18:38:37.593+0000] {dagbag.py:538} INFO - Filling up the DagBag from /opt/airflow/dags/simple_xcom.py
[2024-06-01T18:38:37.609+0000] {processor.py:840} INFO - DAG(s) 'simple_xcom_dag' retrieved from /opt/airflow/dags/simple_xcom.py
[2024-06-01T18:38:37.654+0000] {logging_mixin.py:188} INFO - [2024-06-01T18:38:37.654+0000] {dag.py:3036} INFO - Sync 1 DAGs
[2024-06-01T18:38:37.680+0000] {logging_mixin.py:188} INFO - [2024-06-01T18:38:37.680+0000] {dag.py:3823} INFO - Setting next_dagrun for simple_xcom_dag to None, run_after=None
[2024-06-01T18:38:37.732+0000] {processor.py:183} INFO - Processing /opt/airflow/dags/simple_xcom.py took 0.160 seconds
[2024-06-01T18:39:08.530+0000] {processor.py:161} INFO - Started process (PID=15193) to work on /opt/airflow/dags/simple_xcom.py
[2024-06-01T18:39:08.542+0000] {processor.py:830} INFO - Processing file /opt/airflow/dags/simple_xcom.py for tasks to queue
[2024-06-01T18:39:08.544+0000] {logging_mixin.py:188} INFO - [2024-06-01T18:39:08.544+0000] {dagbag.py:538} INFO - Filling up the DagBag from /opt/airflow/dags/simple_xcom.py
[2024-06-01T18:39:08.557+0000] {processor.py:840} INFO - DAG(s) 'simple_xcom_dag' retrieved from /opt/airflow/dags/simple_xcom.py
[2024-06-01T18:39:08.627+0000] {logging_mixin.py:188} INFO - [2024-06-01T18:39:08.617+0000] {dag.py:3036} INFO - Sync 1 DAGs
[2024-06-01T18:39:08.670+0000] {logging_mixin.py:188} INFO - [2024-06-01T18:39:08.670+0000] {dag.py:3823} INFO - Setting next_dagrun for simple_xcom_dag to None, run_after=None
[2024-06-01T18:39:08.724+0000] {processor.py:183} INFO - Processing /opt/airflow/dags/simple_xcom.py took 0.214 seconds
[2024-06-01T18:39:39.115+0000] {processor.py:161} INFO - Started process (PID=15274) to work on /opt/airflow/dags/simple_xcom.py
[2024-06-01T18:39:39.117+0000] {processor.py:830} INFO - Processing file /opt/airflow/dags/simple_xcom.py for tasks to queue
[2024-06-01T18:39:39.120+0000] {logging_mixin.py:188} INFO - [2024-06-01T18:39:39.119+0000] {dagbag.py:538} INFO - Filling up the DagBag from /opt/airflow/dags/simple_xcom.py
[2024-06-01T18:39:39.131+0000] {processor.py:840} INFO - DAG(s) 'simple_xcom_dag' retrieved from /opt/airflow/dags/simple_xcom.py
[2024-06-01T18:39:39.172+0000] {logging_mixin.py:188} INFO - [2024-06-01T18:39:39.172+0000] {dag.py:3036} INFO - Sync 1 DAGs
[2024-06-01T18:39:39.210+0000] {logging_mixin.py:188} INFO - [2024-06-01T18:39:39.209+0000] {dag.py:3823} INFO - Setting next_dagrun for simple_xcom_dag to None, run_after=None
[2024-06-01T18:39:39.264+0000] {processor.py:183} INFO - Processing /opt/airflow/dags/simple_xcom.py took 0.166 seconds
[2024-06-01T18:39:54.283+0000] {processor.py:161} INFO - Started process (PID=15322) to work on /opt/airflow/dags/simple_xcom.py
[2024-06-01T18:39:54.284+0000] {processor.py:830} INFO - Processing file /opt/airflow/dags/simple_xcom.py for tasks to queue
[2024-06-01T18:39:54.288+0000] {logging_mixin.py:188} INFO - [2024-06-01T18:39:54.287+0000] {dagbag.py:538} INFO - Filling up the DagBag from /opt/airflow/dags/simple_xcom.py
[2024-06-01T18:39:54.296+0000] {processor.py:840} INFO - DAG(s) 'simple_xcom_dag' retrieved from /opt/airflow/dags/simple_xcom.py
[2024-06-01T18:39:54.331+0000] {logging_mixin.py:188} INFO - [2024-06-01T18:39:54.331+0000] {dag.py:3036} INFO - Sync 1 DAGs
[2024-06-01T18:39:54.354+0000] {logging_mixin.py:188} INFO - [2024-06-01T18:39:54.354+0000] {dag.py:3823} INFO - Setting next_dagrun for simple_xcom_dag to None, run_after=None
[2024-06-01T18:39:54.412+0000] {processor.py:183} INFO - Processing /opt/airflow/dags/simple_xcom.py took 0.137 seconds
[2024-06-01T18:40:24.867+0000] {processor.py:161} INFO - Started process (PID=15401) to work on /opt/airflow/dags/simple_xcom.py
[2024-06-01T18:40:24.872+0000] {processor.py:830} INFO - Processing file /opt/airflow/dags/simple_xcom.py for tasks to queue
[2024-06-01T18:40:24.876+0000] {logging_mixin.py:188} INFO - [2024-06-01T18:40:24.875+0000] {dagbag.py:538} INFO - Filling up the DagBag from /opt/airflow/dags/simple_xcom.py
[2024-06-01T18:40:24.883+0000] {processor.py:840} INFO - DAG(s) 'simple_xcom_dag' retrieved from /opt/airflow/dags/simple_xcom.py
[2024-06-01T18:40:24.913+0000] {logging_mixin.py:188} INFO - [2024-06-01T18:40:24.913+0000] {dag.py:3036} INFO - Sync 1 DAGs
[2024-06-01T18:40:24.937+0000] {logging_mixin.py:188} INFO - [2024-06-01T18:40:24.936+0000] {dag.py:3823} INFO - Setting next_dagrun for simple_xcom_dag to None, run_after=None
[2024-06-01T18:40:24.970+0000] {processor.py:183} INFO - Processing /opt/airflow/dags/simple_xcom.py took 0.116 seconds
[2024-06-01T18:40:55.168+0000] {processor.py:161} INFO - Started process (PID=15480) to work on /opt/airflow/dags/simple_xcom.py
[2024-06-01T18:40:55.170+0000] {processor.py:830} INFO - Processing file /opt/airflow/dags/simple_xcom.py for tasks to queue
[2024-06-01T18:40:55.173+0000] {logging_mixin.py:188} INFO - [2024-06-01T18:40:55.172+0000] {dagbag.py:538} INFO - Filling up the DagBag from /opt/airflow/dags/simple_xcom.py
[2024-06-01T18:40:55.179+0000] {processor.py:840} INFO - DAG(s) 'simple_xcom_dag' retrieved from /opt/airflow/dags/simple_xcom.py
[2024-06-01T18:40:55.208+0000] {logging_mixin.py:188} INFO - [2024-06-01T18:40:55.208+0000] {dag.py:3036} INFO - Sync 1 DAGs
[2024-06-01T18:40:55.231+0000] {logging_mixin.py:188} INFO - [2024-06-01T18:40:55.231+0000] {dag.py:3823} INFO - Setting next_dagrun for simple_xcom_dag to None, run_after=None
[2024-06-01T18:40:55.262+0000] {processor.py:183} INFO - Processing /opt/airflow/dags/simple_xcom.py took 0.101 seconds
[2024-06-01T18:41:25.957+0000] {processor.py:161} INFO - Started process (PID=15560) to work on /opt/airflow/dags/simple_xcom.py
[2024-06-01T18:41:25.958+0000] {processor.py:830} INFO - Processing file /opt/airflow/dags/simple_xcom.py for tasks to queue
[2024-06-01T18:41:25.961+0000] {logging_mixin.py:188} INFO - [2024-06-01T18:41:25.961+0000] {dagbag.py:538} INFO - Filling up the DagBag from /opt/airflow/dags/simple_xcom.py
[2024-06-01T18:41:25.968+0000] {processor.py:840} INFO - DAG(s) 'simple_xcom_dag' retrieved from /opt/airflow/dags/simple_xcom.py
[2024-06-01T18:41:25.998+0000] {logging_mixin.py:188} INFO - [2024-06-01T18:41:25.998+0000] {dag.py:3036} INFO - Sync 1 DAGs
[2024-06-01T18:41:26.023+0000] {logging_mixin.py:188} INFO - [2024-06-01T18:41:26.022+0000] {dag.py:3823} INFO - Setting next_dagrun for simple_xcom_dag to None, run_after=None
[2024-06-01T18:41:26.055+0000] {processor.py:183} INFO - Processing /opt/airflow/dags/simple_xcom.py took 0.102 seconds
[2024-06-01T18:41:56.349+0000] {processor.py:161} INFO - Started process (PID=15640) to work on /opt/airflow/dags/simple_xcom.py
[2024-06-01T18:41:56.350+0000] {processor.py:830} INFO - Processing file /opt/airflow/dags/simple_xcom.py for tasks to queue
[2024-06-01T18:41:56.353+0000] {logging_mixin.py:188} INFO - [2024-06-01T18:41:56.353+0000] {dagbag.py:538} INFO - Filling up the DagBag from /opt/airflow/dags/simple_xcom.py
[2024-06-01T18:41:56.360+0000] {processor.py:840} INFO - DAG(s) 'simple_xcom_dag' retrieved from /opt/airflow/dags/simple_xcom.py
[2024-06-01T18:41:56.390+0000] {logging_mixin.py:188} INFO - [2024-06-01T18:41:56.390+0000] {dag.py:3036} INFO - Sync 1 DAGs
[2024-06-01T18:41:56.414+0000] {logging_mixin.py:188} INFO - [2024-06-01T18:41:56.414+0000] {dag.py:3823} INFO - Setting next_dagrun for simple_xcom_dag to None, run_after=None
[2024-06-01T18:41:56.449+0000] {processor.py:183} INFO - Processing /opt/airflow/dags/simple_xcom.py took 0.104 seconds
[2024-06-01T18:42:27.123+0000] {processor.py:161} INFO - Started process (PID=15720) to work on /opt/airflow/dags/simple_xcom.py
[2024-06-01T18:42:27.126+0000] {processor.py:830} INFO - Processing file /opt/airflow/dags/simple_xcom.py for tasks to queue
[2024-06-01T18:42:27.129+0000] {logging_mixin.py:188} INFO - [2024-06-01T18:42:27.129+0000] {dagbag.py:538} INFO - Filling up the DagBag from /opt/airflow/dags/simple_xcom.py
[2024-06-01T18:42:27.141+0000] {processor.py:840} INFO - DAG(s) 'simple_xcom_dag' retrieved from /opt/airflow/dags/simple_xcom.py
[2024-06-01T18:42:27.193+0000] {logging_mixin.py:188} INFO - [2024-06-01T18:42:27.192+0000] {dag.py:3036} INFO - Sync 1 DAGs
[2024-06-01T18:42:27.217+0000] {logging_mixin.py:188} INFO - [2024-06-01T18:42:27.216+0000] {dag.py:3823} INFO - Setting next_dagrun for simple_xcom_dag to None, run_after=None
[2024-06-01T18:42:27.273+0000] {processor.py:183} INFO - Processing /opt/airflow/dags/simple_xcom.py took 0.158 seconds
[2024-06-01T18:42:57.780+0000] {processor.py:161} INFO - Started process (PID=15799) to work on /opt/airflow/dags/simple_xcom.py
[2024-06-01T18:42:57.786+0000] {processor.py:830} INFO - Processing file /opt/airflow/dags/simple_xcom.py for tasks to queue
[2024-06-01T18:42:57.791+0000] {logging_mixin.py:188} INFO - [2024-06-01T18:42:57.791+0000] {dagbag.py:538} INFO - Filling up the DagBag from /opt/airflow/dags/simple_xcom.py
[2024-06-01T18:42:57.813+0000] {processor.py:840} INFO - DAG(s) 'simple_xcom_dag' retrieved from /opt/airflow/dags/simple_xcom.py
[2024-06-01T18:42:57.905+0000] {logging_mixin.py:188} INFO - [2024-06-01T18:42:57.904+0000] {dag.py:3036} INFO - Sync 1 DAGs
[2024-06-01T18:42:57.930+0000] {logging_mixin.py:188} INFO - [2024-06-01T18:42:57.930+0000] {dag.py:3823} INFO - Setting next_dagrun for simple_xcom_dag to None, run_after=None
[2024-06-01T18:42:57.995+0000] {processor.py:183} INFO - Processing /opt/airflow/dags/simple_xcom.py took 0.220 seconds
[2024-06-01T18:43:28.367+0000] {processor.py:161} INFO - Started process (PID=15879) to work on /opt/airflow/dags/simple_xcom.py
[2024-06-01T18:43:28.369+0000] {processor.py:830} INFO - Processing file /opt/airflow/dags/simple_xcom.py for tasks to queue
[2024-06-01T18:43:28.374+0000] {logging_mixin.py:188} INFO - [2024-06-01T18:43:28.373+0000] {dagbag.py:538} INFO - Filling up the DagBag from /opt/airflow/dags/simple_xcom.py
[2024-06-01T18:43:28.382+0000] {processor.py:840} INFO - DAG(s) 'simple_xcom_dag' retrieved from /opt/airflow/dags/simple_xcom.py
[2024-06-01T18:43:28.413+0000] {logging_mixin.py:188} INFO - [2024-06-01T18:43:28.412+0000] {dag.py:3036} INFO - Sync 1 DAGs
[2024-06-01T18:43:28.438+0000] {logging_mixin.py:188} INFO - [2024-06-01T18:43:28.437+0000] {dag.py:3823} INFO - Setting next_dagrun for simple_xcom_dag to None, run_after=None
[2024-06-01T18:43:28.469+0000] {processor.py:183} INFO - Processing /opt/airflow/dags/simple_xcom.py took 0.108 seconds
[2024-06-01T18:43:58.534+0000] {processor.py:161} INFO - Started process (PID=15958) to work on /opt/airflow/dags/simple_xcom.py
[2024-06-01T18:43:58.536+0000] {processor.py:830} INFO - Processing file /opt/airflow/dags/simple_xcom.py for tasks to queue
[2024-06-01T18:43:58.538+0000] {logging_mixin.py:188} INFO - [2024-06-01T18:43:58.538+0000] {dagbag.py:538} INFO - Filling up the DagBag from /opt/airflow/dags/simple_xcom.py
[2024-06-01T18:43:58.544+0000] {processor.py:840} INFO - DAG(s) 'simple_xcom_dag' retrieved from /opt/airflow/dags/simple_xcom.py
[2024-06-01T18:43:58.576+0000] {logging_mixin.py:188} INFO - [2024-06-01T18:43:58.575+0000] {dag.py:3036} INFO - Sync 1 DAGs
[2024-06-01T18:43:58.594+0000] {logging_mixin.py:188} INFO - [2024-06-01T18:43:58.593+0000] {dag.py:3823} INFO - Setting next_dagrun for simple_xcom_dag to None, run_after=None
[2024-06-01T18:43:58.624+0000] {processor.py:183} INFO - Processing /opt/airflow/dags/simple_xcom.py took 0.095 seconds
[2024-06-01T18:44:29.458+0000] {processor.py:161} INFO - Started process (PID=16038) to work on /opt/airflow/dags/simple_xcom.py
[2024-06-01T18:44:29.460+0000] {processor.py:830} INFO - Processing file /opt/airflow/dags/simple_xcom.py for tasks to queue
[2024-06-01T18:44:29.464+0000] {logging_mixin.py:188} INFO - [2024-06-01T18:44:29.463+0000] {dagbag.py:538} INFO - Filling up the DagBag from /opt/airflow/dags/simple_xcom.py
[2024-06-01T18:44:29.472+0000] {processor.py:840} INFO - DAG(s) 'simple_xcom_dag' retrieved from /opt/airflow/dags/simple_xcom.py
[2024-06-01T18:44:29.502+0000] {logging_mixin.py:188} INFO - [2024-06-01T18:44:29.502+0000] {dag.py:3036} INFO - Sync 1 DAGs
[2024-06-01T18:44:29.526+0000] {logging_mixin.py:188} INFO - [2024-06-01T18:44:29.526+0000] {dag.py:3823} INFO - Setting next_dagrun for simple_xcom_dag to None, run_after=None
[2024-06-01T18:44:29.560+0000] {processor.py:183} INFO - Processing /opt/airflow/dags/simple_xcom.py took 0.115 seconds
[2024-06-01T18:44:41.510+0000] {processor.py:161} INFO - Started process (PID=16065) to work on /opt/airflow/dags/simple_xcom.py
[2024-06-01T18:44:41.515+0000] {processor.py:830} INFO - Processing file /opt/airflow/dags/simple_xcom.py for tasks to queue
[2024-06-01T18:44:41.528+0000] {logging_mixin.py:188} INFO - [2024-06-01T18:44:41.527+0000] {dagbag.py:538} INFO - Filling up the DagBag from /opt/airflow/dags/simple_xcom.py
[2024-06-01T18:44:41.556+0000] {processor.py:840} INFO - DAG(s) 'simple_xcom_dag' retrieved from /opt/airflow/dags/simple_xcom.py
[2024-06-01T18:44:42.189+0000] {logging_mixin.py:188} INFO - [2024-06-01T18:44:42.188+0000] {dag.py:3036} INFO - Sync 1 DAGs
[2024-06-01T18:44:42.250+0000] {logging_mixin.py:188} INFO - [2024-06-01T18:44:42.250+0000] {dag.py:3823} INFO - Setting next_dagrun for simple_xcom_dag to None, run_after=None
[2024-06-01T18:44:42.355+0000] {processor.py:183} INFO - Processing /opt/airflow/dags/simple_xcom.py took 0.862 seconds
[2024-06-01T18:45:12.477+0000] {processor.py:161} INFO - Started process (PID=16146) to work on /opt/airflow/dags/simple_xcom.py
[2024-06-01T18:45:12.480+0000] {processor.py:830} INFO - Processing file /opt/airflow/dags/simple_xcom.py for tasks to queue
[2024-06-01T18:45:12.488+0000] {logging_mixin.py:188} INFO - [2024-06-01T18:45:12.487+0000] {dagbag.py:538} INFO - Filling up the DagBag from /opt/airflow/dags/simple_xcom.py
[2024-06-01T18:45:12.513+0000] {processor.py:840} INFO - DAG(s) 'simple_xcom_dag' retrieved from /opt/airflow/dags/simple_xcom.py
[2024-06-01T18:45:12.605+0000] {logging_mixin.py:188} INFO - [2024-06-01T18:45:12.604+0000] {dag.py:3036} INFO - Sync 1 DAGs
[2024-06-01T18:45:12.665+0000] {logging_mixin.py:188} INFO - [2024-06-01T18:45:12.665+0000] {dag.py:3823} INFO - Setting next_dagrun for simple_xcom_dag to None, run_after=None
[2024-06-01T18:45:12.759+0000] {processor.py:183} INFO - Processing /opt/airflow/dags/simple_xcom.py took 0.298 seconds
[2024-06-01T18:45:42.957+0000] {processor.py:161} INFO - Started process (PID=16226) to work on /opt/airflow/dags/simple_xcom.py
[2024-06-01T18:45:42.959+0000] {processor.py:830} INFO - Processing file /opt/airflow/dags/simple_xcom.py for tasks to queue
[2024-06-01T18:45:42.962+0000] {logging_mixin.py:188} INFO - [2024-06-01T18:45:42.961+0000] {dagbag.py:538} INFO - Filling up the DagBag from /opt/airflow/dags/simple_xcom.py
[2024-06-01T18:45:42.981+0000] {processor.py:840} INFO - DAG(s) 'simple_xcom_dag' retrieved from /opt/airflow/dags/simple_xcom.py
[2024-06-01T18:45:43.088+0000] {logging_mixin.py:188} INFO - [2024-06-01T18:45:43.088+0000] {dag.py:3036} INFO - Sync 1 DAGs
[2024-06-01T18:45:43.175+0000] {logging_mixin.py:188} INFO - [2024-06-01T18:45:43.174+0000] {dag.py:3823} INFO - Setting next_dagrun for simple_xcom_dag to None, run_after=None
[2024-06-01T18:45:43.309+0000] {processor.py:183} INFO - Processing /opt/airflow/dags/simple_xcom.py took 0.362 seconds
[2024-06-01T18:46:14.204+0000] {processor.py:161} INFO - Started process (PID=16306) to work on /opt/airflow/dags/simple_xcom.py
[2024-06-01T18:46:14.205+0000] {processor.py:830} INFO - Processing file /opt/airflow/dags/simple_xcom.py for tasks to queue
[2024-06-01T18:46:14.208+0000] {logging_mixin.py:188} INFO - [2024-06-01T18:46:14.208+0000] {dagbag.py:538} INFO - Filling up the DagBag from /opt/airflow/dags/simple_xcom.py
[2024-06-01T18:46:14.227+0000] {processor.py:840} INFO - DAG(s) 'simple_xcom_dag' retrieved from /opt/airflow/dags/simple_xcom.py
[2024-06-01T18:46:14.277+0000] {logging_mixin.py:188} INFO - [2024-06-01T18:46:14.275+0000] {dag.py:3036} INFO - Sync 1 DAGs
[2024-06-01T18:46:14.301+0000] {logging_mixin.py:188} INFO - [2024-06-01T18:46:14.301+0000] {dag.py:3823} INFO - Setting next_dagrun for simple_xcom_dag to None, run_after=None
[2024-06-01T18:46:14.369+0000] {processor.py:183} INFO - Processing /opt/airflow/dags/simple_xcom.py took 0.180 seconds
[2024-06-01T18:46:44.918+0000] {processor.py:161} INFO - Started process (PID=16386) to work on /opt/airflow/dags/simple_xcom.py
[2024-06-01T18:46:44.923+0000] {processor.py:830} INFO - Processing file /opt/airflow/dags/simple_xcom.py for tasks to queue
[2024-06-01T18:46:44.926+0000] {logging_mixin.py:188} INFO - [2024-06-01T18:46:44.925+0000] {dagbag.py:538} INFO - Filling up the DagBag from /opt/airflow/dags/simple_xcom.py
[2024-06-01T18:46:44.938+0000] {processor.py:840} INFO - DAG(s) 'simple_xcom_dag' retrieved from /opt/airflow/dags/simple_xcom.py
[2024-06-01T18:46:44.993+0000] {logging_mixin.py:188} INFO - [2024-06-01T18:46:44.992+0000] {dag.py:3036} INFO - Sync 1 DAGs
[2024-06-01T18:46:45.046+0000] {logging_mixin.py:188} INFO - [2024-06-01T18:46:45.045+0000] {dag.py:3823} INFO - Setting next_dagrun for simple_xcom_dag to None, run_after=None
[2024-06-01T18:46:45.109+0000] {processor.py:183} INFO - Processing /opt/airflow/dags/simple_xcom.py took 0.198 seconds
[2024-06-01T18:47:15.714+0000] {processor.py:161} INFO - Started process (PID=16466) to work on /opt/airflow/dags/simple_xcom.py
[2024-06-01T18:47:15.716+0000] {processor.py:830} INFO - Processing file /opt/airflow/dags/simple_xcom.py for tasks to queue
[2024-06-01T18:47:15.721+0000] {logging_mixin.py:188} INFO - [2024-06-01T18:47:15.718+0000] {dagbag.py:538} INFO - Filling up the DagBag from /opt/airflow/dags/simple_xcom.py
[2024-06-01T18:47:15.734+0000] {processor.py:840} INFO - DAG(s) 'simple_xcom_dag' retrieved from /opt/airflow/dags/simple_xcom.py
[2024-06-01T18:47:15.785+0000] {logging_mixin.py:188} INFO - [2024-06-01T18:47:15.785+0000] {dag.py:3036} INFO - Sync 1 DAGs
[2024-06-01T18:47:15.839+0000] {logging_mixin.py:188} INFO - [2024-06-01T18:47:15.838+0000] {dag.py:3823} INFO - Setting next_dagrun for simple_xcom_dag to None, run_after=None
[2024-06-01T18:47:15.908+0000] {processor.py:183} INFO - Processing /opt/airflow/dags/simple_xcom.py took 0.206 seconds
[2024-06-01T18:47:46.220+0000] {processor.py:161} INFO - Started process (PID=16546) to work on /opt/airflow/dags/simple_xcom.py
[2024-06-01T18:47:46.221+0000] {processor.py:830} INFO - Processing file /opt/airflow/dags/simple_xcom.py for tasks to queue
[2024-06-01T18:47:46.229+0000] {logging_mixin.py:188} INFO - [2024-06-01T18:47:46.229+0000] {dagbag.py:538} INFO - Filling up the DagBag from /opt/airflow/dags/simple_xcom.py
[2024-06-01T18:47:46.250+0000] {processor.py:840} INFO - DAG(s) 'simple_xcom_dag' retrieved from /opt/airflow/dags/simple_xcom.py
[2024-06-01T18:47:46.310+0000] {logging_mixin.py:188} INFO - [2024-06-01T18:47:46.309+0000] {dag.py:3036} INFO - Sync 1 DAGs
[2024-06-01T18:47:46.334+0000] {logging_mixin.py:188} INFO - [2024-06-01T18:47:46.334+0000] {dag.py:3823} INFO - Setting next_dagrun for simple_xcom_dag to None, run_after=None
[2024-06-01T18:47:46.381+0000] {processor.py:183} INFO - Processing /opt/airflow/dags/simple_xcom.py took 0.184 seconds
[2024-06-01T18:48:17.175+0000] {processor.py:161} INFO - Started process (PID=16626) to work on /opt/airflow/dags/simple_xcom.py
[2024-06-01T18:48:17.178+0000] {processor.py:830} INFO - Processing file /opt/airflow/dags/simple_xcom.py for tasks to queue
[2024-06-01T18:48:17.180+0000] {logging_mixin.py:188} INFO - [2024-06-01T18:48:17.180+0000] {dagbag.py:538} INFO - Filling up the DagBag from /opt/airflow/dags/simple_xcom.py
[2024-06-01T18:48:17.201+0000] {processor.py:840} INFO - DAG(s) 'simple_xcom_dag' retrieved from /opt/airflow/dags/simple_xcom.py
[2024-06-01T18:48:17.256+0000] {logging_mixin.py:188} INFO - [2024-06-01T18:48:17.255+0000] {dag.py:3036} INFO - Sync 1 DAGs
[2024-06-01T18:48:17.303+0000] {logging_mixin.py:188} INFO - [2024-06-01T18:48:17.303+0000] {dag.py:3823} INFO - Setting next_dagrun for simple_xcom_dag to None, run_after=None
[2024-06-01T18:48:17.364+0000] {processor.py:183} INFO - Processing /opt/airflow/dags/simple_xcom.py took 0.218 seconds
[2024-06-01T18:48:47.656+0000] {processor.py:161} INFO - Started process (PID=16707) to work on /opt/airflow/dags/simple_xcom.py
[2024-06-01T18:48:47.658+0000] {processor.py:830} INFO - Processing file /opt/airflow/dags/simple_xcom.py for tasks to queue
[2024-06-01T18:48:47.660+0000] {logging_mixin.py:188} INFO - [2024-06-01T18:48:47.660+0000] {dagbag.py:538} INFO - Filling up the DagBag from /opt/airflow/dags/simple_xcom.py
[2024-06-01T18:48:47.668+0000] {processor.py:840} INFO - DAG(s) 'simple_xcom_dag' retrieved from /opt/airflow/dags/simple_xcom.py
[2024-06-01T18:48:47.700+0000] {logging_mixin.py:188} INFO - [2024-06-01T18:48:47.699+0000] {dag.py:3036} INFO - Sync 1 DAGs
[2024-06-01T18:48:47.723+0000] {logging_mixin.py:188} INFO - [2024-06-01T18:48:47.723+0000] {dag.py:3823} INFO - Setting next_dagrun for simple_xcom_dag to None, run_after=None
[2024-06-01T18:48:47.756+0000] {processor.py:183} INFO - Processing /opt/airflow/dags/simple_xcom.py took 0.104 seconds
[2024-06-01T18:49:18.370+0000] {processor.py:161} INFO - Started process (PID=16786) to work on /opt/airflow/dags/simple_xcom.py
[2024-06-01T18:49:18.372+0000] {processor.py:830} INFO - Processing file /opt/airflow/dags/simple_xcom.py for tasks to queue
[2024-06-01T18:49:18.374+0000] {logging_mixin.py:188} INFO - [2024-06-01T18:49:18.374+0000] {dagbag.py:538} INFO - Filling up the DagBag from /opt/airflow/dags/simple_xcom.py
[2024-06-01T18:49:18.382+0000] {processor.py:840} INFO - DAG(s) 'simple_xcom_dag' retrieved from /opt/airflow/dags/simple_xcom.py
[2024-06-01T18:49:18.413+0000] {logging_mixin.py:188} INFO - [2024-06-01T18:49:18.413+0000] {dag.py:3036} INFO - Sync 1 DAGs
[2024-06-01T18:49:18.437+0000] {logging_mixin.py:188} INFO - [2024-06-01T18:49:18.437+0000] {dag.py:3823} INFO - Setting next_dagrun for simple_xcom_dag to None, run_after=None
[2024-06-01T18:49:18.474+0000] {processor.py:183} INFO - Processing /opt/airflow/dags/simple_xcom.py took 0.109 seconds
[2024-06-01T18:49:49.005+0000] {processor.py:161} INFO - Started process (PID=16866) to work on /opt/airflow/dags/simple_xcom.py
[2024-06-01T18:49:49.007+0000] {processor.py:830} INFO - Processing file /opt/airflow/dags/simple_xcom.py for tasks to queue
[2024-06-01T18:49:49.009+0000] {logging_mixin.py:188} INFO - [2024-06-01T18:49:49.008+0000] {dagbag.py:538} INFO - Filling up the DagBag from /opt/airflow/dags/simple_xcom.py
[2024-06-01T18:49:49.017+0000] {processor.py:840} INFO - DAG(s) 'simple_xcom_dag' retrieved from /opt/airflow/dags/simple_xcom.py
[2024-06-01T18:49:49.046+0000] {logging_mixin.py:188} INFO - [2024-06-01T18:49:49.046+0000] {dag.py:3036} INFO - Sync 1 DAGs
[2024-06-01T18:49:49.070+0000] {logging_mixin.py:188} INFO - [2024-06-01T18:49:49.070+0000] {dag.py:3823} INFO - Setting next_dagrun for simple_xcom_dag to None, run_after=None
[2024-06-01T18:49:49.102+0000] {processor.py:183} INFO - Processing /opt/airflow/dags/simple_xcom.py took 0.101 seconds
[2024-06-01T18:50:19.858+0000] {processor.py:161} INFO - Started process (PID=16946) to work on /opt/airflow/dags/simple_xcom.py
[2024-06-01T18:50:19.863+0000] {processor.py:830} INFO - Processing file /opt/airflow/dags/simple_xcom.py for tasks to queue
[2024-06-01T18:50:19.866+0000] {logging_mixin.py:188} INFO - [2024-06-01T18:50:19.865+0000] {dagbag.py:538} INFO - Filling up the DagBag from /opt/airflow/dags/simple_xcom.py
[2024-06-01T18:50:19.874+0000] {processor.py:840} INFO - DAG(s) 'simple_xcom_dag' retrieved from /opt/airflow/dags/simple_xcom.py
[2024-06-01T18:50:19.934+0000] {logging_mixin.py:188} INFO - [2024-06-01T18:50:19.934+0000] {dag.py:3036} INFO - Sync 1 DAGs
[2024-06-01T18:50:19.962+0000] {logging_mixin.py:188} INFO - [2024-06-01T18:50:19.962+0000] {dag.py:3823} INFO - Setting next_dagrun for simple_xcom_dag to None, run_after=None
[2024-06-01T18:50:20.017+0000] {processor.py:183} INFO - Processing /opt/airflow/dags/simple_xcom.py took 0.171 seconds
[2024-06-01T18:50:50.080+0000] {processor.py:161} INFO - Started process (PID=17027) to work on /opt/airflow/dags/simple_xcom.py
[2024-06-01T18:50:50.082+0000] {processor.py:830} INFO - Processing file /opt/airflow/dags/simple_xcom.py for tasks to queue
[2024-06-01T18:50:50.085+0000] {logging_mixin.py:188} INFO - [2024-06-01T18:50:50.084+0000] {dagbag.py:538} INFO - Filling up the DagBag from /opt/airflow/dags/simple_xcom.py
[2024-06-01T18:50:50.093+0000] {processor.py:840} INFO - DAG(s) 'simple_xcom_dag' retrieved from /opt/airflow/dags/simple_xcom.py
[2024-06-01T18:50:50.137+0000] {logging_mixin.py:188} INFO - [2024-06-01T18:50:50.137+0000] {dag.py:3036} INFO - Sync 1 DAGs
[2024-06-01T18:50:50.160+0000] {logging_mixin.py:188} INFO - [2024-06-01T18:50:50.160+0000] {dag.py:3823} INFO - Setting next_dagrun for simple_xcom_dag to None, run_after=None
[2024-06-01T18:50:50.189+0000] {processor.py:183} INFO - Processing /opt/airflow/dags/simple_xcom.py took 0.115 seconds
[2024-06-01T18:51:21.018+0000] {processor.py:161} INFO - Started process (PID=17107) to work on /opt/airflow/dags/simple_xcom.py
[2024-06-01T18:51:21.029+0000] {processor.py:830} INFO - Processing file /opt/airflow/dags/simple_xcom.py for tasks to queue
[2024-06-01T18:51:21.034+0000] {logging_mixin.py:188} INFO - [2024-06-01T18:51:21.033+0000] {dagbag.py:538} INFO - Filling up the DagBag from /opt/airflow/dags/simple_xcom.py
[2024-06-01T18:51:21.050+0000] {processor.py:840} INFO - DAG(s) 'simple_xcom_dag' retrieved from /opt/airflow/dags/simple_xcom.py
[2024-06-01T18:51:21.144+0000] {logging_mixin.py:188} INFO - [2024-06-01T18:51:21.143+0000] {dag.py:3036} INFO - Sync 1 DAGs
[2024-06-01T18:51:21.195+0000] {logging_mixin.py:188} INFO - [2024-06-01T18:51:21.194+0000] {dag.py:3823} INFO - Setting next_dagrun for simple_xcom_dag to None, run_after=None
[2024-06-01T18:51:21.296+0000] {processor.py:183} INFO - Processing /opt/airflow/dags/simple_xcom.py took 0.283 seconds
[2024-06-01T18:51:52.075+0000] {processor.py:161} INFO - Started process (PID=17188) to work on /opt/airflow/dags/simple_xcom.py
[2024-06-01T18:51:52.076+0000] {processor.py:830} INFO - Processing file /opt/airflow/dags/simple_xcom.py for tasks to queue
[2024-06-01T18:51:52.079+0000] {logging_mixin.py:188} INFO - [2024-06-01T18:51:52.078+0000] {dagbag.py:538} INFO - Filling up the DagBag from /opt/airflow/dags/simple_xcom.py
[2024-06-01T18:51:52.088+0000] {processor.py:840} INFO - DAG(s) 'simple_xcom_dag' retrieved from /opt/airflow/dags/simple_xcom.py
[2024-06-01T18:51:52.120+0000] {logging_mixin.py:188} INFO - [2024-06-01T18:51:52.119+0000] {dag.py:3036} INFO - Sync 1 DAGs
[2024-06-01T18:51:52.143+0000] {logging_mixin.py:188} INFO - [2024-06-01T18:51:52.143+0000] {dag.py:3823} INFO - Setting next_dagrun for simple_xcom_dag to None, run_after=None
[2024-06-01T18:51:52.174+0000] {processor.py:183} INFO - Processing /opt/airflow/dags/simple_xcom.py took 0.105 seconds
[2024-06-01T18:52:23.155+0000] {processor.py:161} INFO - Started process (PID=17268) to work on /opt/airflow/dags/simple_xcom.py
[2024-06-01T18:52:23.157+0000] {processor.py:830} INFO - Processing file /opt/airflow/dags/simple_xcom.py for tasks to queue
[2024-06-01T18:52:23.160+0000] {logging_mixin.py:188} INFO - [2024-06-01T18:52:23.160+0000] {dagbag.py:538} INFO - Filling up the DagBag from /opt/airflow/dags/simple_xcom.py
[2024-06-01T18:52:23.168+0000] {processor.py:840} INFO - DAG(s) 'simple_xcom_dag' retrieved from /opt/airflow/dags/simple_xcom.py
[2024-06-01T18:52:23.202+0000] {logging_mixin.py:188} INFO - [2024-06-01T18:52:23.202+0000] {dag.py:3036} INFO - Sync 1 DAGs
[2024-06-01T18:52:23.227+0000] {logging_mixin.py:188} INFO - [2024-06-01T18:52:23.227+0000] {dag.py:3823} INFO - Setting next_dagrun for simple_xcom_dag to None, run_after=None
[2024-06-01T18:52:23.258+0000] {processor.py:183} INFO - Processing /opt/airflow/dags/simple_xcom.py took 0.109 seconds
[2024-06-01T18:52:45.294+0000] {processor.py:161} INFO - Started process (PID=17339) to work on /opt/airflow/dags/simple_xcom.py
[2024-06-01T18:52:45.295+0000] {processor.py:830} INFO - Processing file /opt/airflow/dags/simple_xcom.py for tasks to queue
[2024-06-01T18:52:45.308+0000] {logging_mixin.py:188} INFO - [2024-06-01T18:52:45.307+0000] {dagbag.py:538} INFO - Filling up the DagBag from /opt/airflow/dags/simple_xcom.py
[2024-06-01T18:52:45.327+0000] {processor.py:840} INFO - DAG(s) 'simple_xcom_dag' retrieved from /opt/airflow/dags/simple_xcom.py
[2024-06-01T18:52:45.379+0000] {logging_mixin.py:188} INFO - [2024-06-01T18:52:45.379+0000] {dag.py:3036} INFO - Sync 1 DAGs
[2024-06-01T18:52:45.419+0000] {logging_mixin.py:188} INFO - [2024-06-01T18:52:45.418+0000] {dag.py:3823} INFO - Setting next_dagrun for simple_xcom_dag to None, run_after=None
[2024-06-01T18:52:45.483+0000] {processor.py:183} INFO - Processing /opt/airflow/dags/simple_xcom.py took 0.207 seconds
[2024-06-01T18:53:15.783+0000] {processor.py:161} INFO - Started process (PID=17409) to work on /opt/airflow/dags/simple_xcom.py
[2024-06-01T18:53:15.785+0000] {processor.py:830} INFO - Processing file /opt/airflow/dags/simple_xcom.py for tasks to queue
[2024-06-01T18:53:15.787+0000] {logging_mixin.py:188} INFO - [2024-06-01T18:53:15.787+0000] {dagbag.py:538} INFO - Filling up the DagBag from /opt/airflow/dags/simple_xcom.py
[2024-06-01T18:53:15.795+0000] {processor.py:840} INFO - DAG(s) 'simple_xcom_dag' retrieved from /opt/airflow/dags/simple_xcom.py
[2024-06-01T18:53:15.826+0000] {logging_mixin.py:188} INFO - [2024-06-01T18:53:15.825+0000] {dag.py:3036} INFO - Sync 1 DAGs
[2024-06-01T18:53:15.849+0000] {logging_mixin.py:188} INFO - [2024-06-01T18:53:15.849+0000] {dag.py:3823} INFO - Setting next_dagrun for simple_xcom_dag to None, run_after=None
[2024-06-01T18:53:15.881+0000] {processor.py:183} INFO - Processing /opt/airflow/dags/simple_xcom.py took 0.103 seconds
[2024-06-01T18:53:46.334+0000] {processor.py:161} INFO - Started process (PID=17489) to work on /opt/airflow/dags/simple_xcom.py
[2024-06-01T18:53:46.335+0000] {processor.py:830} INFO - Processing file /opt/airflow/dags/simple_xcom.py for tasks to queue
[2024-06-01T18:53:46.337+0000] {logging_mixin.py:188} INFO - [2024-06-01T18:53:46.337+0000] {dagbag.py:538} INFO - Filling up the DagBag from /opt/airflow/dags/simple_xcom.py
[2024-06-01T18:53:46.344+0000] {processor.py:840} INFO - DAG(s) 'simple_xcom_dag' retrieved from /opt/airflow/dags/simple_xcom.py
[2024-06-01T18:53:46.368+0000] {logging_mixin.py:188} INFO - [2024-06-01T18:53:46.368+0000] {dag.py:3036} INFO - Sync 1 DAGs
[2024-06-01T18:53:46.385+0000] {logging_mixin.py:188} INFO - [2024-06-01T18:53:46.385+0000] {dag.py:3823} INFO - Setting next_dagrun for simple_xcom_dag to None, run_after=None
[2024-06-01T18:53:46.418+0000] {processor.py:183} INFO - Processing /opt/airflow/dags/simple_xcom.py took 0.089 seconds
[2024-06-01T18:54:16.756+0000] {processor.py:161} INFO - Started process (PID=17569) to work on /opt/airflow/dags/simple_xcom.py
[2024-06-01T18:54:16.758+0000] {processor.py:830} INFO - Processing file /opt/airflow/dags/simple_xcom.py for tasks to queue
[2024-06-01T18:54:16.760+0000] {logging_mixin.py:188} INFO - [2024-06-01T18:54:16.760+0000] {dagbag.py:538} INFO - Filling up the DagBag from /opt/airflow/dags/simple_xcom.py
[2024-06-01T18:54:16.768+0000] {processor.py:840} INFO - DAG(s) 'simple_xcom_dag' retrieved from /opt/airflow/dags/simple_xcom.py
[2024-06-01T18:54:16.799+0000] {logging_mixin.py:188} INFO - [2024-06-01T18:54:16.798+0000] {dag.py:3036} INFO - Sync 1 DAGs
[2024-06-01T18:54:16.822+0000] {logging_mixin.py:188} INFO - [2024-06-01T18:54:16.822+0000] {dag.py:3823} INFO - Setting next_dagrun for simple_xcom_dag to None, run_after=None
[2024-06-01T18:54:16.860+0000] {processor.py:183} INFO - Processing /opt/airflow/dags/simple_xcom.py took 0.108 seconds
[2024-06-01T18:54:46.979+0000] {processor.py:161} INFO - Started process (PID=17649) to work on /opt/airflow/dags/simple_xcom.py
[2024-06-01T18:54:46.981+0000] {processor.py:830} INFO - Processing file /opt/airflow/dags/simple_xcom.py for tasks to queue
[2024-06-01T18:54:46.983+0000] {logging_mixin.py:188} INFO - [2024-06-01T18:54:46.983+0000] {dagbag.py:538} INFO - Filling up the DagBag from /opt/airflow/dags/simple_xcom.py
[2024-06-01T18:54:46.991+0000] {processor.py:840} INFO - DAG(s) 'simple_xcom_dag' retrieved from /opt/airflow/dags/simple_xcom.py
[2024-06-01T18:54:47.020+0000] {logging_mixin.py:188} INFO - [2024-06-01T18:54:47.020+0000] {dag.py:3036} INFO - Sync 1 DAGs
[2024-06-01T18:54:47.042+0000] {logging_mixin.py:188} INFO - [2024-06-01T18:54:47.042+0000] {dag.py:3823} INFO - Setting next_dagrun for simple_xcom_dag to None, run_after=None
[2024-06-01T18:54:47.074+0000] {processor.py:183} INFO - Processing /opt/airflow/dags/simple_xcom.py took 0.100 seconds
[2024-06-01T18:55:17.236+0000] {processor.py:161} INFO - Started process (PID=17728) to work on /opt/airflow/dags/simple_xcom.py
[2024-06-01T18:55:17.237+0000] {processor.py:830} INFO - Processing file /opt/airflow/dags/simple_xcom.py for tasks to queue
[2024-06-01T18:55:17.240+0000] {logging_mixin.py:188} INFO - [2024-06-01T18:55:17.239+0000] {dagbag.py:538} INFO - Filling up the DagBag from /opt/airflow/dags/simple_xcom.py
[2024-06-01T18:55:17.248+0000] {processor.py:840} INFO - DAG(s) 'simple_xcom_dag' retrieved from /opt/airflow/dags/simple_xcom.py
[2024-06-01T18:55:17.278+0000] {logging_mixin.py:188} INFO - [2024-06-01T18:55:17.278+0000] {dag.py:3036} INFO - Sync 1 DAGs
[2024-06-01T18:55:17.302+0000] {logging_mixin.py:188} INFO - [2024-06-01T18:55:17.302+0000] {dag.py:3823} INFO - Setting next_dagrun for simple_xcom_dag to None, run_after=None
[2024-06-01T18:55:17.334+0000] {processor.py:183} INFO - Processing /opt/airflow/dags/simple_xcom.py took 0.105 seconds
[2024-06-01T18:55:47.810+0000] {processor.py:161} INFO - Started process (PID=17808) to work on /opt/airflow/dags/simple_xcom.py
[2024-06-01T18:55:47.832+0000] {processor.py:830} INFO - Processing file /opt/airflow/dags/simple_xcom.py for tasks to queue
[2024-06-01T18:55:47.838+0000] {logging_mixin.py:188} INFO - [2024-06-01T18:55:47.837+0000] {dagbag.py:538} INFO - Filling up the DagBag from /opt/airflow/dags/simple_xcom.py
[2024-06-01T18:55:47.877+0000] {processor.py:840} INFO - DAG(s) 'simple_xcom_dag' retrieved from /opt/airflow/dags/simple_xcom.py
[2024-06-01T18:55:48.045+0000] {logging_mixin.py:188} INFO - [2024-06-01T18:55:48.044+0000] {dag.py:3036} INFO - Sync 1 DAGs
[2024-06-01T18:55:48.164+0000] {logging_mixin.py:188} INFO - [2024-06-01T18:55:48.164+0000] {dag.py:3823} INFO - Setting next_dagrun for simple_xcom_dag to None, run_after=None
[2024-06-01T18:55:48.345+0000] {processor.py:183} INFO - Processing /opt/airflow/dags/simple_xcom.py took 0.539 seconds
[2024-06-01T18:56:19.245+0000] {processor.py:161} INFO - Started process (PID=17888) to work on /opt/airflow/dags/simple_xcom.py
[2024-06-01T18:56:19.247+0000] {processor.py:830} INFO - Processing file /opt/airflow/dags/simple_xcom.py for tasks to queue
[2024-06-01T18:56:19.249+0000] {logging_mixin.py:188} INFO - [2024-06-01T18:56:19.249+0000] {dagbag.py:538} INFO - Filling up the DagBag from /opt/airflow/dags/simple_xcom.py
[2024-06-01T18:56:19.257+0000] {processor.py:840} INFO - DAG(s) 'simple_xcom_dag' retrieved from /opt/airflow/dags/simple_xcom.py
[2024-06-01T18:56:19.287+0000] {logging_mixin.py:188} INFO - [2024-06-01T18:56:19.287+0000] {dag.py:3036} INFO - Sync 1 DAGs
[2024-06-01T18:56:19.314+0000] {logging_mixin.py:188} INFO - [2024-06-01T18:56:19.314+0000] {dag.py:3823} INFO - Setting next_dagrun for simple_xcom_dag to None, run_after=None
[2024-06-01T18:56:19.347+0000] {processor.py:183} INFO - Processing /opt/airflow/dags/simple_xcom.py took 0.107 seconds
[2024-06-01T18:56:49.705+0000] {processor.py:161} INFO - Started process (PID=17969) to work on /opt/airflow/dags/simple_xcom.py
[2024-06-01T18:56:49.707+0000] {processor.py:830} INFO - Processing file /opt/airflow/dags/simple_xcom.py for tasks to queue
[2024-06-01T18:56:49.710+0000] {logging_mixin.py:188} INFO - [2024-06-01T18:56:49.709+0000] {dagbag.py:538} INFO - Filling up the DagBag from /opt/airflow/dags/simple_xcom.py
[2024-06-01T18:56:49.719+0000] {processor.py:840} INFO - DAG(s) 'simple_xcom_dag' retrieved from /opt/airflow/dags/simple_xcom.py
[2024-06-01T18:56:49.749+0000] {logging_mixin.py:188} INFO - [2024-06-01T18:56:49.749+0000] {dag.py:3036} INFO - Sync 1 DAGs
[2024-06-01T18:56:49.772+0000] {logging_mixin.py:188} INFO - [2024-06-01T18:56:49.772+0000] {dag.py:3823} INFO - Setting next_dagrun for simple_xcom_dag to None, run_after=None
[2024-06-01T18:56:49.803+0000] {processor.py:183} INFO - Processing /opt/airflow/dags/simple_xcom.py took 0.103 seconds
[2024-06-01T18:57:20.116+0000] {processor.py:161} INFO - Started process (PID=18049) to work on /opt/airflow/dags/simple_xcom.py
[2024-06-01T18:57:20.117+0000] {processor.py:830} INFO - Processing file /opt/airflow/dags/simple_xcom.py for tasks to queue
[2024-06-01T18:57:20.120+0000] {logging_mixin.py:188} INFO - [2024-06-01T18:57:20.119+0000] {dagbag.py:538} INFO - Filling up the DagBag from /opt/airflow/dags/simple_xcom.py
[2024-06-01T18:57:20.128+0000] {processor.py:840} INFO - DAG(s) 'simple_xcom_dag' retrieved from /opt/airflow/dags/simple_xcom.py
[2024-06-01T18:57:20.160+0000] {logging_mixin.py:188} INFO - [2024-06-01T18:57:20.159+0000] {dag.py:3036} INFO - Sync 1 DAGs
[2024-06-01T18:57:20.190+0000] {logging_mixin.py:188} INFO - [2024-06-01T18:57:20.190+0000] {dag.py:3823} INFO - Setting next_dagrun for simple_xcom_dag to None, run_after=None
[2024-06-01T18:57:20.221+0000] {processor.py:183} INFO - Processing /opt/airflow/dags/simple_xcom.py took 0.110 seconds
[2024-06-01T18:57:50.754+0000] {processor.py:161} INFO - Started process (PID=18121) to work on /opt/airflow/dags/simple_xcom.py
[2024-06-01T18:57:50.756+0000] {processor.py:830} INFO - Processing file /opt/airflow/dags/simple_xcom.py for tasks to queue
[2024-06-01T18:57:50.758+0000] {logging_mixin.py:188} INFO - [2024-06-01T18:57:50.757+0000] {dagbag.py:538} INFO - Filling up the DagBag from /opt/airflow/dags/simple_xcom.py
[2024-06-01T18:57:50.765+0000] {processor.py:840} INFO - DAG(s) 'simple_xcom_dag' retrieved from /opt/airflow/dags/simple_xcom.py
[2024-06-01T18:57:50.791+0000] {logging_mixin.py:188} INFO - [2024-06-01T18:57:50.791+0000] {dag.py:3036} INFO - Sync 1 DAGs
[2024-06-01T18:57:50.812+0000] {logging_mixin.py:188} INFO - [2024-06-01T18:57:50.812+0000] {dag.py:3823} INFO - Setting next_dagrun for simple_xcom_dag to None, run_after=None
[2024-06-01T18:57:50.843+0000] {processor.py:183} INFO - Processing /opt/airflow/dags/simple_xcom.py took 0.094 seconds
[2024-06-01T18:58:21.700+0000] {processor.py:161} INFO - Started process (PID=18202) to work on /opt/airflow/dags/simple_xcom.py
[2024-06-01T18:58:21.701+0000] {processor.py:830} INFO - Processing file /opt/airflow/dags/simple_xcom.py for tasks to queue
[2024-06-01T18:58:21.703+0000] {logging_mixin.py:188} INFO - [2024-06-01T18:58:21.703+0000] {dagbag.py:538} INFO - Filling up the DagBag from /opt/airflow/dags/simple_xcom.py
[2024-06-01T18:58:21.709+0000] {processor.py:840} INFO - DAG(s) 'simple_xcom_dag' retrieved from /opt/airflow/dags/simple_xcom.py
[2024-06-01T18:58:21.735+0000] {logging_mixin.py:188} INFO - [2024-06-01T18:58:21.735+0000] {dag.py:3036} INFO - Sync 1 DAGs
[2024-06-01T18:58:21.755+0000] {logging_mixin.py:188} INFO - [2024-06-01T18:58:21.755+0000] {dag.py:3823} INFO - Setting next_dagrun for simple_xcom_dag to None, run_after=None
[2024-06-01T18:58:21.783+0000] {processor.py:183} INFO - Processing /opt/airflow/dags/simple_xcom.py took 0.087 seconds
[2024-06-01T18:58:51.961+0000] {processor.py:161} INFO - Started process (PID=18281) to work on /opt/airflow/dags/simple_xcom.py
[2024-06-01T18:58:51.963+0000] {processor.py:830} INFO - Processing file /opt/airflow/dags/simple_xcom.py for tasks to queue
[2024-06-01T18:58:51.965+0000] {logging_mixin.py:188} INFO - [2024-06-01T18:58:51.965+0000] {dagbag.py:538} INFO - Filling up the DagBag from /opt/airflow/dags/simple_xcom.py
[2024-06-01T18:58:51.972+0000] {processor.py:840} INFO - DAG(s) 'simple_xcom_dag' retrieved from /opt/airflow/dags/simple_xcom.py
[2024-06-01T18:58:51.998+0000] {logging_mixin.py:188} INFO - [2024-06-01T18:58:51.997+0000] {dag.py:3036} INFO - Sync 1 DAGs
[2024-06-01T18:58:52.017+0000] {logging_mixin.py:188} INFO - [2024-06-01T18:58:52.017+0000] {dag.py:3823} INFO - Setting next_dagrun for simple_xcom_dag to None, run_after=None
[2024-06-01T18:58:52.060+0000] {processor.py:183} INFO - Processing /opt/airflow/dags/simple_xcom.py took 0.102 seconds
[2024-06-01T18:59:22.205+0000] {processor.py:161} INFO - Started process (PID=18362) to work on /opt/airflow/dags/simple_xcom.py
[2024-06-01T18:59:22.206+0000] {processor.py:830} INFO - Processing file /opt/airflow/dags/simple_xcom.py for tasks to queue
[2024-06-01T18:59:22.208+0000] {logging_mixin.py:188} INFO - [2024-06-01T18:59:22.208+0000] {dagbag.py:538} INFO - Filling up the DagBag from /opt/airflow/dags/simple_xcom.py
[2024-06-01T18:59:22.216+0000] {processor.py:840} INFO - DAG(s) 'simple_xcom_dag' retrieved from /opt/airflow/dags/simple_xcom.py
[2024-06-01T18:59:22.253+0000] {logging_mixin.py:188} INFO - [2024-06-01T18:59:22.253+0000] {dag.py:3036} INFO - Sync 1 DAGs
[2024-06-01T18:59:22.278+0000] {logging_mixin.py:188} INFO - [2024-06-01T18:59:22.277+0000] {dag.py:3823} INFO - Setting next_dagrun for simple_xcom_dag to None, run_after=None
[2024-06-01T18:59:22.317+0000] {processor.py:183} INFO - Processing /opt/airflow/dags/simple_xcom.py took 0.116 seconds
[2024-06-01T18:59:52.428+0000] {processor.py:161} INFO - Started process (PID=18443) to work on /opt/airflow/dags/simple_xcom.py
[2024-06-01T18:59:52.429+0000] {processor.py:830} INFO - Processing file /opt/airflow/dags/simple_xcom.py for tasks to queue
[2024-06-01T18:59:52.432+0000] {logging_mixin.py:188} INFO - [2024-06-01T18:59:52.432+0000] {dagbag.py:538} INFO - Filling up the DagBag from /opt/airflow/dags/simple_xcom.py
[2024-06-01T18:59:52.440+0000] {processor.py:840} INFO - DAG(s) 'simple_xcom_dag' retrieved from /opt/airflow/dags/simple_xcom.py
[2024-06-01T18:59:52.470+0000] {logging_mixin.py:188} INFO - [2024-06-01T18:59:52.470+0000] {dag.py:3036} INFO - Sync 1 DAGs
[2024-06-01T18:59:52.499+0000] {logging_mixin.py:188} INFO - [2024-06-01T18:59:52.499+0000] {dag.py:3823} INFO - Setting next_dagrun for simple_xcom_dag to None, run_after=None
[2024-06-01T18:59:52.529+0000] {processor.py:183} INFO - Processing /opt/airflow/dags/simple_xcom.py took 0.106 seconds
[2024-06-01T19:00:22.658+0000] {processor.py:161} INFO - Started process (PID=18522) to work on /opt/airflow/dags/simple_xcom.py
[2024-06-01T19:00:22.663+0000] {processor.py:830} INFO - Processing file /opt/airflow/dags/simple_xcom.py for tasks to queue
[2024-06-01T19:00:22.666+0000] {logging_mixin.py:188} INFO - [2024-06-01T19:00:22.665+0000] {dagbag.py:538} INFO - Filling up the DagBag from /opt/airflow/dags/simple_xcom.py
[2024-06-01T19:00:22.678+0000] {processor.py:840} INFO - DAG(s) 'simple_xcom_dag' retrieved from /opt/airflow/dags/simple_xcom.py
[2024-06-01T19:00:22.723+0000] {logging_mixin.py:188} INFO - [2024-06-01T19:00:22.723+0000] {dag.py:3036} INFO - Sync 1 DAGs
[2024-06-01T19:00:22.748+0000] {logging_mixin.py:188} INFO - [2024-06-01T19:00:22.748+0000] {dag.py:3823} INFO - Setting next_dagrun for simple_xcom_dag to None, run_after=None
[2024-06-01T19:00:22.816+0000] {processor.py:183} INFO - Processing /opt/airflow/dags/simple_xcom.py took 0.175 seconds
[2024-06-01T19:00:52.968+0000] {processor.py:161} INFO - Started process (PID=18600) to work on /opt/airflow/dags/simple_xcom.py
[2024-06-01T19:00:52.969+0000] {processor.py:830} INFO - Processing file /opt/airflow/dags/simple_xcom.py for tasks to queue
[2024-06-01T19:00:52.972+0000] {logging_mixin.py:188} INFO - [2024-06-01T19:00:52.972+0000] {dagbag.py:538} INFO - Filling up the DagBag from /opt/airflow/dags/simple_xcom.py
[2024-06-01T19:00:52.980+0000] {processor.py:840} INFO - DAG(s) 'simple_xcom_dag' retrieved from /opt/airflow/dags/simple_xcom.py
[2024-06-01T19:00:53.009+0000] {logging_mixin.py:188} INFO - [2024-06-01T19:00:53.008+0000] {dag.py:3036} INFO - Sync 1 DAGs
[2024-06-01T19:00:53.027+0000] {logging_mixin.py:188} INFO - [2024-06-01T19:00:53.026+0000] {dag.py:3823} INFO - Setting next_dagrun for simple_xcom_dag to None, run_after=None
[2024-06-01T19:00:53.052+0000] {processor.py:183} INFO - Processing /opt/airflow/dags/simple_xcom.py took 0.089 seconds
[2024-06-01T19:01:23.342+0000] {processor.py:161} INFO - Started process (PID=18679) to work on /opt/airflow/dags/simple_xcom.py
[2024-06-01T19:01:23.343+0000] {processor.py:830} INFO - Processing file /opt/airflow/dags/simple_xcom.py for tasks to queue
[2024-06-01T19:01:23.345+0000] {logging_mixin.py:188} INFO - [2024-06-01T19:01:23.345+0000] {dagbag.py:538} INFO - Filling up the DagBag from /opt/airflow/dags/simple_xcom.py
[2024-06-01T19:01:23.354+0000] {processor.py:840} INFO - DAG(s) 'simple_xcom_dag' retrieved from /opt/airflow/dags/simple_xcom.py
[2024-06-01T19:01:23.385+0000] {logging_mixin.py:188} INFO - [2024-06-01T19:01:23.385+0000] {dag.py:3036} INFO - Sync 1 DAGs
[2024-06-01T19:01:23.410+0000] {logging_mixin.py:188} INFO - [2024-06-01T19:01:23.410+0000] {dag.py:3823} INFO - Setting next_dagrun for simple_xcom_dag to None, run_after=None
[2024-06-01T19:01:23.446+0000] {processor.py:183} INFO - Processing /opt/airflow/dags/simple_xcom.py took 0.109 seconds
[2024-06-01T19:01:53.706+0000] {processor.py:161} INFO - Started process (PID=18758) to work on /opt/airflow/dags/simple_xcom.py
[2024-06-01T19:01:53.710+0000] {processor.py:830} INFO - Processing file /opt/airflow/dags/simple_xcom.py for tasks to queue
[2024-06-01T19:01:53.713+0000] {logging_mixin.py:188} INFO - [2024-06-01T19:01:53.712+0000] {dagbag.py:538} INFO - Filling up the DagBag from /opt/airflow/dags/simple_xcom.py
[2024-06-01T19:01:53.729+0000] {processor.py:840} INFO - DAG(s) 'simple_xcom_dag' retrieved from /opt/airflow/dags/simple_xcom.py
[2024-06-01T19:01:53.773+0000] {logging_mixin.py:188} INFO - [2024-06-01T19:01:53.772+0000] {dag.py:3036} INFO - Sync 1 DAGs
[2024-06-01T19:01:53.798+0000] {logging_mixin.py:188} INFO - [2024-06-01T19:01:53.798+0000] {dag.py:3823} INFO - Setting next_dagrun for simple_xcom_dag to None, run_after=None
[2024-06-01T19:01:53.843+0000] {processor.py:183} INFO - Processing /opt/airflow/dags/simple_xcom.py took 0.148 seconds
[2024-06-01T19:02:24.068+0000] {processor.py:161} INFO - Started process (PID=18834) to work on /opt/airflow/dags/simple_xcom.py
[2024-06-01T19:02:24.069+0000] {processor.py:830} INFO - Processing file /opt/airflow/dags/simple_xcom.py for tasks to queue
[2024-06-01T19:02:24.075+0000] {logging_mixin.py:188} INFO - [2024-06-01T19:02:24.071+0000] {dagbag.py:538} INFO - Filling up the DagBag from /opt/airflow/dags/simple_xcom.py
[2024-06-01T19:02:24.086+0000] {processor.py:840} INFO - DAG(s) 'simple_xcom_dag' retrieved from /opt/airflow/dags/simple_xcom.py
[2024-06-01T19:02:24.141+0000] {logging_mixin.py:188} INFO - [2024-06-01T19:02:24.141+0000] {dag.py:3036} INFO - Sync 1 DAGs
[2024-06-01T19:02:24.190+0000] {logging_mixin.py:188} INFO - [2024-06-01T19:02:24.190+0000] {dag.py:3823} INFO - Setting next_dagrun for simple_xcom_dag to None, run_after=None
[2024-06-01T19:02:24.255+0000] {processor.py:183} INFO - Processing /opt/airflow/dags/simple_xcom.py took 0.196 seconds
[2024-06-01T19:02:54.943+0000] {processor.py:161} INFO - Started process (PID=18914) to work on /opt/airflow/dags/simple_xcom.py
[2024-06-01T19:02:54.947+0000] {processor.py:830} INFO - Processing file /opt/airflow/dags/simple_xcom.py for tasks to queue
[2024-06-01T19:02:54.951+0000] {logging_mixin.py:188} INFO - [2024-06-01T19:02:54.950+0000] {dagbag.py:538} INFO - Filling up the DagBag from /opt/airflow/dags/simple_xcom.py
[2024-06-01T19:02:54.987+0000] {processor.py:840} INFO - DAG(s) 'simple_xcom_dag' retrieved from /opt/airflow/dags/simple_xcom.py
[2024-06-01T19:02:55.065+0000] {logging_mixin.py:188} INFO - [2024-06-01T19:02:55.065+0000] {dag.py:3036} INFO - Sync 1 DAGs
[2024-06-01T19:02:55.110+0000] {logging_mixin.py:188} INFO - [2024-06-01T19:02:55.110+0000] {dag.py:3823} INFO - Setting next_dagrun for simple_xcom_dag to None, run_after=None
[2024-06-01T19:02:55.175+0000] {processor.py:183} INFO - Processing /opt/airflow/dags/simple_xcom.py took 0.240 seconds
[2024-06-01T19:03:25.222+0000] {processor.py:161} INFO - Started process (PID=18994) to work on /opt/airflow/dags/simple_xcom.py
[2024-06-01T19:03:25.223+0000] {processor.py:830} INFO - Processing file /opt/airflow/dags/simple_xcom.py for tasks to queue
[2024-06-01T19:03:25.226+0000] {logging_mixin.py:188} INFO - [2024-06-01T19:03:25.225+0000] {dagbag.py:538} INFO - Filling up the DagBag from /opt/airflow/dags/simple_xcom.py
[2024-06-01T19:03:25.235+0000] {processor.py:840} INFO - DAG(s) 'simple_xcom_dag' retrieved from /opt/airflow/dags/simple_xcom.py
[2024-06-01T19:03:25.266+0000] {logging_mixin.py:188} INFO - [2024-06-01T19:03:25.266+0000] {dag.py:3036} INFO - Sync 1 DAGs
[2024-06-01T19:03:25.291+0000] {logging_mixin.py:188} INFO - [2024-06-01T19:03:25.290+0000] {dag.py:3823} INFO - Setting next_dagrun for simple_xcom_dag to None, run_after=None
[2024-06-01T19:03:25.322+0000] {processor.py:183} INFO - Processing /opt/airflow/dags/simple_xcom.py took 0.105 seconds
[2024-06-01T19:03:55.469+0000] {processor.py:161} INFO - Started process (PID=19074) to work on /opt/airflow/dags/simple_xcom.py
[2024-06-01T19:03:55.471+0000] {processor.py:830} INFO - Processing file /opt/airflow/dags/simple_xcom.py for tasks to queue
[2024-06-01T19:03:55.473+0000] {logging_mixin.py:188} INFO - [2024-06-01T19:03:55.472+0000] {dagbag.py:538} INFO - Filling up the DagBag from /opt/airflow/dags/simple_xcom.py
[2024-06-01T19:03:55.479+0000] {processor.py:840} INFO - DAG(s) 'simple_xcom_dag' retrieved from /opt/airflow/dags/simple_xcom.py
[2024-06-01T19:03:55.504+0000] {logging_mixin.py:188} INFO - [2024-06-01T19:03:55.504+0000] {dag.py:3036} INFO - Sync 1 DAGs
[2024-06-01T19:03:55.521+0000] {logging_mixin.py:188} INFO - [2024-06-01T19:03:55.521+0000] {dag.py:3823} INFO - Setting next_dagrun for simple_xcom_dag to None, run_after=None
[2024-06-01T19:03:55.549+0000] {processor.py:183} INFO - Processing /opt/airflow/dags/simple_xcom.py took 0.083 seconds
[2024-06-01T19:04:26.265+0000] {processor.py:161} INFO - Started process (PID=19153) to work on /opt/airflow/dags/simple_xcom.py
[2024-06-01T19:04:26.267+0000] {processor.py:830} INFO - Processing file /opt/airflow/dags/simple_xcom.py for tasks to queue
[2024-06-01T19:04:26.270+0000] {logging_mixin.py:188} INFO - [2024-06-01T19:04:26.269+0000] {dagbag.py:538} INFO - Filling up the DagBag from /opt/airflow/dags/simple_xcom.py
[2024-06-01T19:04:26.277+0000] {processor.py:840} INFO - DAG(s) 'simple_xcom_dag' retrieved from /opt/airflow/dags/simple_xcom.py
[2024-06-01T19:04:26.306+0000] {logging_mixin.py:188} INFO - [2024-06-01T19:04:26.305+0000] {dag.py:3036} INFO - Sync 1 DAGs
[2024-06-01T19:04:26.325+0000] {logging_mixin.py:188} INFO - [2024-06-01T19:04:26.324+0000] {dag.py:3823} INFO - Setting next_dagrun for simple_xcom_dag to None, run_after=None
[2024-06-01T19:04:26.352+0000] {processor.py:183} INFO - Processing /opt/airflow/dags/simple_xcom.py took 0.091 seconds
[2024-06-01T19:04:56.862+0000] {processor.py:161} INFO - Started process (PID=19233) to work on /opt/airflow/dags/simple_xcom.py
[2024-06-01T19:04:56.864+0000] {processor.py:830} INFO - Processing file /opt/airflow/dags/simple_xcom.py for tasks to queue
[2024-06-01T19:04:56.866+0000] {logging_mixin.py:188} INFO - [2024-06-01T19:04:56.865+0000] {dagbag.py:538} INFO - Filling up the DagBag from /opt/airflow/dags/simple_xcom.py
[2024-06-01T19:04:56.872+0000] {processor.py:840} INFO - DAG(s) 'simple_xcom_dag' retrieved from /opt/airflow/dags/simple_xcom.py
[2024-06-01T19:04:56.897+0000] {logging_mixin.py:188} INFO - [2024-06-01T19:04:56.897+0000] {dag.py:3036} INFO - Sync 1 DAGs
[2024-06-01T19:04:56.916+0000] {logging_mixin.py:188} INFO - [2024-06-01T19:04:56.916+0000] {dag.py:3823} INFO - Setting next_dagrun for simple_xcom_dag to None, run_after=None
[2024-06-01T19:04:56.942+0000] {processor.py:183} INFO - Processing /opt/airflow/dags/simple_xcom.py took 0.084 seconds
[2024-06-01T19:05:27.741+0000] {processor.py:161} INFO - Started process (PID=19312) to work on /opt/airflow/dags/simple_xcom.py
[2024-06-01T19:05:27.743+0000] {processor.py:830} INFO - Processing file /opt/airflow/dags/simple_xcom.py for tasks to queue
[2024-06-01T19:05:27.745+0000] {logging_mixin.py:188} INFO - [2024-06-01T19:05:27.745+0000] {dagbag.py:538} INFO - Filling up the DagBag from /opt/airflow/dags/simple_xcom.py
[2024-06-01T19:05:27.751+0000] {processor.py:840} INFO - DAG(s) 'simple_xcom_dag' retrieved from /opt/airflow/dags/simple_xcom.py
[2024-06-01T19:05:27.778+0000] {logging_mixin.py:188} INFO - [2024-06-01T19:05:27.777+0000] {dag.py:3036} INFO - Sync 1 DAGs
[2024-06-01T19:05:27.796+0000] {logging_mixin.py:188} INFO - [2024-06-01T19:05:27.796+0000] {dag.py:3823} INFO - Setting next_dagrun for simple_xcom_dag to None, run_after=None
[2024-06-01T19:05:27.825+0000] {processor.py:183} INFO - Processing /opt/airflow/dags/simple_xcom.py took 0.087 seconds
[2024-06-01T19:05:58.224+0000] {processor.py:161} INFO - Started process (PID=19392) to work on /opt/airflow/dags/simple_xcom.py
[2024-06-01T19:05:58.225+0000] {processor.py:830} INFO - Processing file /opt/airflow/dags/simple_xcom.py for tasks to queue
[2024-06-01T19:05:58.228+0000] {logging_mixin.py:188} INFO - [2024-06-01T19:05:58.227+0000] {dagbag.py:538} INFO - Filling up the DagBag from /opt/airflow/dags/simple_xcom.py
[2024-06-01T19:05:58.236+0000] {processor.py:840} INFO - DAG(s) 'simple_xcom_dag' retrieved from /opt/airflow/dags/simple_xcom.py
[2024-06-01T19:05:58.265+0000] {logging_mixin.py:188} INFO - [2024-06-01T19:05:58.265+0000] {dag.py:3036} INFO - Sync 1 DAGs
[2024-06-01T19:05:58.289+0000] {logging_mixin.py:188} INFO - [2024-06-01T19:05:58.288+0000] {dag.py:3823} INFO - Setting next_dagrun for simple_xcom_dag to None, run_after=None
[2024-06-01T19:05:58.321+0000] {processor.py:183} INFO - Processing /opt/airflow/dags/simple_xcom.py took 0.104 seconds
[2024-06-01T19:06:28.538+0000] {processor.py:161} INFO - Started process (PID=19472) to work on /opt/airflow/dags/simple_xcom.py
[2024-06-01T19:06:28.539+0000] {processor.py:830} INFO - Processing file /opt/airflow/dags/simple_xcom.py for tasks to queue
[2024-06-01T19:06:28.541+0000] {logging_mixin.py:188} INFO - [2024-06-01T19:06:28.541+0000] {dagbag.py:538} INFO - Filling up the DagBag from /opt/airflow/dags/simple_xcom.py
[2024-06-01T19:06:28.549+0000] {processor.py:840} INFO - DAG(s) 'simple_xcom_dag' retrieved from /opt/airflow/dags/simple_xcom.py
[2024-06-01T19:06:28.578+0000] {logging_mixin.py:188} INFO - [2024-06-01T19:06:28.577+0000] {dag.py:3036} INFO - Sync 1 DAGs
[2024-06-01T19:06:28.599+0000] {logging_mixin.py:188} INFO - [2024-06-01T19:06:28.599+0000] {dag.py:3823} INFO - Setting next_dagrun for simple_xcom_dag to None, run_after=None
[2024-06-01T19:06:28.627+0000] {processor.py:183} INFO - Processing /opt/airflow/dags/simple_xcom.py took 0.094 seconds
[2024-06-01T19:06:59.134+0000] {processor.py:161} INFO - Started process (PID=19552) to work on /opt/airflow/dags/simple_xcom.py
[2024-06-01T19:06:59.136+0000] {processor.py:830} INFO - Processing file /opt/airflow/dags/simple_xcom.py for tasks to queue
[2024-06-01T19:06:59.138+0000] {logging_mixin.py:188} INFO - [2024-06-01T19:06:59.138+0000] {dagbag.py:538} INFO - Filling up the DagBag from /opt/airflow/dags/simple_xcom.py
[2024-06-01T19:06:59.146+0000] {processor.py:840} INFO - DAG(s) 'simple_xcom_dag' retrieved from /opt/airflow/dags/simple_xcom.py
[2024-06-01T19:06:59.176+0000] {logging_mixin.py:188} INFO - [2024-06-01T19:06:59.175+0000] {dag.py:3036} INFO - Sync 1 DAGs
[2024-06-01T19:06:59.199+0000] {logging_mixin.py:188} INFO - [2024-06-01T19:06:59.198+0000] {dag.py:3823} INFO - Setting next_dagrun for simple_xcom_dag to None, run_after=None
[2024-06-01T19:06:59.230+0000] {processor.py:183} INFO - Processing /opt/airflow/dags/simple_xcom.py took 0.101 seconds
