[2024-06-02T15:50:29.034+0000] {taskinstance.py:1956} INFO - Dependencies all met for dep_context=non-requeueable deps ti=<TaskInstance: sensor_dag.print_file_content manual__2024-06-02T15:50:25.274695+00:00 [queued]>
[2024-06-02T15:50:29.052+0000] {taskinstance.py:1956} INFO - Dependencies all met for dep_context=requeueable deps ti=<TaskInstance: sensor_dag.print_file_content manual__2024-06-02T15:50:25.274695+00:00 [queued]>
[2024-06-02T15:50:29.052+0000] {taskinstance.py:2170} INFO - Starting attempt 1 of 1
[2024-06-02T15:50:29.079+0000] {taskinstance.py:2191} INFO - Executing <Task(BashOperator): print_file_content> on 2024-06-02 15:50:25.274695+00:00
[2024-06-02T15:50:29.087+0000] {standard_task_runner.py:60} INFO - Started process 1341 to run task
[2024-06-02T15:50:29.095+0000] {standard_task_runner.py:87} INFO - Running: ['***', 'tasks', 'run', 'sensor_dag', 'print_file_content', 'manual__2024-06-02T15:50:25.274695+00:00', '--job-id', '298', '--raw', '--subdir', 'DAGS_FOLDER/FileSensor_dag.py', '--cfg-path', '/tmp/tmp03h9jl87']
[2024-06-02T15:50:29.098+0000] {standard_task_runner.py:88} INFO - Job 298: Subtask print_file_content
[2024-06-02T15:50:29.121+0000] {warnings.py:109} WARNING - /home/***/.local/lib/python3.8/site-packages/***/settings.py:194: DeprecationWarning: The sql_alchemy_conn option in [core] has been moved to the sql_alchemy_conn option in [database] - the old setting has been used, but please update your config.
  SQL_ALCHEMY_CONN = conf.get("database", "SQL_ALCHEMY_CONN")

[2024-06-02T15:50:29.241+0000] {task_command.py:423} INFO - Running <TaskInstance: sensor_dag.print_file_content manual__2024-06-02T15:50:25.274695+00:00 [running]> on host ac6c883b25f7
[2024-06-02T15:50:29.441+0000] {taskinstance.py:2480} INFO - Exporting env vars: AIRFLOW_CTX_DAG_OWNER='***' AIRFLOW_CTX_DAG_ID='sensor_dag' AIRFLOW_CTX_TASK_ID='print_file_content' AIRFLOW_CTX_EXECUTION_DATE='2024-06-02T15:50:25.274695+00:00' AIRFLOW_CTX_TRY_NUMBER='1' AIRFLOW_CTX_DAG_RUN_ID='manual__2024-06-02T15:50:25.274695+00:00'
[2024-06-02T15:50:29.447+0000] {subprocess.py:63} INFO - Tmp dir root location: /tmp
[2024-06-02T15:50:29.450+0000] {subprocess.py:75} INFO - Running command: ['/usr/bin/bash', '-c', 'cat /tmp/my_file.txt']
[2024-06-02T15:50:29.470+0000] {subprocess.py:86} INFO - Output:
[2024-06-02T15:50:29.478+0000] {subprocess.py:93} INFO - cat: /tmp/my_file.txt: No such file or directory
[2024-06-02T15:50:29.479+0000] {subprocess.py:97} INFO - Command exited with return code 1
[2024-06-02T15:50:29.495+0000] {taskinstance.py:2698} ERROR - Task failed with exception
Traceback (most recent call last):
  File "/home/airflow/.local/lib/python3.8/site-packages/airflow/models/taskinstance.py", line 433, in _execute_task
    result = execute_callable(context=context, **execute_callable_kwargs)
  File "/home/airflow/.local/lib/python3.8/site-packages/airflow/operators/bash.py", line 212, in execute
    raise AirflowException(
airflow.exceptions.AirflowException: Bash command failed. The command returned a non-zero exit code 1.
[2024-06-02T15:50:29.501+0000] {taskinstance.py:1138} INFO - Marking task as FAILED. dag_id=sensor_dag, task_id=print_file_content, execution_date=20240602T155025, start_date=20240602T155029, end_date=20240602T155029
[2024-06-02T15:50:29.525+0000] {standard_task_runner.py:107} ERROR - Failed to execute job 298 for task print_file_content (Bash command failed. The command returned a non-zero exit code 1.; 1341)
[2024-06-02T15:50:29.566+0000] {local_task_job_runner.py:234} INFO - Task exited with return code 1
[2024-06-02T15:50:29.606+0000] {taskinstance.py:3280} INFO - 0 downstream tasks scheduled from follow-on schedule check
